                  :-) GROMACS - gmx mdrun, 2020.6-MODIFIED (-:

                            GROMACS is written by:
     Emile Apol      Rossen Apostolov      Paul Bauer     Herman J.C. Berendsen
    Par Bjelkmar      Christian Blau   Viacheslav Bolnykh     Kevin Boyd    
 Aldert van Buuren   Rudi van Drunen     Anton Feenstra       Alan Gray     
  Gerrit Groenhof     Anca Hamuraru    Vincent Hindriksen  M. Eric Irrgang  
  Aleksei Iupinov   Christoph Junghans     Joe Jordan     Dimitrios Karkoulis
    Peter Kasson        Jiri Kraus      Carsten Kutzner      Per Larsson    
  Justin A. Lemkul    Viveca Lindahl    Magnus Lundborg     Erik Marklund   
    Pascal Merz     Pieter Meulenhoff    Teemu Murtola       Szilard Pall   
    Sander Pronk      Roland Schulz      Michael Shirts    Alexey Shvetsov  
   Alfons Sijbers     Peter Tieleman      Jon Vincent      Teemu Virolainen 
 Christian Wennberg    Maarten Wolf      Artem Zhmurov   
                           and the project leaders:
        Mark Abraham, Berk Hess, Erik Lindahl, and David van der Spoel

Copyright (c) 1991-2000, University of Groningen, The Netherlands.
Copyright (c) 2001-2019, The GROMACS development team at
Uppsala University, Stockholm University and
the Royal Institute of Technology, Sweden.
check out http://www.gromacs.org for more information.

GROMACS is free software; you can redistribute it and/or modify it
under the terms of the GNU Lesser General Public License
as published by the Free Software Foundation; either version 2.1
of the License, or (at your option) any later version.

GROMACS:      gmx mdrun, version 2020.6-MODIFIED
Executable:   D:\SotfWare\MD\GROMACS\gmx2020.6_GPU\bin\gmx.exe
Data prefix:  D:\SotfWare\MD\GROMACS\gmx2020.6_GPU
Working dir:  D:\1Store\MD\1.hen-egg-white-lysozyme\5.equi\1.nvt
Process ID:   47420
Command line:
  gmx mdrun -deffnm nvt

GROMACS version:    2020.6-MODIFIED
This program has been built from source code that has been altered and does not match the code released as part of the official GROMACS version 2020.6-MODIFIED. If you did not intend to use an altered GROMACS version, make sure to download an intact source distribution and compile that before proceeding.
If you have modified the source code, you are strongly encouraged to set your custom version suffix (using -DGMX_VERSION_STRING_OF_FORK) which will can help later with scientific reproducibility but also when reporting bugs.
Release checksum: 2f568d8884e039acbc6b68722432516e0628be00c847969b7c905c8b53ef826f
Computed checksum: 8d63a67cf4b6b6870aa0765648066d1044255101ccc4e9bf59490d41bf23c877
Precision:          single
Memory model:       64 bit
MPI library:        thread_mpi
OpenMP support:     enabled (GMX_OPENMP_MAX_THREADS = 64)
GPU support:        CUDA
SIMD instructions:  AVX2_256
FFT library:        fftw3
RDTSCP usage:       enabled
TNG support:        enabled
Hwloc support:      disabled
Tracing support:    disabled
C compiler:         C:/Program Files (x86)/Microsoft Visual Studio/2019/Community/VC/Tools/MSVC/14.28.29910/bin/Hostx64/x64/cl.exe MSVC 19.28.29913.0
C compiler flags:   /arch:AVX2 /MD /O2 /Ob2 /DNDEBUG
C++ compiler:       C:/Program Files (x86)/Microsoft Visual Studio/2019/Community/VC/Tools/MSVC/14.28.29910/bin/Hostx64/x64/cl.exe MSVC 19.28.29913.0
C++ compiler flags: /arch:AVX2 /wd4800 /wd4355 /wd4996 /wd4305 /wd4244 /wd4101 /wd4267 /wd4090 /wd4068 /analyze /analyze:stacksize 70000 /wd6001 /wd6011 /wd6053 /wd6054 /wd6385 /wd6386 /wd6387 /wd28199 /wd6239 /wd6240 /wd6294 /wd6326 /wd28020 /wd6330 /wd6993 /wd6031 /wd6244 /wd6246 -openmp /MD /O2 /Ob2 /DNDEBUG
CUDA compiler:      D:/tools/CUDA_toolkit/bin/nvcc.exe nvcc: NVIDIA (R) Cuda compiler driver;Copyright (c) 2005-2021 NVIDIA Corporation;Built on Wed_Jun__2_19:25:35_Pacific_Daylight_Time_2021;Cuda compilation tools, release 11.4, V11.4.48;Build cuda_11.4.r11.4/compiler.30033411_0
CUDA compiler flags:-gencode;arch=compute_35,code=sm_35;-gencode;arch=compute_37,code=sm_37;-gencode;arch=compute_50,code=sm_50;-gencode;arch=compute_52,code=sm_52;-gencode;arch=compute_60,code=sm_60;-gencode;arch=compute_61,code=sm_61;-gencode;arch=compute_70,code=sm_70;-Wno-deprecated-gpu-targets;-gencode;arch=compute_35,code=compute_35;-gencode;arch=compute_50,code=compute_50;-gencode;arch=compute_52,code=compute_52;-gencode;arch=compute_60,code=compute_60;-gencode;arch=compute_61,code=compute_61;-gencode;arch=compute_70,code=compute_70;-gencode;arch=compute_75,code=compute_75;-gencode;arch=compute_80,code=compute_80;-use_fast_math;;/arch:AVX2 /wd4800 /wd4355 /wd4996 /wd4305 /wd4244 /wd4101 /wd4267 /wd4090 /wd4068 /analyze /analyze:stacksize 70000 /wd6001 /wd6011 /wd6053 /wd6054 /wd6385 /wd6386 /wd6387 /wd28199 /wd6239 /wd6240 /wd6294 /wd6326 /wd28020 /wd6330 /wd6993 /wd6031 /wd6244 /wd6246 -openmp /MD /O2 /Ob2 /DNDEBUG
CUDA driver:        11.60
CUDA runtime:       11.40


Running on 1 node with total 4 cores, 8 logical cores, 1 compatible GPU
Hardware detected:
  CPU info:
    Vendor: Intel
    Brand:  Intel(R) Core(TM) i7-10510U CPU @ 1.80GHz
    Family: 6   Model: 142   Stepping: 12
    Features: aes apic avx avx2 clfsh cmov cx8 cx16 f16c fma htt intel lahf mmx msr nonstop_tsc pcid pclmuldq pdcm pdpe1gb popcnt pse rdrnd rdtscp sse2 sse3 sse4.1 sse4.2 ssse3 tdt x2apic
  Hardware topology: Basic
    Sockets, cores, and logical processors:
      Socket  0: [   0   1] [   2   3] [   4   5] [   6   7]
  GPU info:
    Number of GPUs detected: 1
    #0: NVIDIA NVIDIA GeForce MX250, compute cap.: 6.1, ECC:  no, stat: compatible


++++ PLEASE READ AND CITE THE FOLLOWING REFERENCE ++++
M. J. Abraham, T. Murtola, R. Schulz, S. Páll, J. C. Smith, B. Hess, E.
Lindahl
GROMACS: High performance molecular simulations through multi-level
parallelism from laptops to supercomputers
SoftwareX 1 (2015) pp. 19-25
-------- -------- --- Thank You --- -------- --------


++++ PLEASE READ AND CITE THE FOLLOWING REFERENCE ++++
S. Páll, M. J. Abraham, C. Kutzner, B. Hess, E. Lindahl
Tackling Exascale Software Challenges in Molecular Dynamics Simulations with
GROMACS
In S. Markidis & E. Laure (Eds.), Solving Software Challenges for Exascale 8759 (2015) pp. 3-27
-------- -------- --- Thank You --- -------- --------


++++ PLEASE READ AND CITE THE FOLLOWING REFERENCE ++++
S. Pronk, S. Páll, R. Schulz, P. Larsson, P. Bjelkmar, R. Apostolov, M. R.
Shirts, J. C. Smith, P. M. Kasson, D. van der Spoel, B. Hess, and E. Lindahl
GROMACS 4.5: a high-throughput and highly parallel open source molecular
simulation toolkit
Bioinformatics 29 (2013) pp. 845-54
-------- -------- --- Thank You --- -------- --------


++++ PLEASE READ AND CITE THE FOLLOWING REFERENCE ++++
B. Hess and C. Kutzner and D. van der Spoel and E. Lindahl
GROMACS 4: Algorithms for highly efficient, load-balanced, and scalable
molecular simulation
J. Chem. Theory Comput. 4 (2008) pp. 435-447
-------- -------- --- Thank You --- -------- --------


++++ PLEASE READ AND CITE THE FOLLOWING REFERENCE ++++
D. van der Spoel, E. Lindahl, B. Hess, G. Groenhof, A. E. Mark and H. J. C.
Berendsen
GROMACS: Fast, Flexible and Free
J. Comp. Chem. 26 (2005) pp. 1701-1719
-------- -------- --- Thank You --- -------- --------


++++ PLEASE READ AND CITE THE FOLLOWING REFERENCE ++++
E. Lindahl and B. Hess and D. van der Spoel
GROMACS 3.0: A package for molecular simulation and trajectory analysis
J. Mol. Mod. 7 (2001) pp. 306-317
-------- -------- --- Thank You --- -------- --------


++++ PLEASE READ AND CITE THE FOLLOWING REFERENCE ++++
H. J. C. Berendsen, D. van der Spoel and R. van Drunen
GROMACS: A message-passing parallel molecular dynamics implementation
Comp. Phys. Comm. 91 (1995) pp. 43-56
-------- -------- --- Thank You --- -------- --------


++++ PLEASE CITE THE DOI FOR THIS VERSION OF GROMACS ++++
https://doi.org/10.5281/zenodo.4576055
-------- -------- --- Thank You --- -------- --------

Input Parameters:
   integrator                     = md
   tinit                          = 0
   dt                             = 0.002
   nsteps                         = 50000
   init-step                      = 0
   simulation-part                = 1
   comm-mode                      = Linear
   nstcomm                        = 100
   bd-fric                        = 0
   ld-seed                        = 2117533434
   emtol                          = 10
   emstep                         = 0.01
   niter                          = 20
   fcstep                         = 0
   nstcgsteep                     = 1000
   nbfgscorr                      = 10
   rtpi                           = 0.05
   nstxout                        = 500
   nstvout                        = 500
   nstfout                        = 0
   nstlog                         = 500
   nstcalcenergy                  = 100
   nstenergy                      = 500
   nstxout-compressed             = 0
   compressed-x-precision         = 1000
   cutoff-scheme                  = Verlet
   nstlist                        = 10
   pbc                            = xyz
   periodic-molecules             = false
   verlet-buffer-tolerance        = 0.005
   rlist                          = 1
   coulombtype                    = PME
   coulomb-modifier               = Potential-shift
   rcoulomb-switch                = 0
   rcoulomb                       = 1
   epsilon-r                      = 1
   epsilon-rf                     = inf
   vdw-type                       = Cut-off
   vdw-modifier                   = Potential-shift
   rvdw-switch                    = 0
   rvdw                           = 1
   DispCorr                       = EnerPres
   table-extension                = 1
   fourierspacing                 = 0.16
   fourier-nx                     = 44
   fourier-ny                     = 44
   fourier-nz                     = 44
   pme-order                      = 4
   ewald-rtol                     = 1e-05
   ewald-rtol-lj                  = 0.001
   lj-pme-comb-rule               = Geometric
   ewald-geometry                 = 0
   epsilon-surface                = 0
   tcoupl                         = V-rescale
   nsttcouple                     = 10
   nh-chain-length                = 0
   print-nose-hoover-chain-variables = false
   pcoupl                         = No
   pcoupltype                     = Isotropic
   nstpcouple                     = -1
   tau-p                          = 1
   compressibility (3x3):
      compressibility[    0]={ 0.00000e+00,  0.00000e+00,  0.00000e+00}
      compressibility[    1]={ 0.00000e+00,  0.00000e+00,  0.00000e+00}
      compressibility[    2]={ 0.00000e+00,  0.00000e+00,  0.00000e+00}
   ref-p (3x3):
      ref-p[    0]={ 0.00000e+00,  0.00000e+00,  0.00000e+00}
      ref-p[    1]={ 0.00000e+00,  0.00000e+00,  0.00000e+00}
      ref-p[    2]={ 0.00000e+00,  0.00000e+00,  0.00000e+00}
   refcoord-scaling               = No
   posres-com (3):
      posres-com[0]= 0.00000e+00
      posres-com[1]= 0.00000e+00
      posres-com[2]= 0.00000e+00
   posres-comB (3):
      posres-comB[0]= 0.00000e+00
      posres-comB[1]= 0.00000e+00
      posres-comB[2]= 0.00000e+00
   QMMM                           = false
   QMconstraints                  = 0
   QMMMscheme                     = 0
   MMChargeScaleFactor            = 1
qm-opts:
   ngQM                           = 0
   constraint-algorithm           = Lincs
   continuation                   = false
   Shake-SOR                      = false
   shake-tol                      = 0.0001
   lincs-order                    = 4
   lincs-iter                     = 1
   lincs-warnangle                = 30
   nwall                          = 0
   wall-type                      = 9-3
   wall-r-linpot                  = -1
   wall-atomtype[0]               = -1
   wall-atomtype[1]               = -1
   wall-density[0]                = 0
   wall-density[1]                = 0
   wall-ewald-zfac                = 3
   pull                           = false
   awh                            = false
   rotation                       = false
   interactiveMD                  = false
   disre                          = No
   disre-weighting                = Conservative
   disre-mixed                    = false
   dr-fc                          = 1000
   dr-tau                         = 0
   nstdisreout                    = 100
   orire-fc                       = 0
   orire-tau                      = 0
   nstorireout                    = 100
   free-energy                    = no
   cos-acceleration               = 0
   deform (3x3):
      deform[    0]={ 0.00000e+00,  0.00000e+00,  0.00000e+00}
      deform[    1]={ 0.00000e+00,  0.00000e+00,  0.00000e+00}
      deform[    2]={ 0.00000e+00,  0.00000e+00,  0.00000e+00}
   simulated-tempering            = false
   swapcoords                     = no
   userint1                       = 0
   userint2                       = 0
   userint3                       = 0
   userint4                       = 0
   userreal1                      = 0
   userreal2                      = 0
   userreal3                      = 0
   userreal4                      = 0
   applied-forces:
     electric-field:
       x:
         E0                       = 0
         omega                    = 0
         t0                       = 0
         sigma                    = 0
       y:
         E0                       = 0
         omega                    = 0
         t0                       = 0
         sigma                    = 0
       z:
         E0                       = 0
         omega                    = 0
         t0                       = 0
         sigma                    = 0
     density-guided-simulation:
       active                     = false
       group                      = protein
       similarity-measure         = inner-product
       atom-spreading-weight      = unity
       force-constant             = 1e+09
       gaussian-transform-spreading-width = 0.2
       gaussian-transform-spreading-range-in-multiples-of-width = 4
       reference-density-filename = reference.mrc
       nst                        = 1
       normalize-densities        = true
       adaptive-force-scaling     = false
       adaptive-force-scaling-time-constant = 4
grpopts:
   nrdf:     4920.79     63837.2
   ref-t:         300         300
   tau-t:         0.1         0.1
annealing:          No          No
annealing-npoints:           0           0
   acc:	           0           0           0
   nfreeze:           N           N           N
   energygrp-flags[  0]: 0

Changing nstlist from 10 to 100, rlist from 1 to 1.165

1 GPU selected for this run.
Mapping of GPU IDs to the 2 GPU tasks in the 1 rank on this node:
  PP:0,PME:0
PP tasks will do (non-perturbed) short-ranged interactions on the GPU
PP task will update and constrain coordinates on the CPU
PME tasks will do all aspects on the GPU
Using 1 MPI thread
Using 8 OpenMP threads 


Non-default thread affinity set probably by the OpenMP library,
disabling internal thread affinity
System total charge: -0.000
Will do PME sum in reciprocal space for electrostatic interactions.

++++ PLEASE READ AND CITE THE FOLLOWING REFERENCE ++++
U. Essmann, L. Perera, M. L. Berkowitz, T. Darden, H. Lee and L. G. Pedersen 
A smooth particle mesh Ewald method
J. Chem. Phys. 103 (1995) pp. 8577-8592
-------- -------- --- Thank You --- -------- --------

Using a Gaussian width (1/beta) of 0.320163 nm for Ewald
Potential shift: LJ r^-12: -1.000e+00 r^-6: -1.000e+00, Ewald -1.000e-05
Initialized non-bonded Ewald tables, spacing: 9.33e-04 size: 1073

Generated table with 1082 data points for 1-4 COUL.
Tabscale = 500 points/nm
Generated table with 1082 data points for 1-4 LJ6.
Tabscale = 500 points/nm
Generated table with 1082 data points for 1-4 LJ12.
Tabscale = 500 points/nm

Using GPU 8x8 nonbonded short-range kernels

Using a dual 8x8 pair-list setup updated with dynamic, rolling pruning:
  outer list: updated every 100 steps, buffer 0.165 nm, rlist 1.165 nm
  inner list: updated every  10 steps, buffer 0.001 nm, rlist 1.001 nm
At tolerance 0.005 kJ/mol/ps per atom, equivalent classical 1x1 list would be:
  outer list: updated every 100 steps, buffer 0.318 nm, rlist 1.318 nm
  inner list: updated every  10 steps, buffer 0.042 nm, rlist 1.042 nm

Using geometric Lennard-Jones combination rule

Long Range LJ corr.: <C6> 3.1923e-04

Removing pbc first time

Initializing LINear Constraint Solver

++++ PLEASE READ AND CITE THE FOLLOWING REFERENCE ++++
B. Hess and H. Bekker and H. J. C. Berendsen and J. G. E. M. Fraaije
LINCS: A Linear Constraint Solver for molecular simulations
J. Comp. Chem. 18 (1997) pp. 1463-1472
-------- -------- --- Thank You --- -------- --------

The number of constraints is 959

++++ PLEASE READ AND CITE THE FOLLOWING REFERENCE ++++
S. Miyamoto and P. A. Kollman
SETTLE: An Analytical Version of the SHAKE and RATTLE Algorithms for Rigid
Water Models
J. Comp. Chem. 13 (1992) pp. 952-962
-------- -------- --- Thank You --- -------- --------


++++ PLEASE READ AND CITE THE FOLLOWING REFERENCE ++++
G. Bussi, D. Donadio and M. Parrinello
Canonical sampling through velocity rescaling
J. Chem. Phys. 126 (2007) pp. 014101
-------- -------- --- Thank You --- -------- --------

There are: 33876 Atoms

Constraining the starting coordinates (step 0)

Constraining the coordinates at t0-dt (step 0)
Center of mass motion removal mode is Linear
We have the following groups for center of mass motion removal:
  0:  rest
RMS relative constraint deviation after constraining: 3.05e-06
Initial temperature: 299.861 K

Started mdrun on rank 0 Tue Jan 21 16:45:39 2025

           Step           Time
              0        0.00000

   Energies (kJ/mol)
           Bond          Angle    Proper Dih. Ryckaert-Bell.          LJ-14
    2.15566e+02    9.50850e+02    6.91426e+01    1.42452e+03    2.50345e+03
     Coulomb-14        LJ (SR)  Disper. corr.   Coulomb (SR)   Coul. recip.
    7.77670e+03    8.87938e+04   -4.44920e+03   -6.92728e+05    2.77511e+03
 Position Rest.      Potential    Kinetic En.   Total Energy  Conserved En.
    1.34053e-03   -5.92668e+05    8.57253e+04   -5.06943e+05   -5.06943e+05
    Temperature Pres. DC (bar) Pressure (bar)   Constr. rmsd
    2.99904e+02   -2.14729e+02   -5.38469e+03    3.04889e-06

           Step           Time
            500        1.00000

   Energies (kJ/mol)
           Bond          Angle    Proper Dih. Ryckaert-Bell.          LJ-14
    1.47073e+03    3.65490e+03    2.58991e+02    1.92222e+03    2.68277e+03
     Coulomb-14        LJ (SR)  Disper. corr.   Coulomb (SR)   Coul. recip.
    7.79757e+03    9.06595e+04   -4.44920e+03   -6.26959e+05    3.03776e+03
 Position Rest.      Potential    Kinetic En.   Total Energy  Conserved En.
    5.68402e+02   -5.19355e+05    8.58929e+04   -4.33462e+05   -5.06113e+05
    Temperature Pres. DC (bar) Pressure (bar)   Constr. rmsd
    3.00490e+02   -2.14729e+02   -9.75592e+02    2.62535e-06

           Step           Time
           1000        2.00000

   Energies (kJ/mol)
           Bond          Angle    Proper Dih. Ryckaert-Bell.          LJ-14
    1.42930e+03    3.68056e+03    2.13406e+02    1.87476e+03    2.69009e+03
     Coulomb-14        LJ (SR)  Disper. corr.   Coulomb (SR)   Coul. recip.
    7.77423e+03    9.12895e+04   -4.44920e+03   -6.28143e+05    3.04726e+03
 Position Rest.      Potential    Kinetic En.   Total Energy  Conserved En.
    5.69563e+02   -5.20023e+05    8.54250e+04   -4.34598e+05   -5.06095e+05
    Temperature Pres. DC (bar) Pressure (bar)   Constr. rmsd
    2.98853e+02   -2.14729e+02   -5.20259e+02    2.79892e-06

step 1400: timed with pme grid 44 44 44, coulomb cutoff 1.000: 896.9 M-cycles
           Step           Time
           1500        3.00000

   Energies (kJ/mol)
           Bond          Angle    Proper Dih. Ryckaert-Bell.          LJ-14
    1.46113e+03    3.78645e+03    2.24121e+02    1.85632e+03    2.67696e+03
     Coulomb-14        LJ (SR)  Disper. corr.   Coulomb (SR)   Coul. recip.
    7.63333e+03    9.11253e+04   -4.44920e+03   -6.28834e+05    2.20947e+03
 Position Rest.      Potential    Kinetic En.   Total Energy  Conserved En.
    5.79638e+02   -5.21730e+05    8.61890e+04   -4.35542e+05   -5.06087e+05
    Temperature Pres. DC (bar) Pressure (bar)   Constr. rmsd
    3.01526e+02   -2.14729e+02   -6.20693e+02    2.66040e-06

step 1600: timed with pme grid 40 40 40, coulomb cutoff 1.095: 1005.2 M-cycles
step 1800: timed with pme grid 42 42 42, coulomb cutoff 1.043: 895.0 M-cycles
step 2000: timed with pme grid 44 44 44, coulomb cutoff 1.000: 825.3 M-cycles
           Step           Time
           2000        4.00000

   Energies (kJ/mol)
           Bond          Angle    Proper Dih. Ryckaert-Bell.          LJ-14
    1.40539e+03    3.76715e+03    2.59385e+02    1.91245e+03    2.68340e+03
     Coulomb-14        LJ (SR)  Disper. corr.   Coulomb (SR)   Coul. recip.
    7.74211e+03    9.16586e+04   -4.44920e+03   -6.28872e+05    2.60274e+03
 Position Rest.      Potential    Kinetic En.   Total Energy  Conserved En.
    5.57419e+02   -5.20733e+05    8.51521e+04   -4.35581e+05   -5.06088e+05
    Temperature Pres. DC (bar) Pressure (bar)   Constr. rmsd
    2.97898e+02   -2.14729e+02   -3.97181e+02    2.99333e-06

step 2200: timed with pme grid 42 42 42, coulomb cutoff 1.043: 895.6 M-cycles
step 2400: timed with pme grid 44 44 44, coulomb cutoff 1.000: 826.4 M-cycles
              optimal pme grid 44 44 44, coulomb cutoff 1.000
           Step           Time
           2500        5.00000

   Energies (kJ/mol)
           Bond          Angle    Proper Dih. Ryckaert-Bell.          LJ-14
    1.41205e+03    3.81158e+03    2.48642e+02    1.85586e+03    2.75205e+03
     Coulomb-14        LJ (SR)  Disper. corr.   Coulomb (SR)   Coul. recip.
    7.79427e+03    9.18450e+04   -4.44920e+03   -6.29920e+05    3.05183e+03
 Position Rest.      Potential    Kinetic En.   Total Energy  Conserved En.
    5.31992e+02   -5.21066e+05    8.57054e+04   -4.35360e+05   -5.06076e+05
    Temperature Pres. DC (bar) Pressure (bar)   Constr. rmsd
    2.99834e+02   -2.14729e+02   -2.46346e+02    2.78566e-06

           Step           Time
           3000        6.00000

   Energies (kJ/mol)
           Bond          Angle    Proper Dih. Ryckaert-Bell.          LJ-14
    1.41969e+03    3.74299e+03    2.47030e+02    1.84984e+03    2.70828e+03
     Coulomb-14        LJ (SR)  Disper. corr.   Coulomb (SR)   Coul. recip.
    7.81375e+03    9.34379e+04   -4.44920e+03   -6.32541e+05    3.03738e+03
 Position Rest.      Potential    Kinetic En.   Total Energy  Conserved En.
    5.26549e+02   -5.22207e+05    8.58830e+04   -4.36324e+05   -5.06089e+05
    Temperature Pres. DC (bar) Pressure (bar)   Constr. rmsd
    3.00455e+02   -2.14729e+02   -2.09448e+02    2.93602e-06

           Step           Time
           3500        7.00000

   Energies (kJ/mol)
           Bond          Angle    Proper Dih. Ryckaert-Bell.          LJ-14
    1.40511e+03    3.67102e+03    2.28206e+02    1.90735e+03    2.73543e+03
     Coulomb-14        LJ (SR)  Disper. corr.   Coulomb (SR)   Coul. recip.
    7.69188e+03    9.09151e+04   -4.44920e+03   -6.28639e+05    3.02041e+03
 Position Rest.      Potential    Kinetic En.   Total Energy  Conserved En.
    5.48016e+02   -5.20965e+05    8.51759e+04   -4.35789e+05   -5.06086e+05
    Temperature Pres. DC (bar) Pressure (bar)   Constr. rmsd
    2.97982e+02   -2.14729e+02   -8.50798e+02    2.53719e-06

           Step           Time
           4000        8.00000

   Energies (kJ/mol)
           Bond          Angle    Proper Dih. Ryckaert-Bell.          LJ-14
    1.39894e+03    3.66568e+03    2.33329e+02    1.89492e+03    2.71279e+03
     Coulomb-14        LJ (SR)  Disper. corr.   Coulomb (SR)   Coul. recip.
    7.76708e+03    9.16755e+04   -4.44920e+03   -6.30049e+05    3.04243e+03
 Position Rest.      Potential    Kinetic En.   Total Energy  Conserved En.
    5.72711e+02   -5.21535e+05    8.53930e+04   -4.36142e+05   -5.06087e+05
    Temperature Pres. DC (bar) Pressure (bar)   Constr. rmsd
    2.98741e+02   -2.14729e+02   -2.29192e+02    3.14346e-06

           Step           Time
           4500        9.00000

   Energies (kJ/mol)
           Bond          Angle    Proper Dih. Ryckaert-Bell.          LJ-14
    1.49366e+03    3.83945e+03    2.37928e+02    1.93398e+03    2.73199e+03
     Coulomb-14        LJ (SR)  Disper. corr.   Coulomb (SR)   Coul. recip.
    7.81367e+03    9.21428e+04   -4.44920e+03   -6.29700e+05    3.11860e+03
 Position Rest.      Potential    Kinetic En.   Total Energy  Conserved En.
    4.87499e+02   -5.20349e+05    8.59943e+04   -4.34355e+05   -5.06088e+05
    Temperature Pres. DC (bar) Pressure (bar)   Constr. rmsd
    3.00845e+02   -2.14729e+02   -3.60648e+02    2.68787e-06

           Step           Time
           5000       10.00000

   Energies (kJ/mol)
           Bond          Angle    Proper Dih. Ryckaert-Bell.          LJ-14
    1.46229e+03    3.64286e+03    2.34436e+02    1.88171e+03    2.67285e+03
     Coulomb-14        LJ (SR)  Disper. corr.   Coulomb (SR)   Coul. recip.
    7.65290e+03    9.20631e+04   -4.44920e+03   -6.30952e+05    3.03983e+03
 Position Rest.      Potential    Kinetic En.   Total Energy  Conserved En.
    4.48978e+02   -5.22302e+05    8.54146e+04   -4.36887e+05   -5.06091e+05
    Temperature Pres. DC (bar) Pressure (bar)   Constr. rmsd
    2.98816e+02   -2.14729e+02   -5.65089e+02    2.63667e-06

           Step           Time
           5500       11.00000

   Energies (kJ/mol)
           Bond          Angle    Proper Dih. Ryckaert-Bell.          LJ-14
    1.47861e+03    3.50401e+03    2.17335e+02    1.85121e+03    2.67859e+03
     Coulomb-14        LJ (SR)  Disper. corr.   Coulomb (SR)   Coul. recip.
    7.65794e+03    9.22042e+04   -4.44920e+03   -6.32002e+05    3.09091e+03
 Position Rest.      Potential    Kinetic En.   Total Energy  Conserved En.
    5.03441e+02   -5.23265e+05    8.56330e+04   -4.37632e+05   -5.06109e+05
    Temperature Pres. DC (bar) Pressure (bar)   Constr. rmsd
    2.99581e+02   -2.14729e+02   -4.32403e+02    2.61313e-06

           Step           Time
           6000       12.00000

   Energies (kJ/mol)
           Bond          Angle    Proper Dih. Ryckaert-Bell.          LJ-14
    1.49387e+03    3.59259e+03    2.41766e+02    1.88777e+03    2.66217e+03
     Coulomb-14        LJ (SR)  Disper. corr.   Coulomb (SR)   Coul. recip.
    7.75446e+03    9.10970e+04   -4.44920e+03   -6.29530e+05    3.01709e+03
 Position Rest.      Potential    Kinetic En.   Total Energy  Conserved En.
    4.72788e+02   -5.21760e+05    8.52988e+04   -4.36461e+05   -5.06098e+05
    Temperature Pres. DC (bar) Pressure (bar)   Constr. rmsd
    2.98411e+02   -2.14729e+02   -6.17057e+02    2.90794e-06

           Step           Time
           6500       13.00000

   Energies (kJ/mol)
           Bond          Angle    Proper Dih. Ryckaert-Bell.          LJ-14
    1.44048e+03    3.75334e+03    2.65177e+02    1.93335e+03    2.64115e+03
     Coulomb-14        LJ (SR)  Disper. corr.   Coulomb (SR)   Coul. recip.
    7.66010e+03    9.08642e+04   -4.44920e+03   -6.29567e+05    3.17279e+03
 Position Rest.      Potential    Kinetic En.   Total Energy  Conserved En.
    5.17135e+02   -5.21769e+05    8.55940e+04   -4.36175e+05   -5.06100e+05
    Temperature Pres. DC (bar) Pressure (bar)   Constr. rmsd
    2.99444e+02   -2.14729e+02   -7.53099e+02    3.00009e-06

           Step           Time
           7000       14.00000

   Energies (kJ/mol)
           Bond          Angle    Proper Dih. Ryckaert-Bell.          LJ-14
    1.35232e+03    3.79158e+03    2.33685e+02    1.87078e+03    2.65897e+03
     Coulomb-14        LJ (SR)  Disper. corr.   Coulomb (SR)   Coul. recip.
    7.67967e+03    9.11527e+04   -4.44920e+03   -6.30130e+05    2.96423e+03
 Position Rest.      Potential    Kinetic En.   Total Energy  Conserved En.
    5.05391e+02   -5.22370e+05    8.57744e+04   -4.36595e+05   -5.06113e+05
    Temperature Pres. DC (bar) Pressure (bar)   Constr. rmsd
    3.00075e+02   -2.14729e+02   -4.74234e+02    3.01472e-06

           Step           Time
           7500       15.00000

   Energies (kJ/mol)
           Bond          Angle    Proper Dih. Ryckaert-Bell.          LJ-14
    1.29424e+03    3.75643e+03    2.49067e+02    1.89664e+03    2.63679e+03
     Coulomb-14        LJ (SR)  Disper. corr.   Coulomb (SR)   Coul. recip.
    7.66881e+03    9.19417e+04   -4.44920e+03   -6.30025e+05    3.10761e+03
 Position Rest.      Potential    Kinetic En.   Total Energy  Conserved En.
    5.87560e+02   -5.21335e+05    8.67964e+04   -4.34539e+05   -5.06115e+05
    Temperature Pres. DC (bar) Pressure (bar)   Constr. rmsd
    3.03651e+02   -2.14729e+02   -3.88948e+02    3.07081e-06

           Step           Time
           8000       16.00000

   Energies (kJ/mol)
           Bond          Angle    Proper Dih. Ryckaert-Bell.          LJ-14
    1.47625e+03    3.67151e+03    2.39180e+02    1.93807e+03    2.64629e+03
     Coulomb-14        LJ (SR)  Disper. corr.   Coulomb (SR)   Coul. recip.
    7.71960e+03    9.27144e+04   -4.44920e+03   -6.32690e+05    3.02557e+03
 Position Rest.      Potential    Kinetic En.   Total Energy  Conserved En.
    5.20905e+02   -5.23188e+05    8.62251e+04   -4.36963e+05   -5.06120e+05
    Temperature Pres. DC (bar) Pressure (bar)   Constr. rmsd
    3.01652e+02   -2.14729e+02   -8.21774e+02    2.84113e-06

           Step           Time
           8500       17.00000

   Energies (kJ/mol)
           Bond          Angle    Proper Dih. Ryckaert-Bell.          LJ-14
    1.42936e+03    3.74218e+03    2.23758e+02    1.90449e+03    2.64790e+03
     Coulomb-14        LJ (SR)  Disper. corr.   Coulomb (SR)   Coul. recip.
    7.71828e+03    9.14582e+04   -4.44920e+03   -6.31704e+05    3.03218e+03
 Position Rest.      Potential    Kinetic En.   Total Energy  Conserved En.
    5.09452e+02   -5.23487e+05    8.58117e+04   -4.37676e+05   -5.06114e+05
    Temperature Pres. DC (bar) Pressure (bar)   Constr. rmsd
    3.00206e+02   -2.14729e+02   -8.38990e+02    3.07604e-06

           Step           Time
           9000       18.00000

   Energies (kJ/mol)
           Bond          Angle    Proper Dih. Ryckaert-Bell.          LJ-14
    1.48086e+03    3.78841e+03    2.48684e+02    1.95335e+03    2.59917e+03
     Coulomb-14        LJ (SR)  Disper. corr.   Coulomb (SR)   Coul. recip.
    7.70257e+03    9.30990e+04   -4.44920e+03   -6.31805e+05    2.98683e+03
 Position Rest.      Potential    Kinetic En.   Total Energy  Conserved En.
    5.06467e+02   -5.21889e+05    8.50347e+04   -4.36854e+05   -5.06111e+05
    Temperature Pres. DC (bar) Pressure (bar)   Constr. rmsd
    2.97487e+02   -2.14729e+02   -5.17546e+02    2.64712e-06

           Step           Time
           9500       19.00000

   Energies (kJ/mol)
           Bond          Angle    Proper Dih. Ryckaert-Bell.          LJ-14
    1.43191e+03    3.74838e+03    2.65776e+02    1.83164e+03    2.66172e+03
     Coulomb-14        LJ (SR)  Disper. corr.   Coulomb (SR)   Coul. recip.
    7.74788e+03    9.25930e+04   -4.44920e+03   -6.32010e+05    3.00604e+03
 Position Rest.      Potential    Kinetic En.   Total Energy  Conserved En.
    5.09761e+02   -5.22663e+05    8.55156e+04   -4.37147e+05   -5.06131e+05
    Temperature Pres. DC (bar) Pressure (bar)   Constr. rmsd
    2.99170e+02   -2.14729e+02   -4.26899e+02    3.08174e-06

           Step           Time
          10000       20.00000

   Energies (kJ/mol)
           Bond          Angle    Proper Dih. Ryckaert-Bell.          LJ-14
    1.51532e+03    3.81056e+03    2.89094e+02    1.84320e+03    2.69574e+03
     Coulomb-14        LJ (SR)  Disper. corr.   Coulomb (SR)   Coul. recip.
    7.71754e+03    9.06244e+04   -4.44920e+03   -6.29111e+05    3.03812e+03
 Position Rest.      Potential    Kinetic En.   Total Energy  Conserved En.
    4.94929e+02   -5.21531e+05    8.52758e+04   -4.36255e+05   -5.06132e+05
    Temperature Pres. DC (bar) Pressure (bar)   Constr. rmsd
    2.98331e+02   -2.14729e+02   -7.30419e+02    2.85933e-06

           Step           Time
          10500       21.00000

   Energies (kJ/mol)
           Bond          Angle    Proper Dih. Ryckaert-Bell.          LJ-14
    1.40282e+03    3.67779e+03    2.34753e+02    1.73626e+03    2.68264e+03
     Coulomb-14        LJ (SR)  Disper. corr.   Coulomb (SR)   Coul. recip.
    7.72424e+03    9.20725e+04   -4.44920e+03   -6.31558e+05    2.99060e+03
 Position Rest.      Potential    Kinetic En.   Total Energy  Conserved En.
    5.12149e+02   -5.22973e+05    8.57476e+04   -4.37225e+05   -5.06150e+05
    Temperature Pres. DC (bar) Pressure (bar)   Constr. rmsd
    2.99982e+02   -2.14729e+02   -2.10356e+02    2.81558e-06

           Step           Time
          11000       22.00000

   Energies (kJ/mol)
           Bond          Angle    Proper Dih. Ryckaert-Bell.          LJ-14
    1.50513e+03    3.68325e+03    2.51319e+02    1.89763e+03    2.65199e+03
     Coulomb-14        LJ (SR)  Disper. corr.   Coulomb (SR)   Coul. recip.
    7.70902e+03    9.08180e+04   -4.44920e+03   -6.30235e+05    2.97866e+03
 Position Rest.      Potential    Kinetic En.   Total Energy  Conserved En.
    5.19089e+02   -5.22670e+05    8.57384e+04   -4.36932e+05   -5.06135e+05
    Temperature Pres. DC (bar) Pressure (bar)   Constr. rmsd
    2.99949e+02   -2.14729e+02   -7.32113e+02    2.82498e-06

           Step           Time
          11500       23.00000

   Energies (kJ/mol)
           Bond          Angle    Proper Dih. Ryckaert-Bell.          LJ-14
    1.52295e+03    3.82724e+03    2.26662e+02    1.89701e+03    2.66226e+03
     Coulomb-14        LJ (SR)  Disper. corr.   Coulomb (SR)   Coul. recip.
    7.79728e+03    9.13666e+04   -4.44920e+03   -6.29555e+05    2.93878e+03
 Position Rest.      Potential    Kinetic En.   Total Energy  Conserved En.
    5.20031e+02   -5.21246e+05    8.62822e+04   -4.34963e+05   -5.06128e+05
    Temperature Pres. DC (bar) Pressure (bar)   Constr. rmsd
    3.01852e+02   -2.14729e+02   -8.71770e+02    2.82669e-06

           Step           Time
          12000       24.00000

   Energies (kJ/mol)
           Bond          Angle    Proper Dih. Ryckaert-Bell.          LJ-14
    1.47934e+03    3.55127e+03    2.08798e+02    1.83787e+03    2.65205e+03
     Coulomb-14        LJ (SR)  Disper. corr.   Coulomb (SR)   Coul. recip.
    7.70677e+03    9.19055e+04   -4.44920e+03   -6.32212e+05    2.92483e+03
 Position Rest.      Potential    Kinetic En.   Total Energy  Conserved En.
    4.72833e+02   -5.23922e+05    8.57460e+04   -4.38176e+05   -5.06162e+05
    Temperature Pres. DC (bar) Pressure (bar)   Constr. rmsd
    2.99976e+02   -2.14729e+02   -6.98065e+02    3.02811e-06

           Step           Time
          12500       25.00000

   Energies (kJ/mol)
           Bond          Angle    Proper Dih. Ryckaert-Bell.          LJ-14
    1.45060e+03    3.83691e+03    2.26614e+02    1.91024e+03    2.61890e+03
     Coulomb-14        LJ (SR)  Disper. corr.   Coulomb (SR)   Coul. recip.
    7.65773e+03    9.20452e+04   -4.44920e+03   -6.30997e+05    2.99649e+03
 Position Rest.      Potential    Kinetic En.   Total Energy  Conserved En.
    5.04931e+02   -5.22199e+05    8.57764e+04   -4.36422e+05   -5.06153e+05
    Temperature Pres. DC (bar) Pressure (bar)   Constr. rmsd
    3.00082e+02   -2.14729e+02   -1.47809e+02    2.77369e-06

           Step           Time
          13000       26.00000

   Energies (kJ/mol)
           Bond          Angle    Proper Dih. Ryckaert-Bell.          LJ-14
    1.47766e+03    3.69183e+03    2.47426e+02    1.89416e+03    2.70044e+03
     Coulomb-14        LJ (SR)  Disper. corr.   Coulomb (SR)   Coul. recip.
    7.74103e+03    9.15192e+04   -4.44920e+03   -6.30473e+05    3.03886e+03
 Position Rest.      Potential    Kinetic En.   Total Energy  Conserved En.
    5.49296e+02   -5.22062e+05    8.71168e+04   -4.34945e+05   -5.06168e+05
    Temperature Pres. DC (bar) Pressure (bar)   Constr. rmsd
    3.04772e+02   -2.14729e+02   -6.74435e+02    2.97283e-06

           Step           Time
          13500       27.00000

   Energies (kJ/mol)
           Bond          Angle    Proper Dih. Ryckaert-Bell.          LJ-14
    1.52209e+03    3.53318e+03    2.75080e+02    1.85919e+03    2.70591e+03
     Coulomb-14        LJ (SR)  Disper. corr.   Coulomb (SR)   Coul. recip.
    7.78633e+03    9.27490e+04   -4.44920e+03   -6.31708e+05    2.93870e+03
 Position Rest.      Potential    Kinetic En.   Total Energy  Conserved En.
    4.85185e+02   -5.22303e+05    8.47942e+04   -4.37509e+05   -5.06141e+05
    Temperature Pres. DC (bar) Pressure (bar)   Constr. rmsd
    2.96646e+02   -2.14729e+02   -3.13917e+02    2.64769e-06

           Step           Time
          14000       28.00000

   Energies (kJ/mol)
           Bond          Angle    Proper Dih. Ryckaert-Bell.          LJ-14
    1.44438e+03    3.66635e+03    2.57777e+02    1.83341e+03    2.66673e+03
     Coulomb-14        LJ (SR)  Disper. corr.   Coulomb (SR)   Coul. recip.
    7.69822e+03    9.20312e+04   -4.44920e+03   -6.31778e+05    3.04697e+03
 Position Rest.      Potential    Kinetic En.   Total Energy  Conserved En.
    4.78559e+02   -5.23104e+05    8.56404e+04   -4.37463e+05   -5.06163e+05
    Temperature Pres. DC (bar) Pressure (bar)   Constr. rmsd
    2.99607e+02   -2.14729e+02   -4.29649e+02    2.64435e-06

           Step           Time
          14500       29.00000

   Energies (kJ/mol)
           Bond          Angle    Proper Dih. Ryckaert-Bell.          LJ-14
    1.45267e+03    3.63519e+03    2.39694e+02    1.95766e+03    2.68472e+03
     Coulomb-14        LJ (SR)  Disper. corr.   Coulomb (SR)   Coul. recip.
    7.80487e+03    9.24311e+04   -4.44920e+03   -6.32387e+05    2.97954e+03
 Position Rest.      Potential    Kinetic En.   Total Energy  Conserved En.
    4.72688e+02   -5.23179e+05    8.54015e+04   -4.37777e+05   -5.06157e+05
    Temperature Pres. DC (bar) Pressure (bar)   Constr. rmsd
    2.98771e+02   -2.14729e+02   -4.90533e+02    2.94718e-06

           Step           Time
          15000       30.00000

   Energies (kJ/mol)
           Bond          Angle    Proper Dih. Ryckaert-Bell.          LJ-14
    1.50553e+03    3.71931e+03    2.44493e+02    1.82943e+03    2.69461e+03
     Coulomb-14        LJ (SR)  Disper. corr.   Coulomb (SR)   Coul. recip.
    7.75529e+03    9.30084e+04   -4.44920e+03   -6.32582e+05    2.95485e+03
 Position Rest.      Potential    Kinetic En.   Total Energy  Conserved En.
    4.93051e+02   -5.22826e+05    8.56194e+04   -4.37207e+05   -5.06154e+05
    Temperature Pres. DC (bar) Pressure (bar)   Constr. rmsd
    2.99533e+02   -2.14729e+02   -3.91660e+02    2.82598e-06

           Step           Time
          15500       31.00000

   Energies (kJ/mol)
           Bond          Angle    Proper Dih. Ryckaert-Bell.          LJ-14
    1.52035e+03    3.79831e+03    2.51037e+02    1.78712e+03    2.69835e+03
     Coulomb-14        LJ (SR)  Disper. corr.   Coulomb (SR)   Coul. recip.
    7.70428e+03    9.19525e+04   -4.44920e+03   -6.31447e+05    3.06552e+03
 Position Rest.      Potential    Kinetic En.   Total Energy  Conserved En.
    5.40649e+02   -5.22578e+05    8.67659e+04   -4.35812e+05   -5.06170e+05
    Temperature Pres. DC (bar) Pressure (bar)   Constr. rmsd
    3.03544e+02   -2.14729e+02   -8.09907e+02    2.95241e-06

           Step           Time
          16000       32.00000

   Energies (kJ/mol)
           Bond          Angle    Proper Dih. Ryckaert-Bell.          LJ-14
    1.39303e+03    3.65195e+03    2.40679e+02    1.93024e+03    2.65373e+03
     Coulomb-14        LJ (SR)  Disper. corr.   Coulomb (SR)   Coul. recip.
    7.67710e+03    9.22787e+04   -4.44920e+03   -6.31651e+05    3.03396e+03
 Position Rest.      Potential    Kinetic En.   Total Energy  Conserved En.
    5.57875e+02   -5.22683e+05    8.49998e+04   -4.37683e+05   -5.06163e+05
    Temperature Pres. DC (bar) Pressure (bar)   Constr. rmsd
    2.97365e+02   -2.14729e+02   -3.05302e+02    2.47070e-06

           Step           Time
          16500       33.00000

   Energies (kJ/mol)
           Bond          Angle    Proper Dih. Ryckaert-Bell.          LJ-14
    1.40249e+03    3.63896e+03    2.10893e+02    1.78412e+03    2.76372e+03
     Coulomb-14        LJ (SR)  Disper. corr.   Coulomb (SR)   Coul. recip.
    7.75474e+03    9.09097e+04   -4.44920e+03   -6.29752e+05    2.96995e+03
 Position Rest.      Potential    Kinetic En.   Total Energy  Conserved En.
    5.37664e+02   -5.22228e+05    8.55822e+04   -4.36646e+05   -5.06169e+05
    Temperature Pres. DC (bar) Pressure (bar)   Constr. rmsd
    2.99403e+02   -2.14729e+02   -6.27870e+02    2.81597e-06

           Step           Time
          17000       34.00000

   Energies (kJ/mol)
           Bond          Angle    Proper Dih. Ryckaert-Bell.          LJ-14
    1.43612e+03    3.78331e+03    2.48703e+02    1.80441e+03    2.64727e+03
     Coulomb-14        LJ (SR)  Disper. corr.   Coulomb (SR)   Coul. recip.
    7.65910e+03    9.14144e+04   -4.44920e+03   -6.30474e+05    3.03886e+03
 Position Rest.      Potential    Kinetic En.   Total Energy  Conserved En.
    4.83093e+02   -5.22408e+05    8.49744e+04   -4.37434e+05   -5.06160e+05
    Temperature Pres. DC (bar) Pressure (bar)   Constr. rmsd
    2.97277e+02   -2.14729e+02   -5.83184e+02    2.54426e-06

           Step           Time
          17500       35.00000

   Energies (kJ/mol)
           Bond          Angle    Proper Dih. Ryckaert-Bell.          LJ-14
    1.51148e+03    3.80264e+03    2.52955e+02    1.91000e+03    2.68473e+03
     Coulomb-14        LJ (SR)  Disper. corr.   Coulomb (SR)   Coul. recip.
    7.79131e+03    9.11054e+04   -4.44920e+03   -6.30638e+05    2.97297e+03
 Position Rest.      Potential    Kinetic En.   Total Energy  Conserved En.
    4.86337e+02   -5.22570e+05    8.66139e+04   -4.35956e+05   -5.06180e+05
    Temperature Pres. DC (bar) Pressure (bar)   Constr. rmsd
    3.03012e+02   -2.14729e+02   -4.82012e+02    2.83290e-06

           Step           Time
          18000       36.00000

   Energies (kJ/mol)
           Bond          Angle    Proper Dih. Ryckaert-Bell.          LJ-14
    1.43865e+03    3.71199e+03    2.26547e+02    1.78520e+03    2.70512e+03
     Coulomb-14        LJ (SR)  Disper. corr.   Coulomb (SR)   Coul. recip.
    7.80395e+03    9.07978e+04   -4.44920e+03   -6.29507e+05    2.99649e+03
 Position Rest.      Potential    Kinetic En.   Total Energy  Conserved En.
    5.05126e+02   -5.21985e+05    8.47772e+04   -4.37208e+05   -5.06172e+05
    Temperature Pres. DC (bar) Pressure (bar)   Constr. rmsd
    2.96587e+02   -2.14729e+02   -6.65748e+02    2.90696e-06

           Step           Time
          18500       37.00000

   Energies (kJ/mol)
           Bond          Angle    Proper Dih. Ryckaert-Bell.          LJ-14
    1.46346e+03    3.69854e+03    2.41150e+02    1.81602e+03    2.72801e+03
     Coulomb-14        LJ (SR)  Disper. corr.   Coulomb (SR)   Coul. recip.
    7.77640e+03    9.16672e+04   -4.44920e+03   -6.31472e+05    2.97617e+03
 Position Rest.      Potential    Kinetic En.   Total Energy  Conserved En.
    5.48737e+02   -5.23005e+05    8.54535e+04   -4.37552e+05   -5.06179e+05
    Temperature Pres. DC (bar) Pressure (bar)   Constr. rmsd
    2.98953e+02   -2.14729e+02   -8.31729e+02    2.79601e-06

           Step           Time
          19000       38.00000

   Energies (kJ/mol)
           Bond          Angle    Proper Dih. Ryckaert-Bell.          LJ-14
    1.49749e+03    3.61801e+03    2.09590e+02    1.86500e+03    2.74572e+03
     Coulomb-14        LJ (SR)  Disper. corr.   Coulomb (SR)   Coul. recip.
    7.79754e+03    9.28858e+04   -4.44920e+03   -6.32136e+05    3.05677e+03
 Position Rest.      Potential    Kinetic En.   Total Energy  Conserved En.
    5.28501e+02   -5.22381e+05    8.53250e+04   -4.37056e+05   -5.06195e+05
    Temperature Pres. DC (bar) Pressure (bar)   Constr. rmsd
    2.98503e+02   -2.14729e+02   -4.16873e+02    2.98493e-06

           Step           Time
          19500       39.00000

   Energies (kJ/mol)
           Bond          Angle    Proper Dih. Ryckaert-Bell.          LJ-14
    1.44319e+03    3.71779e+03    2.24346e+02    1.87120e+03    2.67560e+03
     Coulomb-14        LJ (SR)  Disper. corr.   Coulomb (SR)   Coul. recip.
    7.82252e+03    9.39442e+04   -4.44920e+03   -6.33990e+05    3.02815e+03
 Position Rest.      Potential    Kinetic En.   Total Energy  Conserved En.
    5.61414e+02   -5.23151e+05    8.67186e+04   -4.36432e+05   -5.06220e+05
    Temperature Pres. DC (bar) Pressure (bar)   Constr. rmsd
    3.03378e+02   -2.14729e+02   -1.50609e+02    2.87244e-06

           Step           Time
          20000       40.00000

   Energies (kJ/mol)
           Bond          Angle    Proper Dih. Ryckaert-Bell.          LJ-14
    1.45146e+03    3.83145e+03    2.60427e+02    1.86319e+03    2.71530e+03
     Coulomb-14        LJ (SR)  Disper. corr.   Coulomb (SR)   Coul. recip.
    7.77381e+03    9.27775e+04   -4.44920e+03   -6.32406e+05    2.99381e+03
 Position Rest.      Potential    Kinetic En.   Total Energy  Conserved En.
    4.57713e+02   -5.22731e+05    8.59229e+04   -4.36808e+05   -5.06212e+05
    Temperature Pres. DC (bar) Pressure (bar)   Constr. rmsd
    3.00595e+02   -2.14729e+02   -5.46394e+02    2.79241e-06

           Step           Time
          20500       41.00000

   Energies (kJ/mol)
           Bond          Angle    Proper Dih. Ryckaert-Bell.          LJ-14
    1.49822e+03    3.71375e+03    2.41243e+02    1.91534e+03    2.65942e+03
     Coulomb-14        LJ (SR)  Disper. corr.   Coulomb (SR)   Coul. recip.
    7.69444e+03    9.29961e+04   -4.44920e+03   -6.31974e+05    2.94704e+03
 Position Rest.      Potential    Kinetic En.   Total Energy  Conserved En.
    5.06749e+02   -5.22250e+05    8.60105e+04   -4.36240e+05   -5.06198e+05
    Temperature Pres. DC (bar) Pressure (bar)   Constr. rmsd
    3.00901e+02   -2.14729e+02   -5.88925e+02    2.83999e-06

           Step           Time
          21000       42.00000

   Energies (kJ/mol)
           Bond          Angle    Proper Dih. Ryckaert-Bell.          LJ-14
    1.50806e+03    3.63295e+03    2.42682e+02    1.87367e+03    2.66151e+03
     Coulomb-14        LJ (SR)  Disper. corr.   Coulomb (SR)   Coul. recip.
    7.78415e+03    9.26084e+04   -4.44920e+03   -6.32724e+05    2.94761e+03
 Position Rest.      Potential    Kinetic En.   Total Energy  Conserved En.
    5.00668e+02   -5.23414e+05    8.45569e+04   -4.38857e+05   -5.06206e+05
    Temperature Pres. DC (bar) Pressure (bar)   Constr. rmsd
    2.95816e+02   -2.14729e+02   -5.81224e+02    2.62006e-06

           Step           Time
          21500       43.00000

   Energies (kJ/mol)
           Bond          Angle    Proper Dih. Ryckaert-Bell.          LJ-14
    1.41615e+03    3.65257e+03    2.25736e+02    1.83263e+03    2.67941e+03
     Coulomb-14        LJ (SR)  Disper. corr.   Coulomb (SR)   Coul. recip.
    7.81146e+03    9.22546e+04   -4.44920e+03   -6.32352e+05    2.91199e+03
 Position Rest.      Potential    Kinetic En.   Total Energy  Conserved En.
    4.79066e+02   -5.23538e+05    8.54614e+04   -4.38076e+05   -5.06228e+05
    Temperature Pres. DC (bar) Pressure (bar)   Constr. rmsd
    2.98980e+02   -2.14729e+02   -8.25496e+02    3.09622e-06

           Step           Time
          22000       44.00000

   Energies (kJ/mol)
           Bond          Angle    Proper Dih. Ryckaert-Bell.          LJ-14
    1.45243e+03    3.63326e+03    2.64119e+02    1.79172e+03    2.72123e+03
     Coulomb-14        LJ (SR)  Disper. corr.   Coulomb (SR)   Coul. recip.
    7.70528e+03    9.24676e+04   -4.44920e+03   -6.32126e+05    3.03931e+03
 Position Rest.      Potential    Kinetic En.   Total Energy  Conserved En.
    5.03507e+02   -5.22996e+05    8.57139e+04   -4.37282e+05   -5.06212e+05
    Temperature Pres. DC (bar) Pressure (bar)   Constr. rmsd
    2.99864e+02   -2.14729e+02   -6.97999e+02    2.59672e-06

           Step           Time
          22500       45.00000

   Energies (kJ/mol)
           Bond          Angle    Proper Dih. Ryckaert-Bell.          LJ-14
    1.52157e+03    3.57356e+03    2.44245e+02    1.84065e+03    2.65382e+03
     Coulomb-14        LJ (SR)  Disper. corr.   Coulomb (SR)   Coul. recip.
    7.78249e+03    9.20153e+04   -4.44920e+03   -6.31789e+05    3.02121e+03
 Position Rest.      Potential    Kinetic En.   Total Energy  Conserved En.
    4.94683e+02   -5.23091e+05    8.54128e+04   -4.37678e+05   -5.06215e+05
    Temperature Pres. DC (bar) Pressure (bar)   Constr. rmsd
    2.98810e+02   -2.14729e+02   -4.17788e+02    3.11245e-06

           Step           Time
          23000       46.00000

   Energies (kJ/mol)
           Bond          Angle    Proper Dih. Ryckaert-Bell.          LJ-14
    1.54896e+03    3.59651e+03    2.11297e+02    1.89187e+03    2.74020e+03
     Coulomb-14        LJ (SR)  Disper. corr.   Coulomb (SR)   Coul. recip.
    7.75552e+03    9.13544e+04   -4.44920e+03   -6.30608e+05    3.00703e+03
 Position Rest.      Potential    Kinetic En.   Total Energy  Conserved En.
    4.97536e+02   -5.22454e+05    8.67296e+04   -4.35724e+05   -5.06229e+05
    Temperature Pres. DC (bar) Pressure (bar)   Constr. rmsd
    3.03417e+02   -2.14729e+02   -5.45359e+02    3.17852e-06

           Step           Time
          23500       47.00000

   Energies (kJ/mol)
           Bond          Angle    Proper Dih. Ryckaert-Bell.          LJ-14
    1.44506e+03    3.67220e+03    2.45001e+02    1.85943e+03    2.66956e+03
     Coulomb-14        LJ (SR)  Disper. corr.   Coulomb (SR)   Coul. recip.
    7.73679e+03    9.17139e+04   -4.44920e+03   -6.31149e+05    3.00781e+03
 Position Rest.      Potential    Kinetic En.   Total Energy  Conserved En.
    5.47755e+02   -5.22700e+05    8.61905e+04   -4.36510e+05   -5.06249e+05
    Temperature Pres. DC (bar) Pressure (bar)   Constr. rmsd
    3.01531e+02   -2.14729e+02   -3.20589e+02    3.55868e-06

           Step           Time
          24000       48.00000

   Energies (kJ/mol)
           Bond          Angle    Proper Dih. Ryckaert-Bell.          LJ-14
    1.49558e+03    3.72779e+03    2.65803e+02    1.89102e+03    2.64238e+03
     Coulomb-14        LJ (SR)  Disper. corr.   Coulomb (SR)   Coul. recip.
    7.69047e+03    9.09826e+04   -4.44920e+03   -6.29698e+05    2.98427e+03
 Position Rest.      Potential    Kinetic En.   Total Energy  Conserved En.
    5.35052e+02   -5.21932e+05    8.59881e+04   -4.35944e+05   -5.06232e+05
    Temperature Pres. DC (bar) Pressure (bar)   Constr. rmsd
    3.00823e+02   -2.14729e+02   -5.78259e+02    2.88259e-06

           Step           Time
          24500       49.00000

   Energies (kJ/mol)
           Bond          Angle    Proper Dih. Ryckaert-Bell.          LJ-14
    1.44529e+03    3.63615e+03    2.38191e+02    1.91049e+03    2.69959e+03
     Coulomb-14        LJ (SR)  Disper. corr.   Coulomb (SR)   Coul. recip.
    7.81982e+03    9.10801e+04   -4.44920e+03   -6.29926e+05    2.91704e+03
 Position Rest.      Potential    Kinetic En.   Total Energy  Conserved En.
    4.75248e+02   -5.22154e+05    8.55073e+04   -4.36646e+05   -5.06247e+05
    Temperature Pres. DC (bar) Pressure (bar)   Constr. rmsd
    2.99141e+02   -2.14729e+02   -9.00909e+02    2.87800e-06

           Step           Time
          25000       50.00000

   Energies (kJ/mol)
           Bond          Angle    Proper Dih. Ryckaert-Bell.          LJ-14
    1.46722e+03    3.73604e+03    2.76204e+02    1.96601e+03    2.65279e+03
     Coulomb-14        LJ (SR)  Disper. corr.   Coulomb (SR)   Coul. recip.
    7.73528e+03    9.19972e+04   -4.44920e+03   -6.30807e+05    3.01619e+03
 Position Rest.      Potential    Kinetic En.   Total Energy  Conserved En.
    5.09202e+02   -5.21900e+05    8.63965e+04   -4.35504e+05   -5.06251e+05
    Temperature Pres. DC (bar) Pressure (bar)   Constr. rmsd
    3.02252e+02   -2.14729e+02   -3.64675e+02    3.03196e-06

           Step           Time
          25500       51.00000

   Energies (kJ/mol)
           Bond          Angle    Proper Dih. Ryckaert-Bell.          LJ-14
    1.40633e+03    3.81366e+03    2.47785e+02    1.88334e+03    2.75326e+03
     Coulomb-14        LJ (SR)  Disper. corr.   Coulomb (SR)   Coul. recip.
    7.70962e+03    9.22726e+04   -4.44920e+03   -6.31724e+05    2.99819e+03
 Position Rest.      Potential    Kinetic En.   Total Energy  Conserved En.
    5.51191e+02   -5.22537e+05    8.60453e+04   -4.36492e+05   -5.06229e+05
    Temperature Pres. DC (bar) Pressure (bar)   Constr. rmsd
    3.01023e+02   -2.14729e+02   -5.92799e+02    2.79547e-06

           Step           Time
          26000       52.00000

   Energies (kJ/mol)
           Bond          Angle    Proper Dih. Ryckaert-Bell.          LJ-14
    1.43853e+03    3.60740e+03    2.57312e+02    1.89013e+03    2.75190e+03
     Coulomb-14        LJ (SR)  Disper. corr.   Coulomb (SR)   Coul. recip.
    7.76182e+03    9.25920e+04   -4.44920e+03   -6.31388e+05    3.09827e+03
 Position Rest.      Potential    Kinetic En.   Total Energy  Conserved En.
    5.08184e+02   -5.21932e+05    8.52271e+04   -4.36704e+05   -5.06230e+05
    Temperature Pres. DC (bar) Pressure (bar)   Constr. rmsd
    2.98161e+02   -2.14729e+02   -2.78951e+02    2.90375e-06

           Step           Time
          26500       53.00000

   Energies (kJ/mol)
           Bond          Angle    Proper Dih. Ryckaert-Bell.          LJ-14
    1.48512e+03    3.71431e+03    2.53909e+02    1.86688e+03    2.68770e+03
     Coulomb-14        LJ (SR)  Disper. corr.   Coulomb (SR)   Coul. recip.
    7.78029e+03    9.13079e+04   -4.44920e+03   -6.31567e+05    3.00711e+03
 Position Rest.      Potential    Kinetic En.   Total Energy  Conserved En.
    5.44671e+02   -5.23369e+05    8.59079e+04   -4.37461e+05   -5.06256e+05
    Temperature Pres. DC (bar) Pressure (bar)   Constr. rmsd
    3.00542e+02   -2.14729e+02   -6.76498e+02    2.78767e-06

           Step           Time
          27000       54.00000

   Energies (kJ/mol)
           Bond          Angle    Proper Dih. Ryckaert-Bell.          LJ-14
    1.42119e+03    3.66216e+03    2.40633e+02    1.90312e+03    2.71409e+03
     Coulomb-14        LJ (SR)  Disper. corr.   Coulomb (SR)   Coul. recip.
    7.82782e+03    9.24660e+04   -4.44920e+03   -6.32810e+05    2.97034e+03
 Position Rest.      Potential    Kinetic En.   Total Energy  Conserved En.
    4.93195e+02   -5.23561e+05    8.49593e+04   -4.38602e+05   -5.06240e+05
    Temperature Pres. DC (bar) Pressure (bar)   Constr. rmsd
    2.97224e+02   -2.14729e+02   -7.12739e+02    2.52444e-06

           Step           Time
          27500       55.00000

   Energies (kJ/mol)
           Bond          Angle    Proper Dih. Ryckaert-Bell.          LJ-14
    1.46158e+03    3.78837e+03    2.82527e+02    1.84476e+03    2.65432e+03
     Coulomb-14        LJ (SR)  Disper. corr.   Coulomb (SR)   Coul. recip.
    7.72223e+03    9.23293e+04   -4.44920e+03   -6.30120e+05    3.12243e+03
 Position Rest.      Potential    Kinetic En.   Total Energy  Conserved En.
    5.49387e+02   -5.20814e+05    8.64389e+04   -4.34375e+05   -5.06245e+05
    Temperature Pres. DC (bar) Pressure (bar)   Constr. rmsd
    3.02400e+02   -2.14729e+02   -4.88832e+02    2.67131e-06

           Step           Time
          28000       56.00000

   Energies (kJ/mol)
           Bond          Angle    Proper Dih. Ryckaert-Bell.          LJ-14
    1.42255e+03    3.68267e+03    2.40328e+02    1.89478e+03    2.69710e+03
     Coulomb-14        LJ (SR)  Disper. corr.   Coulomb (SR)   Coul. recip.
    7.72566e+03    9.21217e+04   -4.44920e+03   -6.31946e+05    2.89007e+03
 Position Rest.      Potential    Kinetic En.   Total Energy  Conserved En.
    4.80418e+02   -5.23240e+05    8.65456e+04   -4.36694e+05   -5.06258e+05
    Temperature Pres. DC (bar) Pressure (bar)   Constr. rmsd
    3.02773e+02   -2.14729e+02   -6.66410e+02    2.55673e-06

           Step           Time
          28500       57.00000

   Energies (kJ/mol)
           Bond          Angle    Proper Dih. Ryckaert-Bell.          LJ-14
    1.48451e+03    3.66935e+03    2.38555e+02    1.88651e+03    2.73198e+03
     Coulomb-14        LJ (SR)  Disper. corr.   Coulomb (SR)   Coul. recip.
    7.69984e+03    9.24331e+04   -4.44920e+03   -6.32508e+05    2.94779e+03
 Position Rest.      Potential    Kinetic En.   Total Energy  Conserved En.
    5.52911e+02   -5.23313e+05    8.55825e+04   -4.37730e+05   -5.06236e+05
    Temperature Pres. DC (bar) Pressure (bar)   Constr. rmsd
    2.99404e+02   -2.14729e+02   -1.00488e+03    3.02047e-06

           Step           Time
          29000       58.00000

   Energies (kJ/mol)
           Bond          Angle    Proper Dih. Ryckaert-Bell.          LJ-14
    1.50617e+03    3.75617e+03    2.60404e+02    1.99223e+03    2.63380e+03
     Coulomb-14        LJ (SR)  Disper. corr.   Coulomb (SR)   Coul. recip.
    7.75508e+03    9.15707e+04   -4.44920e+03   -6.31853e+05    3.00684e+03
 Position Rest.      Potential    Kinetic En.   Total Energy  Conserved En.
    5.01151e+02   -5.23320e+05    8.60238e+04   -4.37296e+05   -5.06243e+05
    Temperature Pres. DC (bar) Pressure (bar)   Constr. rmsd
    3.00948e+02   -2.14729e+02   -5.87437e+02    2.94491e-06

           Step           Time
          29500       59.00000

   Energies (kJ/mol)
           Bond          Angle    Proper Dih. Ryckaert-Bell.          LJ-14
    1.50867e+03    3.77240e+03    2.26505e+02    1.83698e+03    2.65942e+03
     Coulomb-14        LJ (SR)  Disper. corr.   Coulomb (SR)   Coul. recip.
    7.71310e+03    9.10172e+04   -4.44920e+03   -6.28950e+05    2.98154e+03
 Position Rest.      Potential    Kinetic En.   Total Energy  Conserved En.
    5.09839e+02   -5.21174e+05    8.57260e+04   -4.35448e+05   -5.06257e+05
    Temperature Pres. DC (bar) Pressure (bar)   Constr. rmsd
    2.99906e+02   -2.14729e+02   -6.99185e+02    3.03854e-06

           Step           Time
          30000       60.00000

   Energies (kJ/mol)
           Bond          Angle    Proper Dih. Ryckaert-Bell.          LJ-14
    1.34138e+03    3.73761e+03    2.30208e+02    1.89223e+03    2.81159e+03
     Coulomb-14        LJ (SR)  Disper. corr.   Coulomb (SR)   Coul. recip.
    7.81010e+03    9.20451e+04   -4.44920e+03   -6.30989e+05    3.12984e+03
 Position Rest.      Potential    Kinetic En.   Total Energy  Conserved En.
    4.81598e+02   -5.21958e+05    8.58163e+04   -4.36142e+05   -5.06263e+05
    Temperature Pres. DC (bar) Pressure (bar)   Constr. rmsd
    3.00222e+02   -2.14729e+02   -3.28587e+02    2.80974e-06

           Step           Time
          30500       61.00000

   Energies (kJ/mol)
           Bond          Angle    Proper Dih. Ryckaert-Bell.          LJ-14
    1.45630e+03    3.73585e+03    2.70061e+02    1.83869e+03    2.71955e+03
     Coulomb-14        LJ (SR)  Disper. corr.   Coulomb (SR)   Coul. recip.
    7.76441e+03    9.08544e+04   -4.44920e+03   -6.29116e+05    2.97853e+03
 Position Rest.      Potential    Kinetic En.   Total Energy  Conserved En.
    5.30448e+02   -5.21417e+05    8.57206e+04   -4.35696e+05   -5.06276e+05
    Temperature Pres. DC (bar) Pressure (bar)   Constr. rmsd
    2.99887e+02   -2.14729e+02   -6.43289e+02    2.81176e-06

           Step           Time
          31000       62.00000

   Energies (kJ/mol)
           Bond          Angle    Proper Dih. Ryckaert-Bell.          LJ-14
    1.49944e+03    3.81014e+03    2.36340e+02    1.84607e+03    2.67254e+03
     Coulomb-14        LJ (SR)  Disper. corr.   Coulomb (SR)   Coul. recip.
    7.71727e+03    9.27330e+04   -4.44920e+03   -6.30982e+05    3.08248e+03
 Position Rest.      Potential    Kinetic En.   Total Energy  Conserved En.
    5.44920e+02   -5.21290e+05    8.61855e+04   -4.35104e+05   -5.06269e+05
    Temperature Pres. DC (bar) Pressure (bar)   Constr. rmsd
    3.01514e+02   -2.14729e+02   -3.90844e+02    2.75167e-06

           Step           Time
          31500       63.00000

   Energies (kJ/mol)
           Bond          Angle    Proper Dih. Ryckaert-Bell.          LJ-14
    1.43733e+03    3.72918e+03    2.50373e+02    1.84838e+03    2.68707e+03
     Coulomb-14        LJ (SR)  Disper. corr.   Coulomb (SR)   Coul. recip.
    7.75320e+03    9.18575e+04   -4.44920e+03   -6.31604e+05    2.95368e+03
 Position Rest.      Potential    Kinetic En.   Total Energy  Conserved En.
    5.60388e+02   -5.22976e+05    8.53149e+04   -4.37661e+05   -5.06277e+05
    Temperature Pres. DC (bar) Pressure (bar)   Constr. rmsd
    2.98468e+02   -2.14729e+02   -2.89629e+02    2.59665e-06

           Step           Time
          32000       64.00000

   Energies (kJ/mol)
           Bond          Angle    Proper Dih. Ryckaert-Bell.          LJ-14
    1.41605e+03    3.67183e+03    2.16930e+02    1.82008e+03    2.69850e+03
     Coulomb-14        LJ (SR)  Disper. corr.   Coulomb (SR)   Coul. recip.
    7.77040e+03    9.17056e+04   -4.44920e+03   -6.30428e+05    2.92851e+03
 Position Rest.      Potential    Kinetic En.   Total Energy  Conserved En.
    5.15570e+02   -5.22133e+05    8.49322e+04   -4.37201e+05   -5.06284e+05
    Temperature Pres. DC (bar) Pressure (bar)   Constr. rmsd
    2.97129e+02   -2.14729e+02   -5.77488e+02    3.56479e-06

           Step           Time
          32500       65.00000

   Energies (kJ/mol)
           Bond          Angle    Proper Dih. Ryckaert-Bell.          LJ-14
    1.46604e+03    3.81885e+03    2.66581e+02    1.93767e+03    2.64551e+03
     Coulomb-14        LJ (SR)  Disper. corr.   Coulomb (SR)   Coul. recip.
    7.69260e+03    9.08398e+04   -4.44920e+03   -6.29526e+05    3.02725e+03
 Position Rest.      Potential    Kinetic En.   Total Energy  Conserved En.
    5.08376e+02   -5.21773e+05    8.54546e+04   -4.36318e+05   -5.06270e+05
    Temperature Pres. DC (bar) Pressure (bar)   Constr. rmsd
    2.98957e+02   -2.14729e+02   -6.19811e+02    2.82138e-06

           Step           Time
          33000       66.00000

   Energies (kJ/mol)
           Bond          Angle    Proper Dih. Ryckaert-Bell.          LJ-14
    1.40815e+03    3.63404e+03    2.57725e+02    1.95487e+03    2.66156e+03
     Coulomb-14        LJ (SR)  Disper. corr.   Coulomb (SR)   Coul. recip.
    7.77115e+03    9.23317e+04   -4.44920e+03   -6.32080e+05    3.03340e+03
 Position Rest.      Potential    Kinetic En.   Total Energy  Conserved En.
    5.32466e+02   -5.22944e+05    8.58048e+04   -4.37139e+05   -5.06306e+05
    Temperature Pres. DC (bar) Pressure (bar)   Constr. rmsd
    3.00182e+02   -2.14729e+02   -5.52762e+02    2.75779e-06

           Step           Time
          33500       67.00000

   Energies (kJ/mol)
           Bond          Angle    Proper Dih. Ryckaert-Bell.          LJ-14
    1.51956e+03    3.86430e+03    2.50400e+02    1.82574e+03    2.67554e+03
     Coulomb-14        LJ (SR)  Disper. corr.   Coulomb (SR)   Coul. recip.
    7.85318e+03    9.10914e+04   -4.44920e+03   -6.30658e+05    3.07413e+03
 Position Rest.      Potential    Kinetic En.   Total Energy  Conserved En.
    4.84265e+02   -5.22469e+05    8.59145e+04   -4.36554e+05   -5.06283e+05
    Temperature Pres. DC (bar) Pressure (bar)   Constr. rmsd
    3.00565e+02   -2.14729e+02   -9.30539e+02    2.84858e-06

           Step           Time
          34000       68.00000

   Energies (kJ/mol)
           Bond          Angle    Proper Dih. Ryckaert-Bell.          LJ-14
    1.47227e+03    3.78817e+03    2.71842e+02    1.88783e+03    2.62620e+03
     Coulomb-14        LJ (SR)  Disper. corr.   Coulomb (SR)   Coul. recip.
    7.70482e+03    9.21784e+04   -4.44920e+03   -6.31682e+05    2.97132e+03
 Position Rest.      Potential    Kinetic En.   Total Energy  Conserved En.
    5.08752e+02   -5.22721e+05    8.62766e+04   -4.36445e+05   -5.06299e+05
    Temperature Pres. DC (bar) Pressure (bar)   Constr. rmsd
    3.01832e+02   -2.14729e+02   -4.28137e+02    2.76608e-06

           Step           Time
          34500       69.00000

   Energies (kJ/mol)
           Bond          Angle    Proper Dih. Ryckaert-Bell.          LJ-14
    1.55235e+03    3.69041e+03    2.64011e+02    1.86199e+03    2.69312e+03
     Coulomb-14        LJ (SR)  Disper. corr.   Coulomb (SR)   Coul. recip.
    7.81103e+03    9.20545e+04   -4.44920e+03   -6.31254e+05    3.06902e+03
 Position Rest.      Potential    Kinetic En.   Total Energy  Conserved En.
    5.27496e+02   -5.22179e+05    8.60277e+04   -4.36151e+05   -5.06288e+05
    Temperature Pres. DC (bar) Pressure (bar)   Constr. rmsd
    3.00962e+02   -2.14729e+02   -8.15963e+02    2.90538e-06

           Step           Time
          35000       70.00000

   Energies (kJ/mol)
           Bond          Angle    Proper Dih. Ryckaert-Bell.          LJ-14
    1.38464e+03    3.81571e+03    2.64555e+02    1.93171e+03    2.69458e+03
     Coulomb-14        LJ (SR)  Disper. corr.   Coulomb (SR)   Coul. recip.
    7.71026e+03    9.20982e+04   -4.44920e+03   -6.31797e+05    3.05117e+03
 Position Rest.      Potential    Kinetic En.   Total Energy  Conserved En.
    4.88069e+02   -5.22808e+05    8.55263e+04   -4.37281e+05   -5.06313e+05
    Temperature Pres. DC (bar) Pressure (bar)   Constr. rmsd
    2.99207e+02   -2.14729e+02   -5.22297e+02    2.81808e-06

           Step           Time
          35500       71.00000

   Energies (kJ/mol)
           Bond          Angle    Proper Dih. Ryckaert-Bell.          LJ-14
    1.54596e+03    3.67961e+03    2.42695e+02    1.93127e+03    2.69821e+03
     Coulomb-14        LJ (SR)  Disper. corr.   Coulomb (SR)   Coul. recip.
    7.79781e+03    9.25439e+04   -4.44920e+03   -6.31454e+05    2.99585e+03
 Position Rest.      Potential    Kinetic En.   Total Energy  Conserved En.
    5.54517e+02   -5.21914e+05    8.63649e+04   -4.35549e+05   -5.06305e+05
    Temperature Pres. DC (bar) Pressure (bar)   Constr. rmsd
    3.02141e+02   -2.14729e+02   -6.43327e+02    2.91829e-06

           Step           Time
          36000       72.00000

   Energies (kJ/mol)
           Bond          Angle    Proper Dih. Ryckaert-Bell.          LJ-14
    1.43312e+03    3.64356e+03    2.37534e+02    1.84300e+03    2.73090e+03
     Coulomb-14        LJ (SR)  Disper. corr.   Coulomb (SR)   Coul. recip.
    7.74525e+03    9.34630e+04   -4.44920e+03   -6.33702e+05    2.98686e+03
 Position Rest.      Potential    Kinetic En.   Total Energy  Conserved En.
    5.69506e+02   -5.23499e+05    8.50982e+04   -4.38401e+05   -5.06307e+05
    Temperature Pres. DC (bar) Pressure (bar)   Constr. rmsd
    2.97710e+02   -2.14729e+02   -3.83909e+02    2.53512e-06

           Step           Time
          36500       73.00000

   Energies (kJ/mol)
           Bond          Angle    Proper Dih. Ryckaert-Bell.          LJ-14
    1.40286e+03    3.61218e+03    2.57958e+02    1.87897e+03    2.79908e+03
     Coulomb-14        LJ (SR)  Disper. corr.   Coulomb (SR)   Coul. recip.
    7.88631e+03    9.24781e+04   -4.44920e+03   -6.30536e+05    2.89030e+03
 Position Rest.      Potential    Kinetic En.   Total Energy  Conserved En.
    5.33753e+02   -5.21245e+05    8.56408e+04   -4.35605e+05   -5.06309e+05
    Temperature Pres. DC (bar) Pressure (bar)   Constr. rmsd
    2.99608e+02   -2.14729e+02   -3.18154e+02    2.66221e-06

           Step           Time
          37000       74.00000

   Energies (kJ/mol)
           Bond          Angle    Proper Dih. Ryckaert-Bell.          LJ-14
    1.44782e+03    3.76856e+03    2.43938e+02    1.79512e+03    2.67424e+03
     Coulomb-14        LJ (SR)  Disper. corr.   Coulomb (SR)   Coul. recip.
    7.80270e+03    9.26803e+04   -4.44920e+03   -6.31894e+05    2.99413e+03
 Position Rest.      Potential    Kinetic En.   Total Energy  Conserved En.
    5.50429e+02   -5.22386e+05    8.54712e+04   -4.36915e+05   -5.06321e+05
    Temperature Pres. DC (bar) Pressure (bar)   Constr. rmsd
    2.99015e+02   -2.14729e+02   -2.19148e+02    2.69167e-06

           Step           Time
          37500       75.00000

   Energies (kJ/mol)
           Bond          Angle    Proper Dih. Ryckaert-Bell.          LJ-14
    1.50825e+03    3.89741e+03    2.96652e+02    1.97345e+03    2.74528e+03
     Coulomb-14        LJ (SR)  Disper. corr.   Coulomb (SR)   Coul. recip.
    7.82398e+03    9.09338e+04   -4.44920e+03   -6.29180e+05    3.05242e+03
 Position Rest.      Potential    Kinetic En.   Total Energy  Conserved En.
    5.33331e+02   -5.20865e+05    8.56488e+04   -4.35216e+05   -5.06316e+05
    Temperature Pres. DC (bar) Pressure (bar)   Constr. rmsd
    2.99636e+02   -2.14729e+02   -6.25716e+02    2.72088e-06

           Step           Time
          38000       76.00000

   Energies (kJ/mol)
           Bond          Angle    Proper Dih. Ryckaert-Bell.          LJ-14
    1.41741e+03    3.75599e+03    2.32733e+02    1.82163e+03    2.67316e+03
     Coulomb-14        LJ (SR)  Disper. corr.   Coulomb (SR)   Coul. recip.
    7.64731e+03    9.19519e+04   -4.44920e+03   -6.31721e+05    2.97468e+03
 Position Rest.      Potential    Kinetic En.   Total Energy  Conserved En.
    5.34500e+02   -5.23161e+05    8.60050e+04   -4.37156e+05   -5.06343e+05
    Temperature Pres. DC (bar) Pressure (bar)   Constr. rmsd
    3.00882e+02   -2.14729e+02   -7.03149e+02    3.15913e-06

           Step           Time
          38500       77.00000

   Energies (kJ/mol)
           Bond          Angle    Proper Dih. Ryckaert-Bell.          LJ-14
    1.39977e+03    3.68706e+03    2.25222e+02    1.83636e+03    2.59360e+03
     Coulomb-14        LJ (SR)  Disper. corr.   Coulomb (SR)   Coul. recip.
    7.66268e+03    9.19484e+04   -4.44920e+03   -6.31939e+05    2.97857e+03
 Position Rest.      Potential    Kinetic En.   Total Energy  Conserved En.
    5.53983e+02   -5.23503e+05    8.54378e+04   -4.38065e+05   -5.06338e+05
    Temperature Pres. DC (bar) Pressure (bar)   Constr. rmsd
    2.98898e+02   -2.14729e+02   -4.49203e+02    2.86490e-06

           Step           Time
          39000       78.00000

   Energies (kJ/mol)
           Bond          Angle    Proper Dih. Ryckaert-Bell.          LJ-14
    1.47987e+03    3.72065e+03    2.77702e+02    1.94718e+03    2.68000e+03
     Coulomb-14        LJ (SR)  Disper. corr.   Coulomb (SR)   Coul. recip.
    7.74369e+03    9.18219e+04   -4.44920e+03   -6.30119e+05    3.00168e+03
 Position Rest.      Potential    Kinetic En.   Total Energy  Conserved En.
    5.22966e+02   -5.21373e+05    8.61896e+04   -4.35183e+05   -5.06318e+05
    Temperature Pres. DC (bar) Pressure (bar)   Constr. rmsd
    3.01528e+02   -2.14729e+02   -4.63434e+02    3.09333e-06

           Step           Time
          39500       79.00000

   Energies (kJ/mol)
           Bond          Angle    Proper Dih. Ryckaert-Bell.          LJ-14
    1.58524e+03    3.89270e+03    2.33110e+02    1.82064e+03    2.63022e+03
     Coulomb-14        LJ (SR)  Disper. corr.   Coulomb (SR)   Coul. recip.
    7.77311e+03    9.05517e+04   -4.44920e+03   -6.28826e+05    2.96659e+03
 Position Rest.      Potential    Kinetic En.   Total Energy  Conserved En.
    5.15300e+02   -5.21306e+05    8.57245e+04   -4.35582e+05   -5.06311e+05
    Temperature Pres. DC (bar) Pressure (bar)   Constr. rmsd
    2.99901e+02   -2.14729e+02   -9.55092e+02    2.87424e-06

           Step           Time
          40000       80.00000

   Energies (kJ/mol)
           Bond          Angle    Proper Dih. Ryckaert-Bell.          LJ-14
    1.54939e+03    3.72849e+03    2.69696e+02    1.88873e+03    2.80819e+03
     Coulomb-14        LJ (SR)  Disper. corr.   Coulomb (SR)   Coul. recip.
    7.76108e+03    9.16280e+04   -4.44920e+03   -6.29879e+05    2.97639e+03
 Position Rest.      Potential    Kinetic En.   Total Energy  Conserved En.
    5.21602e+02   -5.21196e+05    8.62302e+04   -4.34966e+05   -5.06333e+05
    Temperature Pres. DC (bar) Pressure (bar)   Constr. rmsd
    3.01670e+02   -2.14729e+02   -4.22222e+02    3.38002e-06

           Step           Time
          40500       81.00000

   Energies (kJ/mol)
           Bond          Angle    Proper Dih. Ryckaert-Bell.          LJ-14
    1.49115e+03    3.74910e+03    2.36320e+02    1.86562e+03    2.67676e+03
     Coulomb-14        LJ (SR)  Disper. corr.   Coulomb (SR)   Coul. recip.
    7.76398e+03    9.14581e+04   -4.44920e+03   -6.29472e+05    2.98006e+03
 Position Rest.      Potential    Kinetic En.   Total Energy  Conserved En.
    4.98404e+02   -5.21202e+05    8.55996e+04   -4.35602e+05   -5.06350e+05
    Temperature Pres. DC (bar) Pressure (bar)   Constr. rmsd
    2.99464e+02   -2.14729e+02   -2.77030e+02    3.10696e-06

           Step           Time
          41000       82.00000

   Energies (kJ/mol)
           Bond          Angle    Proper Dih. Ryckaert-Bell.          LJ-14
    1.57498e+03    3.84265e+03    2.25254e+02    1.85906e+03    2.66889e+03
     Coulomb-14        LJ (SR)  Disper. corr.   Coulomb (SR)   Coul. recip.
    7.76233e+03    9.12390e+04   -4.44920e+03   -6.30558e+05    3.12331e+03
 Position Rest.      Potential    Kinetic En.   Total Energy  Conserved En.
    4.94911e+02   -5.22216e+05    8.62494e+04   -4.35967e+05   -5.06354e+05
    Temperature Pres. DC (bar) Pressure (bar)   Constr. rmsd
    3.01737e+02   -2.14729e+02   -6.55011e+02    3.05870e-06

           Step           Time
          41500       83.00000

   Energies (kJ/mol)
           Bond          Angle    Proper Dih. Ryckaert-Bell.          LJ-14
    1.48308e+03    3.62205e+03    2.80774e+02    1.86411e+03    2.67879e+03
     Coulomb-14        LJ (SR)  Disper. corr.   Coulomb (SR)   Coul. recip.
    7.80651e+03    9.21121e+04   -4.44920e+03   -6.31412e+05    2.98882e+03
 Position Rest.      Potential    Kinetic En.   Total Energy  Conserved En.
    5.54253e+02   -5.22471e+05    8.56418e+04   -4.36829e+05   -5.06352e+05
    Temperature Pres. DC (bar) Pressure (bar)   Constr. rmsd
    2.99611e+02   -2.14729e+02   -6.03112e+02    3.23172e-06

           Step           Time
          42000       84.00000

   Energies (kJ/mol)
           Bond          Angle    Proper Dih. Ryckaert-Bell.          LJ-14
    1.31891e+03    3.70949e+03    2.15695e+02    1.86070e+03    2.71957e+03
     Coulomb-14        LJ (SR)  Disper. corr.   Coulomb (SR)   Coul. recip.
    7.78805e+03    9.24154e+04   -4.44920e+03   -6.31368e+05    2.92535e+03
 Position Rest.      Potential    Kinetic En.   Total Energy  Conserved En.
    4.83413e+02   -5.22380e+05    8.53488e+04   -4.37032e+05   -5.06366e+05
    Temperature Pres. DC (bar) Pressure (bar)   Constr. rmsd
    2.98587e+02   -2.14729e+02   -3.31853e+02    2.66665e-06

           Step           Time
          42500       85.00000

   Energies (kJ/mol)
           Bond          Angle    Proper Dih. Ryckaert-Bell.          LJ-14
    1.44897e+03    3.97289e+03    2.45446e+02    1.89736e+03    2.62162e+03
     Coulomb-14        LJ (SR)  Disper. corr.   Coulomb (SR)   Coul. recip.
    7.73411e+03    9.30776e+04   -4.44920e+03   -6.31987e+05    3.04170e+03
 Position Rest.      Potential    Kinetic En.   Total Energy  Conserved En.
    5.20157e+02   -5.21876e+05    8.57315e+04   -4.36145e+05   -5.06353e+05
    Temperature Pres. DC (bar) Pressure (bar)   Constr. rmsd
    2.99925e+02   -2.14729e+02   -8.03784e+02    3.04524e-06

           Step           Time
          43000       86.00000

   Energies (kJ/mol)
           Bond          Angle    Proper Dih. Ryckaert-Bell.          LJ-14
    1.54811e+03    3.69707e+03    2.82076e+02    1.91419e+03    2.64115e+03
     Coulomb-14        LJ (SR)  Disper. corr.   Coulomb (SR)   Coul. recip.
    7.69371e+03    9.22229e+04   -4.44920e+03   -6.30382e+05    3.07893e+03
 Position Rest.      Potential    Kinetic En.   Total Energy  Conserved En.
    5.24522e+02   -5.21229e+05    8.58634e+04   -4.35365e+05   -5.06352e+05
    Temperature Pres. DC (bar) Pressure (bar)   Constr. rmsd
    3.00387e+02   -2.14729e+02   -7.07480e+02    3.40504e-06

           Step           Time
          43500       87.00000

   Energies (kJ/mol)
           Bond          Angle    Proper Dih. Ryckaert-Bell.          LJ-14
    1.33810e+03    3.69665e+03    2.90327e+02    1.84327e+03    2.71615e+03
     Coulomb-14        LJ (SR)  Disper. corr.   Coulomb (SR)   Coul. recip.
    7.70824e+03    9.20486e+04   -4.44920e+03   -6.30717e+05    3.00022e+03
 Position Rest.      Potential    Kinetic En.   Total Energy  Conserved En.
    4.82694e+02   -5.22042e+05    8.57156e+04   -4.36327e+05   -5.06364e+05
    Temperature Pres. DC (bar) Pressure (bar)   Constr. rmsd
    2.99870e+02   -2.14729e+02   -2.82651e+02    3.47634e-06

           Step           Time
          44000       88.00000

   Energies (kJ/mol)
           Bond          Angle    Proper Dih. Ryckaert-Bell.          LJ-14
    1.35177e+03    3.80777e+03    2.57167e+02    1.81299e+03    2.74011e+03
     Coulomb-14        LJ (SR)  Disper. corr.   Coulomb (SR)   Coul. recip.
    7.82380e+03    9.24096e+04   -4.44920e+03   -6.31127e+05    3.03880e+03
 Position Rest.      Potential    Kinetic En.   Total Energy  Conserved En.
    4.65598e+02   -5.21869e+05    8.62207e+04   -4.35648e+05   -5.06358e+05
    Temperature Pres. DC (bar) Pressure (bar)   Constr. rmsd
    3.01637e+02   -2.14729e+02   -3.81956e+02    3.28294e-06

           Step           Time
          44500       89.00000

   Energies (kJ/mol)
           Bond          Angle    Proper Dih. Ryckaert-Bell.          LJ-14
    1.49655e+03    3.79675e+03    2.40420e+02    1.82650e+03    2.70503e+03
     Coulomb-14        LJ (SR)  Disper. corr.   Coulomb (SR)   Coul. recip.
    7.76999e+03    9.18874e+04   -4.44920e+03   -6.31218e+05    3.00413e+03
 Position Rest.      Potential    Kinetic En.   Total Energy  Conserved En.
    4.48152e+02   -5.22493e+05    8.56996e+04   -4.36793e+05   -5.06360e+05
    Temperature Pres. DC (bar) Pressure (bar)   Constr. rmsd
    2.99814e+02   -2.14729e+02   -6.46900e+02    2.62854e-06

           Step           Time
          45000       90.00000

   Energies (kJ/mol)
           Bond          Angle    Proper Dih. Ryckaert-Bell.          LJ-14
    1.53455e+03    3.76963e+03    2.28988e+02    1.92589e+03    2.74730e+03
     Coulomb-14        LJ (SR)  Disper. corr.   Coulomb (SR)   Coul. recip.
    7.78152e+03    9.26329e+04   -4.44920e+03   -6.32124e+05    2.96472e+03
 Position Rest.      Potential    Kinetic En.   Total Energy  Conserved En.
    4.73996e+02   -5.22514e+05    8.57229e+04   -4.36791e+05   -5.06353e+05
    Temperature Pres. DC (bar) Pressure (bar)   Constr. rmsd
    2.99895e+02   -2.14729e+02   -1.94810e+02    3.11955e-06

           Step           Time
          45500       91.00000

   Energies (kJ/mol)
           Bond          Angle    Proper Dih. Ryckaert-Bell.          LJ-14
    1.44035e+03    3.69356e+03    2.24912e+02    1.88552e+03    2.67919e+03
     Coulomb-14        LJ (SR)  Disper. corr.   Coulomb (SR)   Coul. recip.
    7.68942e+03    9.27838e+04   -4.44920e+03   -6.33433e+05    3.01298e+03
 Position Rest.      Potential    Kinetic En.   Total Energy  Conserved En.
    4.41122e+02   -5.24031e+05    8.56448e+04   -4.38386e+05   -5.06373e+05
    Temperature Pres. DC (bar) Pressure (bar)   Constr. rmsd
    2.99622e+02   -2.14729e+02   -5.59618e+02    3.19363e-06

           Step           Time
          46000       92.00000

   Energies (kJ/mol)
           Bond          Angle    Proper Dih. Ryckaert-Bell.          LJ-14
    1.44716e+03    3.82229e+03    2.41943e+02    1.83626e+03    2.66869e+03
     Coulomb-14        LJ (SR)  Disper. corr.   Coulomb (SR)   Coul. recip.
    7.82077e+03    9.34664e+04   -4.44920e+03   -6.33313e+05    2.99607e+03
 Position Rest.      Potential    Kinetic En.   Total Energy  Conserved En.
    4.74094e+02   -5.22989e+05    8.60321e+04   -4.36957e+05   -5.06347e+05
    Temperature Pres. DC (bar) Pressure (bar)   Constr. rmsd
    3.00977e+02   -2.14729e+02   -4.48932e+02    2.63124e-06

           Step           Time
          46500       93.00000

   Energies (kJ/mol)
           Bond          Angle    Proper Dih. Ryckaert-Bell.          LJ-14
    1.43465e+03    3.90809e+03    2.76301e+02    1.82689e+03    2.70605e+03
     Coulomb-14        LJ (SR)  Disper. corr.   Coulomb (SR)   Coul. recip.
    7.80567e+03    9.15651e+04   -4.44920e+03   -6.31213e+05    3.03039e+03
 Position Rest.      Potential    Kinetic En.   Total Energy  Conserved En.
    5.32048e+02   -5.22577e+05    8.58748e+04   -4.36702e+05   -5.06380e+05
    Temperature Pres. DC (bar) Pressure (bar)   Constr. rmsd
    3.00426e+02   -2.14729e+02   -5.11538e+02    2.72483e-06

           Step           Time
          47000       94.00000

   Energies (kJ/mol)
           Bond          Angle    Proper Dih. Ryckaert-Bell.          LJ-14
    1.49653e+03    3.84026e+03    2.71632e+02    1.83294e+03    2.63468e+03
     Coulomb-14        LJ (SR)  Disper. corr.   Coulomb (SR)   Coul. recip.
    7.81310e+03    9.23319e+04   -4.44920e+03   -6.30318e+05    2.96687e+03
 Position Rest.      Potential    Kinetic En.   Total Energy  Conserved En.
    5.23215e+02   -5.21056e+05    8.55591e+04   -4.35497e+05   -5.06368e+05
    Temperature Pres. DC (bar) Pressure (bar)   Constr. rmsd
    2.99322e+02   -2.14729e+02   -5.91365e+02    2.98782e-06

           Step           Time
          47500       95.00000

   Energies (kJ/mol)
           Bond          Angle    Proper Dih. Ryckaert-Bell.          LJ-14
    1.46226e+03    3.69964e+03    2.70354e+02    1.85199e+03    2.68582e+03
     Coulomb-14        LJ (SR)  Disper. corr.   Coulomb (SR)   Coul. recip.
    7.79414e+03    9.18989e+04   -4.44920e+03   -6.31551e+05    3.05317e+03
 Position Rest.      Potential    Kinetic En.   Total Energy  Conserved En.
    5.02138e+02   -5.22781e+05    8.62508e+04   -4.36530e+05   -5.06397e+05
    Temperature Pres. DC (bar) Pressure (bar)   Constr. rmsd
    3.01742e+02   -2.14729e+02   -5.62651e+02    2.75302e-06

           Step           Time
          48000       96.00000

   Energies (kJ/mol)
           Bond          Angle    Proper Dih. Ryckaert-Bell.          LJ-14
    1.41631e+03    3.80018e+03    2.31152e+02    1.83996e+03    2.64324e+03
     Coulomb-14        LJ (SR)  Disper. corr.   Coulomb (SR)   Coul. recip.
    7.76427e+03    9.14504e+04   -4.44920e+03   -6.29869e+05    2.94951e+03
 Position Rest.      Potential    Kinetic En.   Total Energy  Conserved En.
    4.99455e+02   -5.21724e+05    8.61845e+04   -4.35539e+05   -5.06407e+05
    Temperature Pres. DC (bar) Pressure (bar)   Constr. rmsd
    3.01510e+02   -2.14729e+02   -5.45857e+02    2.92261e-06

           Step           Time
          48500       97.00000

   Energies (kJ/mol)
           Bond          Angle    Proper Dih. Ryckaert-Bell.          LJ-14
    1.42321e+03    3.67181e+03    2.22117e+02    1.83662e+03    2.68005e+03
     Coulomb-14        LJ (SR)  Disper. corr.   Coulomb (SR)   Coul. recip.
    7.70214e+03    9.22538e+04   -4.44920e+03   -6.31366e+05    3.06923e+03
 Position Rest.      Potential    Kinetic En.   Total Energy  Conserved En.
    4.81549e+02   -5.22475e+05    8.58207e+04   -4.36654e+05   -5.06396e+05
    Temperature Pres. DC (bar) Pressure (bar)   Constr. rmsd
    3.00237e+02   -2.14729e+02   -5.31882e+02    2.65618e-06

           Step           Time
          49000       98.00000

   Energies (kJ/mol)
           Bond          Angle    Proper Dih. Ryckaert-Bell.          LJ-14
    1.39387e+03    3.85400e+03    2.56218e+02    1.88781e+03    2.70505e+03
     Coulomb-14        LJ (SR)  Disper. corr.   Coulomb (SR)   Coul. recip.
    7.73987e+03    9.10288e+04   -4.44920e+03   -6.29945e+05    2.95508e+03
 Position Rest.      Potential    Kinetic En.   Total Energy  Conserved En.
    4.84468e+02   -5.22089e+05    8.55739e+04   -4.36515e+05   -5.06388e+05
    Temperature Pres. DC (bar) Pressure (bar)   Constr. rmsd
    2.99374e+02   -2.14729e+02   -5.79285e+02    2.81835e-06

           Step           Time
          49500       99.00000

   Energies (kJ/mol)
           Bond          Angle    Proper Dih. Ryckaert-Bell.          LJ-14
    1.47463e+03    3.68198e+03    2.45133e+02    1.80797e+03    2.73272e+03
     Coulomb-14        LJ (SR)  Disper. corr.   Coulomb (SR)   Coul. recip.
    7.69325e+03    9.17255e+04   -4.44920e+03   -6.30382e+05    2.94402e+03
 Position Rest.      Potential    Kinetic En.   Total Energy  Conserved En.
    4.81111e+02   -5.22044e+05    8.61306e+04   -4.35914e+05   -5.06390e+05
    Temperature Pres. DC (bar) Pressure (bar)   Constr. rmsd
    3.01322e+02   -2.14729e+02   -4.42739e+02    2.91288e-06

           Step           Time
          50000      100.00000

Writing checkpoint, step 50000 at Tue Jan 21 16:48:55 2025


   Energies (kJ/mol)
           Bond          Angle    Proper Dih. Ryckaert-Bell.          LJ-14
    1.41686e+03    3.71446e+03    2.32677e+02    1.85876e+03    2.64408e+03
     Coulomb-14        LJ (SR)  Disper. corr.   Coulomb (SR)   Coul. recip.
    7.73076e+03    9.25835e+04   -4.44920e+03   -6.31325e+05    2.98713e+03
 Position Rest.      Potential    Kinetic En.   Total Energy  Conserved En.
    5.07790e+02   -5.22099e+05    8.53220e+04   -4.36777e+05   -5.06409e+05
    Temperature Pres. DC (bar) Pressure (bar)   Constr. rmsd
    2.98493e+02   -2.14729e+02   -7.58630e+02    2.77511e-06


	<======  ###############  ==>
	<====  A V E R A G E S  ====>
	<==  ###############  ======>

	Statistics over 50001 steps using 501 frames

   Energies (kJ/mol)
           Bond          Angle    Proper Dih. Ryckaert-Bell.          LJ-14
    1.44704e+03    3.72336e+03    2.48571e+02    1.87160e+03    2.68763e+03
     Coulomb-14        LJ (SR)  Disper. corr.   Coulomb (SR)   Coul. recip.
    7.74885e+03    9.19263e+04   -4.44920e+03   -6.31139e+05    3.00456e+03
 Position Rest.      Potential    Kinetic En.   Total Energy  Conserved En.
    5.15398e+02   -5.22415e+05    8.57206e+04   -4.36694e+05   -5.06237e+05
    Temperature Pres. DC (bar) Pressure (bar)   Constr. rmsd
    2.99887e+02   -2.14729e+02   -5.35225e+02    0.00000e+00

   Total Virial (kJ/mol)
    3.39712e+04    4.49538e+01   -1.31537e+02
    4.48075e+01    3.43865e+04    3.66944e+02
   -1.31726e+02    3.67229e+02    3.40180e+04

   Pressure (bar)
   -5.18048e+02   -3.82962e+00    1.38198e+01
   -3.81551e+00   -5.62689e+02   -3.66669e+01
    1.38380e+01   -3.66944e+01   -5.24938e+02

      T-Protein  T-non-Protein
    3.00009e+02    2.99878e+02


	M E G A - F L O P S   A C C O U N T I N G

 NB=Group-cutoff nonbonded kernels    NxN=N-by-N cluster Verlet kernels
 RF=Reaction-Field  VdW=Van der Waals  QSTab=quadratic-spline table
 W3=SPC/TIP3p  W4=TIP4p (single or pairs)
 V&F=Potential and force  V=Potential only  F=Force only

 Computing:                               M-Number         M-Flops  % Flops
-----------------------------------------------------------------------------
 Pair Search distance check            1610.080208       14490.722     0.0
 NxN Ewald Elec. + LJ [F]           1623892.419072   107176899.659    98.1
 NxN Ewald Elec. + LJ [V&F]           16435.746688     1758624.896     1.6
 1,4 nonbonded interactions             255.305106       22977.460     0.0
 Shift-X                                 16.971876         101.831     0.0
 Bonds                                   51.251025        3023.810     0.0
 Angles                                 177.353547       29795.396     0.0
 Propers                                 21.300426        4877.798     0.0
 RB-Dihedrals                           197.503950       48783.476     0.0
 Pos. Restr.                             50.051001        2502.550     0.0
 Virial                                  16.994421         305.900     0.0
 Stop-CM                                 17.005752         170.058     0.0
 Calc-Ekin                              338.827752        9148.349     0.0
 Lincs                                   47.952877        2877.173     0.0
 Lincs-Mat                              238.814328         955.257     0.0
 Constraint-V                          1691.367652       13530.941     0.0
 Constraint-Vir                          16.466367         395.193     0.0
 Settle                                 531.831908      171781.706     0.2
-----------------------------------------------------------------------------
 Total                                               109261242.173   100.0
-----------------------------------------------------------------------------


     R E A L   C Y C L E   A N D   T I M E   A C C O U N T I N G

On 1 MPI rank, each using 8 OpenMP threads

 Computing:          Num   Num      Call    Wall time         Giga-Cycles
                     Ranks Threads  Count      (s)         total sum    %
-----------------------------------------------------------------------------
 Neighbor search        1    8        501       2.920         53.758   1.5
 Launch GPU ops.        1    8      50001      21.943        404.011  11.2
 Force                  1    8      50001      11.914        219.357   6.1
 Wait PME GPU gather    1    8      50001      13.312        245.103   6.8
 Reduce GPU PME F       1    8      50001       2.725         50.174   1.4
 Wait GPU NB local                             14.432        265.725   7.4
 NB X/F buffer ops.     1    8      99501       6.062        111.623   3.1
 Write traj.            1    8        101       2.744         50.527   1.4
 Update                 1    8      50001       5.340         98.314   2.7
 Constraints            1    8      50003       7.237        133.247   3.7
 Rest                                         107.371       1976.927  54.8
-----------------------------------------------------------------------------
 Total                                        196.000       3608.767 100.0
-----------------------------------------------------------------------------

               Core t (s)   Wall t (s)        (%)
       Time:     1568.000      196.000      800.0
                 (ns/day)    (hour/ns)
Performance:       44.083        0.544
Finished mdrun on rank 0 Tue Jan 21 16:48:55 2025

