                  :-) GROMACS - gmx mdrun, 2020.6-MODIFIED (-:

                            GROMACS is written by:
     Emile Apol      Rossen Apostolov      Paul Bauer     Herman J.C. Berendsen
    Par Bjelkmar      Christian Blau   Viacheslav Bolnykh     Kevin Boyd    
 Aldert van Buuren   Rudi van Drunen     Anton Feenstra       Alan Gray     
  Gerrit Groenhof     Anca Hamuraru    Vincent Hindriksen  M. Eric Irrgang  
  Aleksei Iupinov   Christoph Junghans     Joe Jordan     Dimitrios Karkoulis
    Peter Kasson        Jiri Kraus      Carsten Kutzner      Per Larsson    
  Justin A. Lemkul    Viveca Lindahl    Magnus Lundborg     Erik Marklund   
    Pascal Merz     Pieter Meulenhoff    Teemu Murtola       Szilard Pall   
    Sander Pronk      Roland Schulz      Michael Shirts    Alexey Shvetsov  
   Alfons Sijbers     Peter Tieleman      Jon Vincent      Teemu Virolainen 
 Christian Wennberg    Maarten Wolf      Artem Zhmurov   
                           and the project leaders:
        Mark Abraham, Berk Hess, Erik Lindahl, and David van der Spoel

Copyright (c) 1991-2000, University of Groningen, The Netherlands.
Copyright (c) 2001-2019, The GROMACS development team at
Uppsala University, Stockholm University and
the Royal Institute of Technology, Sweden.
check out http://www.gromacs.org for more information.

GROMACS is free software; you can redistribute it and/or modify it
under the terms of the GNU Lesser General Public License
as published by the Free Software Foundation; either version 2.1
of the License, or (at your option) any later version.

GROMACS:      gmx mdrun, version 2020.6-MODIFIED
Executable:   D:\SotfWare\MD\GROMACS\gmx2020.6_GPU\bin\gmx.exe
Data prefix:  D:\SotfWare\MD\GROMACS\gmx2020.6_GPU
Working dir:  D:\1Store\MD\1.hen-egg-white-lysozyme\6.md-run
Process ID:   50316
Command line:
  gmx mdrun -deffnm md_0_1 -nb gpu

GROMACS version:    2020.6-MODIFIED
This program has been built from source code that has been altered and does not match the code released as part of the official GROMACS version 2020.6-MODIFIED. If you did not intend to use an altered GROMACS version, make sure to download an intact source distribution and compile that before proceeding.
If you have modified the source code, you are strongly encouraged to set your custom version suffix (using -DGMX_VERSION_STRING_OF_FORK) which will can help later with scientific reproducibility but also when reporting bugs.
Release checksum: 2f568d8884e039acbc6b68722432516e0628be00c847969b7c905c8b53ef826f
Computed checksum: 8d63a67cf4b6b6870aa0765648066d1044255101ccc4e9bf59490d41bf23c877
Precision:          single
Memory model:       64 bit
MPI library:        thread_mpi
OpenMP support:     enabled (GMX_OPENMP_MAX_THREADS = 64)
GPU support:        CUDA
SIMD instructions:  AVX2_256
FFT library:        fftw3
RDTSCP usage:       enabled
TNG support:        enabled
Hwloc support:      disabled
Tracing support:    disabled
C compiler:         C:/Program Files (x86)/Microsoft Visual Studio/2019/Community/VC/Tools/MSVC/14.28.29910/bin/Hostx64/x64/cl.exe MSVC 19.28.29913.0
C compiler flags:   /arch:AVX2 /MD /O2 /Ob2 /DNDEBUG
C++ compiler:       C:/Program Files (x86)/Microsoft Visual Studio/2019/Community/VC/Tools/MSVC/14.28.29910/bin/Hostx64/x64/cl.exe MSVC 19.28.29913.0
C++ compiler flags: /arch:AVX2 /wd4800 /wd4355 /wd4996 /wd4305 /wd4244 /wd4101 /wd4267 /wd4090 /wd4068 /analyze /analyze:stacksize 70000 /wd6001 /wd6011 /wd6053 /wd6054 /wd6385 /wd6386 /wd6387 /wd28199 /wd6239 /wd6240 /wd6294 /wd6326 /wd28020 /wd6330 /wd6993 /wd6031 /wd6244 /wd6246 -openmp /MD /O2 /Ob2 /DNDEBUG
CUDA compiler:      D:/tools/CUDA_toolkit/bin/nvcc.exe nvcc: NVIDIA (R) Cuda compiler driver;Copyright (c) 2005-2021 NVIDIA Corporation;Built on Wed_Jun__2_19:25:35_Pacific_Daylight_Time_2021;Cuda compilation tools, release 11.4, V11.4.48;Build cuda_11.4.r11.4/compiler.30033411_0
CUDA compiler flags:-gencode;arch=compute_35,code=sm_35;-gencode;arch=compute_37,code=sm_37;-gencode;arch=compute_50,code=sm_50;-gencode;arch=compute_52,code=sm_52;-gencode;arch=compute_60,code=sm_60;-gencode;arch=compute_61,code=sm_61;-gencode;arch=compute_70,code=sm_70;-Wno-deprecated-gpu-targets;-gencode;arch=compute_35,code=compute_35;-gencode;arch=compute_50,code=compute_50;-gencode;arch=compute_52,code=compute_52;-gencode;arch=compute_60,code=compute_60;-gencode;arch=compute_61,code=compute_61;-gencode;arch=compute_70,code=compute_70;-gencode;arch=compute_75,code=compute_75;-gencode;arch=compute_80,code=compute_80;-use_fast_math;;/arch:AVX2 /wd4800 /wd4355 /wd4996 /wd4305 /wd4244 /wd4101 /wd4267 /wd4090 /wd4068 /analyze /analyze:stacksize 70000 /wd6001 /wd6011 /wd6053 /wd6054 /wd6385 /wd6386 /wd6387 /wd28199 /wd6239 /wd6240 /wd6294 /wd6326 /wd28020 /wd6330 /wd6993 /wd6031 /wd6244 /wd6246 -openmp /MD /O2 /Ob2 /DNDEBUG
CUDA driver:        11.60
CUDA runtime:       11.40


Running on 1 node with total 4 cores, 8 logical cores, 1 compatible GPU
Hardware detected:
  CPU info:
    Vendor: Intel
    Brand:  Intel(R) Core(TM) i7-10510U CPU @ 1.80GHz
    Family: 6   Model: 142   Stepping: 12
    Features: aes apic avx avx2 clfsh cmov cx8 cx16 f16c fma htt intel lahf mmx msr nonstop_tsc pcid pclmuldq pdcm pdpe1gb popcnt pse rdrnd rdtscp sse2 sse3 sse4.1 sse4.2 ssse3 tdt x2apic
  Hardware topology: Basic
    Sockets, cores, and logical processors:
      Socket  0: [   0   1] [   2   3] [   4   5] [   6   7]
  GPU info:
    Number of GPUs detected: 1
    #0: NVIDIA NVIDIA GeForce MX250, compute cap.: 6.1, ECC:  no, stat: compatible


++++ PLEASE READ AND CITE THE FOLLOWING REFERENCE ++++
M. J. Abraham, T. Murtola, R. Schulz, S. Páll, J. C. Smith, B. Hess, E.
Lindahl
GROMACS: High performance molecular simulations through multi-level
parallelism from laptops to supercomputers
SoftwareX 1 (2015) pp. 19-25
-------- -------- --- Thank You --- -------- --------


++++ PLEASE READ AND CITE THE FOLLOWING REFERENCE ++++
S. Páll, M. J. Abraham, C. Kutzner, B. Hess, E. Lindahl
Tackling Exascale Software Challenges in Molecular Dynamics Simulations with
GROMACS
In S. Markidis & E. Laure (Eds.), Solving Software Challenges for Exascale 8759 (2015) pp. 3-27
-------- -------- --- Thank You --- -------- --------


++++ PLEASE READ AND CITE THE FOLLOWING REFERENCE ++++
S. Pronk, S. Páll, R. Schulz, P. Larsson, P. Bjelkmar, R. Apostolov, M. R.
Shirts, J. C. Smith, P. M. Kasson, D. van der Spoel, B. Hess, and E. Lindahl
GROMACS 4.5: a high-throughput and highly parallel open source molecular
simulation toolkit
Bioinformatics 29 (2013) pp. 845-54
-------- -------- --- Thank You --- -------- --------


++++ PLEASE READ AND CITE THE FOLLOWING REFERENCE ++++
B. Hess and C. Kutzner and D. van der Spoel and E. Lindahl
GROMACS 4: Algorithms for highly efficient, load-balanced, and scalable
molecular simulation
J. Chem. Theory Comput. 4 (2008) pp. 435-447
-------- -------- --- Thank You --- -------- --------


++++ PLEASE READ AND CITE THE FOLLOWING REFERENCE ++++
D. van der Spoel, E. Lindahl, B. Hess, G. Groenhof, A. E. Mark and H. J. C.
Berendsen
GROMACS: Fast, Flexible and Free
J. Comp. Chem. 26 (2005) pp. 1701-1719
-------- -------- --- Thank You --- -------- --------


++++ PLEASE READ AND CITE THE FOLLOWING REFERENCE ++++
E. Lindahl and B. Hess and D. van der Spoel
GROMACS 3.0: A package for molecular simulation and trajectory analysis
J. Mol. Mod. 7 (2001) pp. 306-317
-------- -------- --- Thank You --- -------- --------


++++ PLEASE READ AND CITE THE FOLLOWING REFERENCE ++++
H. J. C. Berendsen, D. van der Spoel and R. van Drunen
GROMACS: A message-passing parallel molecular dynamics implementation
Comp. Phys. Comm. 91 (1995) pp. 43-56
-------- -------- --- Thank You --- -------- --------


++++ PLEASE CITE THE DOI FOR THIS VERSION OF GROMACS ++++
https://doi.org/10.5281/zenodo.4576055
-------- -------- --- Thank You --- -------- --------

Input Parameters:
   integrator                     = md
   tinit                          = 0
   dt                             = 0.002
   nsteps                         = 500000
   init-step                      = 0
   simulation-part                = 1
   comm-mode                      = Linear
   nstcomm                        = 100
   bd-fric                        = 0
   ld-seed                        = -1158971564
   emtol                          = 10
   emstep                         = 0.01
   niter                          = 20
   fcstep                         = 0
   nstcgsteep                     = 1000
   nbfgscorr                      = 10
   rtpi                           = 0.05
   nstxout                        = 0
   nstvout                        = 0
   nstfout                        = 0
   nstlog                         = 5000
   nstcalcenergy                  = 100
   nstenergy                      = 5000
   nstxout-compressed             = 5000
   compressed-x-precision         = 1000
   cutoff-scheme                  = Verlet
   nstlist                        = 10
   pbc                            = xyz
   periodic-molecules             = false
   verlet-buffer-tolerance        = 0.005
   rlist                          = 1
   coulombtype                    = PME
   coulomb-modifier               = Potential-shift
   rcoulomb-switch                = 0
   rcoulomb                       = 1
   epsilon-r                      = 1
   epsilon-rf                     = inf
   vdw-type                       = Cut-off
   vdw-modifier                   = Potential-shift
   rvdw-switch                    = 0
   rvdw                           = 1
   DispCorr                       = EnerPres
   table-extension                = 1
   fourierspacing                 = 0.16
   fourier-nx                     = 44
   fourier-ny                     = 44
   fourier-nz                     = 44
   pme-order                      = 4
   ewald-rtol                     = 1e-05
   ewald-rtol-lj                  = 0.001
   lj-pme-comb-rule               = Geometric
   ewald-geometry                 = 0
   epsilon-surface                = 0
   tcoupl                         = V-rescale
   nsttcouple                     = 10
   nh-chain-length                = 0
   print-nose-hoover-chain-variables = false
   pcoupl                         = Parrinello-Rahman
   pcoupltype                     = Isotropic
   nstpcouple                     = 10
   tau-p                          = 2
   compressibility (3x3):
      compressibility[    0]={ 4.50000e-05,  0.00000e+00,  0.00000e+00}
      compressibility[    1]={ 0.00000e+00,  4.50000e-05,  0.00000e+00}
      compressibility[    2]={ 0.00000e+00,  0.00000e+00,  4.50000e-05}
   ref-p (3x3):
      ref-p[    0]={ 1.00000e+00,  0.00000e+00,  0.00000e+00}
      ref-p[    1]={ 0.00000e+00,  1.00000e+00,  0.00000e+00}
      ref-p[    2]={ 0.00000e+00,  0.00000e+00,  1.00000e+00}
   refcoord-scaling               = No
   posres-com (3):
      posres-com[0]= 0.00000e+00
      posres-com[1]= 0.00000e+00
      posres-com[2]= 0.00000e+00
   posres-comB (3):
      posres-comB[0]= 0.00000e+00
      posres-comB[1]= 0.00000e+00
      posres-comB[2]= 0.00000e+00
   QMMM                           = false
   QMconstraints                  = 0
   QMMMscheme                     = 0
   MMChargeScaleFactor            = 1
qm-opts:
   ngQM                           = 0
   constraint-algorithm           = Lincs
   continuation                   = true
   Shake-SOR                      = false
   shake-tol                      = 0.0001
   lincs-order                    = 4
   lincs-iter                     = 1
   lincs-warnangle                = 30
   nwall                          = 0
   wall-type                      = 9-3
   wall-r-linpot                  = -1
   wall-atomtype[0]               = -1
   wall-atomtype[1]               = -1
   wall-density[0]                = 0
   wall-density[1]                = 0
   wall-ewald-zfac                = 3
   pull                           = false
   awh                            = false
   rotation                       = false
   interactiveMD                  = false
   disre                          = No
   disre-weighting                = Conservative
   disre-mixed                    = false
   dr-fc                          = 1000
   dr-tau                         = 0
   nstdisreout                    = 100
   orire-fc                       = 0
   orire-tau                      = 0
   nstorireout                    = 100
   free-energy                    = no
   cos-acceleration               = 0
   deform (3x3):
      deform[    0]={ 0.00000e+00,  0.00000e+00,  0.00000e+00}
      deform[    1]={ 0.00000e+00,  0.00000e+00,  0.00000e+00}
      deform[    2]={ 0.00000e+00,  0.00000e+00,  0.00000e+00}
   simulated-tempering            = false
   swapcoords                     = no
   userint1                       = 0
   userint2                       = 0
   userint3                       = 0
   userint4                       = 0
   userreal1                      = 0
   userreal2                      = 0
   userreal3                      = 0
   userreal4                      = 0
   applied-forces:
     electric-field:
       x:
         E0                       = 0
         omega                    = 0
         t0                       = 0
         sigma                    = 0
       y:
         E0                       = 0
         omega                    = 0
         t0                       = 0
         sigma                    = 0
       z:
         E0                       = 0
         omega                    = 0
         t0                       = 0
         sigma                    = 0
     density-guided-simulation:
       active                     = false
       group                      = protein
       similarity-measure         = inner-product
       atom-spreading-weight      = unity
       force-constant             = 1e+09
       gaussian-transform-spreading-width = 0.2
       gaussian-transform-spreading-range-in-multiples-of-width = 4
       reference-density-filename = reference.mrc
       nst                        = 1
       normalize-densities        = true
       adaptive-force-scaling     = false
       adaptive-force-scaling-time-constant = 4
grpopts:
   nrdf:     4920.79     63837.2
   ref-t:         300         300
   tau-t:         0.1         0.1
annealing:          No          No
annealing-npoints:           0           0
   acc:	           0           0           0
   nfreeze:           N           N           N
   energygrp-flags[  0]: 0

Changing nstlist from 10 to 100, rlist from 1 to 1.167

1 GPU selected for this run.
Mapping of GPU IDs to the 2 GPU tasks in the 1 rank on this node:
  PP:0,PME:0
PP tasks will do (non-perturbed) short-ranged interactions on the GPU
PP task will update and constrain coordinates on the CPU
PME tasks will do all aspects on the GPU
Using 1 MPI thread
Using 8 OpenMP threads 


Non-default thread affinity set probably by the OpenMP library,
disabling internal thread affinity
System total charge: -0.000
Will do PME sum in reciprocal space for electrostatic interactions.

++++ PLEASE READ AND CITE THE FOLLOWING REFERENCE ++++
U. Essmann, L. Perera, M. L. Berkowitz, T. Darden, H. Lee and L. G. Pedersen 
A smooth particle mesh Ewald method
J. Chem. Phys. 103 (1995) pp. 8577-8592
-------- -------- --- Thank You --- -------- --------

Using a Gaussian width (1/beta) of 0.320163 nm for Ewald
Potential shift: LJ r^-12: -1.000e+00 r^-6: -1.000e+00, Ewald -1.000e-05
Initialized non-bonded Ewald tables, spacing: 9.33e-04 size: 1073

Generated table with 1083 data points for 1-4 COUL.
Tabscale = 500 points/nm
Generated table with 1083 data points for 1-4 LJ6.
Tabscale = 500 points/nm
Generated table with 1083 data points for 1-4 LJ12.
Tabscale = 500 points/nm

Using GPU 8x8 nonbonded short-range kernels

Using a dual 8x8 pair-list setup updated with dynamic, rolling pruning:
  outer list: updated every 100 steps, buffer 0.167 nm, rlist 1.167 nm
  inner list: updated every  10 steps, buffer 0.002 nm, rlist 1.002 nm
At tolerance 0.005 kJ/mol/ps per atom, equivalent classical 1x1 list would be:
  outer list: updated every 100 steps, buffer 0.319 nm, rlist 1.319 nm
  inner list: updated every  10 steps, buffer 0.043 nm, rlist 1.043 nm

Using geometric Lennard-Jones combination rule

Long Range LJ corr.: <C6> 3.1923e-04


Initializing LINear Constraint Solver

++++ PLEASE READ AND CITE THE FOLLOWING REFERENCE ++++
B. Hess and H. Bekker and H. J. C. Berendsen and J. G. E. M. Fraaije
LINCS: A Linear Constraint Solver for molecular simulations
J. Comp. Chem. 18 (1997) pp. 1463-1472
-------- -------- --- Thank You --- -------- --------

The number of constraints is 959

++++ PLEASE READ AND CITE THE FOLLOWING REFERENCE ++++
S. Miyamoto and P. A. Kollman
SETTLE: An Analytical Version of the SHAKE and RATTLE Algorithms for Rigid
Water Models
J. Comp. Chem. 13 (1992) pp. 952-962
-------- -------- --- Thank You --- -------- --------


++++ PLEASE READ AND CITE THE FOLLOWING REFERENCE ++++
G. Bussi, D. Donadio and M. Parrinello
Canonical sampling through velocity rescaling
J. Chem. Phys. 126 (2007) pp. 014101
-------- -------- --- Thank You --- -------- --------

There are: 33876 Atoms
Center of mass motion removal mode is Linear
We have the following groups for center of mass motion removal:
  0:  rest

Started mdrun on rank 0 Tue Jan 21 17:58:39 2025

           Step           Time
              0        0.00000

   Energies (kJ/mol)
           Bond          Angle    Proper Dih. Ryckaert-Bell.          LJ-14
    1.38883e+03    3.77026e+03    2.26499e+02    1.80210e+03    2.69076e+03
     Coulomb-14        LJ (SR)  Disper. corr.   Coulomb (SR)   Coul. recip.
    7.79519e+03    9.42592e+04   -4.55575e+03   -6.35203e+05    3.01465e+03
      Potential    Kinetic En.   Total Energy  Conserved En.    Temperature
   -5.24811e+05    8.55271e+04   -4.39284e+05   -4.39264e+05    2.99210e+02
 Pres. DC (bar) Pressure (bar)   Constr. rmsd
   -2.25123e+02    1.42007e+02    3.26570e-06

step 1400: timed with pme grid 44 44 44, coulomb cutoff 1.000: 846.1 M-cycles
step 1600: timed with pme grid 40 40 40, coulomb cutoff 1.087: 987.3 M-cycles
step 1800: timed with pme grid 42 42 42, coulomb cutoff 1.035: 889.8 M-cycles
step 2000: timed with pme grid 44 44 44, coulomb cutoff 1.000: 853.6 M-cycles
              optimal pme grid 44 44 44, coulomb cutoff 1.000
           Step           Time
           5000       10.00000

   Energies (kJ/mol)
           Bond          Angle    Proper Dih. Ryckaert-Bell.          LJ-14
    1.37967e+03    3.80605e+03    2.77127e+02    1.92347e+03    2.68708e+03
     Coulomb-14        LJ (SR)  Disper. corr.   Coulomb (SR)   Coul. recip.
    7.71312e+03    9.29836e+04   -4.56752e+03   -6.32578e+05    2.99887e+03
      Potential    Kinetic En.   Total Energy  Conserved En.    Temperature
   -5.23377e+05    8.52438e+04   -4.38133e+05   -4.39286e+05    2.98219e+02
 Pres. DC (bar) Pressure (bar)   Constr. rmsd
   -2.26287e+02    2.92061e+01    2.91666e-06

           Step           Time
          10000       20.00000

   Energies (kJ/mol)
           Bond          Angle    Proper Dih. Ryckaert-Bell.          LJ-14
    1.51597e+03    3.80457e+03    2.24259e+02    1.83160e+03    2.60942e+03
     Coulomb-14        LJ (SR)  Disper. corr.   Coulomb (SR)   Coul. recip.
    7.67279e+03    9.31824e+04   -4.54806e+03   -6.34723e+05    2.90317e+03
      Potential    Kinetic En.   Total Energy  Conserved En.    Temperature
   -5.25527e+05    8.59016e+04   -4.39625e+05   -4.39278e+05    3.00520e+02
 Pres. DC (bar) Pressure (bar)   Constr. rmsd
   -2.24365e+02   -1.81915e+02    2.65255e-06

           Step           Time
          15000       30.00000

   Energies (kJ/mol)
           Bond          Angle    Proper Dih. Ryckaert-Bell.          LJ-14
    1.44792e+03    3.78176e+03    2.44955e+02    1.83208e+03    2.55636e+03
     Coulomb-14        LJ (SR)  Disper. corr.   Coulomb (SR)   Coul. recip.
    7.66149e+03    9.39420e+04   -4.55062e+03   -6.34032e+05    2.99263e+03
      Potential    Kinetic En.   Total Energy  Conserved En.    Temperature
   -5.24124e+05    8.61591e+04   -4.37965e+05   -4.39302e+05    3.01421e+02
 Pres. DC (bar) Pressure (bar)   Constr. rmsd
   -2.24618e+02    9.59917e+00    2.97575e-06

           Step           Time
          20000       40.00000

   Energies (kJ/mol)
           Bond          Angle    Proper Dih. Ryckaert-Bell.          LJ-14
    1.46070e+03    3.79041e+03    2.63734e+02    1.86039e+03    2.59950e+03
     Coulomb-14        LJ (SR)  Disper. corr.   Coulomb (SR)   Coul. recip.
    7.65706e+03    9.36815e+04   -4.55660e+03   -6.34886e+05    2.97076e+03
      Potential    Kinetic En.   Total Energy  Conserved En.    Temperature
   -5.25159e+05    8.54404e+04   -4.39719e+05   -4.39299e+05    2.98907e+02
 Pres. DC (bar) Pressure (bar)   Constr. rmsd
   -2.25207e+02   -5.54476e+01    2.77651e-06

           Step           Time
          25000       50.00000

   Energies (kJ/mol)
           Bond          Angle    Proper Dih. Ryckaert-Bell.          LJ-14
    1.47427e+03    3.73023e+03    2.31564e+02    1.83925e+03    2.70210e+03
     Coulomb-14        LJ (SR)  Disper. corr.   Coulomb (SR)   Coul. recip.
    7.77258e+03    9.30400e+04   -4.53950e+03   -6.33733e+05    2.85870e+03
      Potential    Kinetic En.   Total Energy  Conserved En.    Temperature
   -5.24624e+05    8.54980e+04   -4.39126e+05   -4.39291e+05    2.99109e+02
 Pres. DC (bar) Pressure (bar)   Constr. rmsd
   -2.23522e+02   -8.33701e+00    2.89434e-06

           Step           Time
          30000       60.00000

   Energies (kJ/mol)
           Bond          Angle    Proper Dih. Ryckaert-Bell.          LJ-14
    1.46465e+03    3.95935e+03    2.53352e+02    1.74457e+03    2.75209e+03
     Coulomb-14        LJ (SR)  Disper. corr.   Coulomb (SR)   Coul. recip.
    7.73868e+03    9.27749e+04   -4.57628e+03   -6.33220e+05    2.92077e+03
      Potential    Kinetic En.   Total Energy  Conserved En.    Temperature
   -5.24188e+05    8.66971e+04   -4.37491e+05   -4.39298e+05    3.03303e+02
 Pres. DC (bar) Pressure (bar)   Constr. rmsd
   -2.27154e+02    5.76079e+01    2.98736e-06

           Step           Time
          35000       70.00000

   Energies (kJ/mol)
           Bond          Angle    Proper Dih. Ryckaert-Bell.          LJ-14
    1.47522e+03    3.79586e+03    2.62791e+02    1.79879e+03    2.66046e+03
     Coulomb-14        LJ (SR)  Disper. corr.   Coulomb (SR)   Coul. recip.
    7.70516e+03    9.45473e+04   -4.55677e+03   -6.35895e+05    2.87873e+03
      Potential    Kinetic En.   Total Energy  Conserved En.    Temperature
   -5.25327e+05    8.56408e+04   -4.39687e+05   -4.39313e+05    2.99608e+02
 Pres. DC (bar) Pressure (bar)   Constr. rmsd
   -2.25224e+02    1.54114e+02    3.16607e-06

           Step           Time
          40000       80.00000

   Energies (kJ/mol)
           Bond          Angle    Proper Dih. Ryckaert-Bell.          LJ-14
    1.48806e+03    3.69373e+03    2.42502e+02    1.84254e+03    2.64202e+03
     Coulomb-14        LJ (SR)  Disper. corr.   Coulomb (SR)   Coul. recip.
    7.68807e+03    9.51946e+04   -4.55926e+03   -6.35200e+05    2.96518e+03
      Potential    Kinetic En.   Total Energy  Conserved En.    Temperature
   -5.24002e+05    8.56497e+04   -4.38352e+05   -4.39302e+05    2.99639e+02
 Pres. DC (bar) Pressure (bar)   Constr. rmsd
   -2.25470e+02    2.48559e+02    2.93113e-06

           Step           Time
          45000       90.00000

   Energies (kJ/mol)
           Bond          Angle    Proper Dih. Ryckaert-Bell.          LJ-14
    1.54298e+03    3.87982e+03    2.57132e+02    1.81360e+03    2.63926e+03
     Coulomb-14        LJ (SR)  Disper. corr.   Coulomb (SR)   Coul. recip.
    7.79557e+03    9.35240e+04   -4.56716e+03   -6.33908e+05    2.89583e+03
      Potential    Kinetic En.   Total Energy  Conserved En.    Temperature
   -5.24127e+05    8.65146e+04   -4.37613e+05   -4.39321e+05    3.02665e+02
 Pres. DC (bar) Pressure (bar)   Constr. rmsd
   -2.26251e+02   -2.37960e+01    3.16736e-06

           Step           Time
          50000      100.00000

   Energies (kJ/mol)
           Bond          Angle    Proper Dih. Ryckaert-Bell.          LJ-14
    1.28292e+03    3.77620e+03    2.42245e+02    1.75469e+03    2.67459e+03
     Coulomb-14        LJ (SR)  Disper. corr.   Coulomb (SR)   Coul. recip.
    7.67324e+03    9.30366e+04   -4.55592e+03   -6.35024e+05    2.97810e+03
      Potential    Kinetic En.   Total Energy  Conserved En.    Temperature
   -5.26162e+05    8.49338e+04   -4.41228e+05   -4.39307e+05    2.97135e+02
 Pres. DC (bar) Pressure (bar)   Constr. rmsd
   -2.25140e+02   -1.66012e+02    2.95936e-06

           Step           Time
          55000      110.00000

   Energies (kJ/mol)
           Bond          Angle    Proper Dih. Ryckaert-Bell.          LJ-14
    1.43333e+03    3.70612e+03    2.38693e+02    1.81141e+03    2.64897e+03
     Coulomb-14        LJ (SR)  Disper. corr.   Coulomb (SR)   Coul. recip.
    7.78052e+03    9.15782e+04   -4.54592e+03   -6.32883e+05    2.89222e+03
      Potential    Kinetic En.   Total Energy  Conserved En.    Temperature
   -5.25339e+05    8.46681e+04   -4.40671e+05   -4.39301e+05    2.96205e+02
 Pres. DC (bar) Pressure (bar)   Constr. rmsd
   -2.24154e+02   -4.36173e+02    2.66463e-06

           Step           Time
          60000      120.00000

   Energies (kJ/mol)
           Bond          Angle    Proper Dih. Ryckaert-Bell.          LJ-14
    1.54272e+03    3.63188e+03    2.42475e+02    1.74809e+03    2.61588e+03
     Coulomb-14        LJ (SR)  Disper. corr.   Coulomb (SR)   Coul. recip.
    7.76358e+03    9.43969e+04   -4.57381e+03   -6.35664e+05    2.95553e+03
      Potential    Kinetic En.   Total Energy  Conserved En.    Temperature
   -5.25341e+05    8.50396e+04   -4.40301e+05   -4.39296e+05    2.97505e+02
 Pres. DC (bar) Pressure (bar)   Constr. rmsd
   -2.26909e+02    1.78943e+02    3.02602e-06

           Step           Time
          65000      130.00000

   Energies (kJ/mol)
           Bond          Angle    Proper Dih. Ryckaert-Bell.          LJ-14
    1.58264e+03    3.94698e+03    2.26686e+02    1.77295e+03    2.60840e+03
     Coulomb-14        LJ (SR)  Disper. corr.   Coulomb (SR)   Coul. recip.
    7.61064e+03    9.50177e+04   -4.56440e+03   -6.34718e+05    2.98020e+03
      Potential    Kinetic En.   Total Energy  Conserved En.    Temperature
   -5.23537e+05    8.61631e+04   -4.37374e+05   -4.39298e+05    3.01435e+02
 Pres. DC (bar) Pressure (bar)   Constr. rmsd
   -2.25978e+02    2.82060e+02    3.29929e-06

           Step           Time
          70000      140.00000

   Energies (kJ/mol)
           Bond          Angle    Proper Dih. Ryckaert-Bell.          LJ-14
    1.50152e+03    3.72584e+03    2.27737e+02    1.74673e+03    2.67131e+03
     Coulomb-14        LJ (SR)  Disper. corr.   Coulomb (SR)   Coul. recip.
    7.74164e+03    9.44467e+04   -4.55101e+03   -6.35701e+05    2.91898e+03
      Potential    Kinetic En.   Total Energy  Conserved En.    Temperature
   -5.25271e+05    8.61903e+04   -4.39081e+05   -4.39332e+05    3.01530e+02
 Pres. DC (bar) Pressure (bar)   Constr. rmsd
   -2.24656e+02    8.69322e+01    3.15160e-06

           Step           Time
          75000      150.00000

   Energies (kJ/mol)
           Bond          Angle    Proper Dih. Ryckaert-Bell.          LJ-14
    1.52053e+03    3.80787e+03    2.66996e+02    1.88398e+03    2.56174e+03
     Coulomb-14        LJ (SR)  Disper. corr.   Coulomb (SR)   Coul. recip.
    7.73868e+03    9.38131e+04   -4.54420e+03   -6.35431e+05    2.91185e+03
      Potential    Kinetic En.   Total Energy  Conserved En.    Temperature
   -5.25470e+05    8.55282e+04   -4.39942e+05   -4.39312e+05    2.99214e+02
 Pres. DC (bar) Pressure (bar)   Constr. rmsd
   -2.23984e+02   -2.79159e+02    3.30739e-06

           Step           Time
          80000      160.00000

   Energies (kJ/mol)
           Bond          Angle    Proper Dih. Ryckaert-Bell.          LJ-14
    1.42076e+03    3.67878e+03    2.64686e+02    1.78634e+03    2.66187e+03
     Coulomb-14        LJ (SR)  Disper. corr.   Coulomb (SR)   Coul. recip.
    7.71747e+03    9.37183e+04   -4.55842e+03   -6.34278e+05    2.94871e+03
      Potential    Kinetic En.   Total Energy  Conserved En.    Temperature
   -5.24639e+05    8.51154e+04   -4.39524e+05   -4.39330e+05    2.97770e+02
 Pres. DC (bar) Pressure (bar)   Constr. rmsd
   -2.25387e+02    1.27857e+01    2.85726e-06

           Step           Time
          85000      170.00000

   Energies (kJ/mol)
           Bond          Angle    Proper Dih. Ryckaert-Bell.          LJ-14
    1.57009e+03    3.87373e+03    2.70478e+02    1.85024e+03    2.61308e+03
     Coulomb-14        LJ (SR)  Disper. corr.   Coulomb (SR)   Coul. recip.
    7.72368e+03    9.51959e+04   -4.56432e+03   -6.35626e+05    2.94034e+03
      Potential    Kinetic En.   Total Energy  Conserved En.    Temperature
   -5.24153e+05    8.53684e+04   -4.38784e+05   -4.39319e+05    2.98655e+02
 Pres. DC (bar) Pressure (bar)   Constr. rmsd
   -2.25970e+02    2.37924e+02    3.00283e-06

           Step           Time
          90000      180.00000

   Energies (kJ/mol)
           Bond          Angle    Proper Dih. Ryckaert-Bell.          LJ-14
    1.55635e+03    3.80506e+03    2.56801e+02    1.88060e+03    2.61685e+03
     Coulomb-14        LJ (SR)  Disper. corr.   Coulomb (SR)   Coul. recip.
    7.76279e+03    9.46546e+04   -4.55525e+03   -6.35966e+05    2.93141e+03
      Potential    Kinetic En.   Total Energy  Conserved En.    Temperature
   -5.25057e+05    8.61725e+04   -4.38884e+05   -4.39342e+05    3.01468e+02
 Pres. DC (bar) Pressure (bar)   Constr. rmsd
   -2.25074e+02    6.54643e+00    2.96321e-06

           Step           Time
          95000      190.00000

   Energies (kJ/mol)
           Bond          Angle    Proper Dih. Ryckaert-Bell.          LJ-14
    1.47733e+03    3.86414e+03    2.34677e+02    1.75289e+03    2.63817e+03
     Coulomb-14        LJ (SR)  Disper. corr.   Coulomb (SR)   Coul. recip.
    7.81854e+03    9.32948e+04   -4.53801e+03   -6.33309e+05    2.98711e+03
      Potential    Kinetic En.   Total Energy  Conserved En.    Temperature
   -5.23779e+05    8.56283e+04   -4.38151e+05   -4.39340e+05    2.99564e+02
 Pres. DC (bar) Pressure (bar)   Constr. rmsd
   -2.23376e+02   -1.26428e+02    3.02686e-06

           Step           Time
         100000      200.00000

   Energies (kJ/mol)
           Bond          Angle    Proper Dih. Ryckaert-Bell.          LJ-14
    1.53863e+03    3.90549e+03    2.51279e+02    1.89594e+03    2.64322e+03
     Coulomb-14        LJ (SR)  Disper. corr.   Coulomb (SR)   Coul. recip.
    7.75788e+03    9.36162e+04   -4.56519e+03   -6.33789e+05    2.95706e+03
      Potential    Kinetic En.   Total Energy  Conserved En.    Temperature
   -5.23789e+05    8.46601e+04   -4.39129e+05   -4.39307e+05    2.96177e+02
 Pres. DC (bar) Pressure (bar)   Constr. rmsd
   -2.26056e+02    5.22863e+01    2.87802e-06

           Step           Time
         105000      210.00000

   Energies (kJ/mol)
           Bond          Angle    Proper Dih. Ryckaert-Bell.          LJ-14
    1.37543e+03    3.72922e+03    1.88918e+02    1.74551e+03    2.67137e+03
     Coulomb-14        LJ (SR)  Disper. corr.   Coulomb (SR)   Coul. recip.
    7.77625e+03    9.34757e+04   -4.56776e+03   -6.35348e+05    3.01180e+03
      Potential    Kinetic En.   Total Energy  Conserved En.    Temperature
   -5.25942e+05    8.49258e+04   -4.41016e+05   -4.39343e+05    2.97106e+02
 Pres. DC (bar) Pressure (bar)   Constr. rmsd
   -2.26310e+02   -5.53940e+01    2.50183e-06

           Step           Time
         110000      220.00000

   Energies (kJ/mol)
           Bond          Angle    Proper Dih. Ryckaert-Bell.          LJ-14
    1.41013e+03    3.69589e+03    2.47320e+02    1.78155e+03    2.64049e+03
     Coulomb-14        LJ (SR)  Disper. corr.   Coulomb (SR)   Coul. recip.
    7.76302e+03    9.45102e+04   -4.55449e+03   -6.36774e+05    3.01906e+03
      Potential    Kinetic En.   Total Energy  Conserved En.    Temperature
   -5.26261e+05    8.57912e+04   -4.40469e+05   -4.39350e+05    3.00134e+02
 Pres. DC (bar) Pressure (bar)   Constr. rmsd
   -2.24999e+02    3.93343e+01    2.73254e-06

           Step           Time
         115000      230.00000

   Energies (kJ/mol)
           Bond          Angle    Proper Dih. Ryckaert-Bell.          LJ-14
    1.37188e+03    3.78870e+03    2.23390e+02    1.83665e+03    2.66540e+03
     Coulomb-14        LJ (SR)  Disper. corr.   Coulomb (SR)   Coul. recip.
    7.85851e+03    9.49750e+04   -4.56632e+03   -6.37019e+05    2.92788e+03
      Potential    Kinetic En.   Total Energy  Conserved En.    Temperature
   -5.25938e+05    8.57374e+04   -4.40201e+05   -4.39333e+05    2.99946e+02
 Pres. DC (bar) Pressure (bar)   Constr. rmsd
   -2.26168e+02    2.70065e+02    3.04555e-06

           Step           Time
         120000      240.00000

   Energies (kJ/mol)
           Bond          Angle    Proper Dih. Ryckaert-Bell.          LJ-14
    1.48710e+03    3.75643e+03    2.75212e+02    1.94297e+03    2.72161e+03
     Coulomb-14        LJ (SR)  Disper. corr.   Coulomb (SR)   Coul. recip.
    7.95763e+03    9.30741e+04   -4.54584e+03   -6.34831e+05    2.92158e+03
      Potential    Kinetic En.   Total Energy  Conserved En.    Temperature
   -5.25240e+05    8.62645e+04   -4.38975e+05   -4.39335e+05    3.01790e+02
 Pres. DC (bar) Pressure (bar)   Constr. rmsd
   -2.24146e+02   -2.12478e+02    2.83746e-06

           Step           Time
         125000      250.00000

   Energies (kJ/mol)
           Bond          Angle    Proper Dih. Ryckaert-Bell.          LJ-14
    1.43920e+03    3.83923e+03    2.61268e+02    1.81335e+03    2.63499e+03
     Coulomb-14        LJ (SR)  Disper. corr.   Coulomb (SR)   Coul. recip.
    7.77682e+03    9.33874e+04   -4.54130e+03   -6.33357e+05    3.04018e+03
      Potential    Kinetic En.   Total Energy  Conserved En.    Temperature
   -5.23706e+05    8.66341e+04   -4.37072e+05   -4.39346e+05    3.03083e+02
 Pres. DC (bar) Pressure (bar)   Constr. rmsd
   -2.23699e+02    4.47135e+01    2.89500e-06

           Step           Time
         130000      260.00000

   Energies (kJ/mol)
           Bond          Angle    Proper Dih. Ryckaert-Bell.          LJ-14
    1.58344e+03    3.76867e+03    2.55935e+02    1.89003e+03    2.67199e+03
     Coulomb-14        LJ (SR)  Disper. corr.   Coulomb (SR)   Coul. recip.
    7.89911e+03    9.38504e+04   -4.54537e+03   -6.34832e+05    2.84583e+03
      Potential    Kinetic En.   Total Energy  Conserved En.    Temperature
   -5.24612e+05    8.61103e+04   -4.38502e+05   -4.39343e+05    3.01250e+02
 Pres. DC (bar) Pressure (bar)   Constr. rmsd
   -2.24100e+02    3.77405e+01    2.97076e-06

           Step           Time
         135000      270.00000

   Energies (kJ/mol)
           Bond          Angle    Proper Dih. Ryckaert-Bell.          LJ-14
    1.62122e+03    3.82080e+03    2.53412e+02    1.91139e+03    2.57352e+03
     Coulomb-14        LJ (SR)  Disper. corr.   Coulomb (SR)   Coul. recip.
    7.75416e+03    9.32242e+04   -4.56206e+03   -6.34213e+05    2.94240e+03
      Potential    Kinetic En.   Total Energy  Conserved En.    Temperature
   -5.24674e+05    8.67228e+04   -4.37951e+05   -4.39351e+05    3.03393e+02
 Pres. DC (bar) Pressure (bar)   Constr. rmsd
   -2.25747e+02   -2.60169e+02    2.54115e-06

           Step           Time
         140000      280.00000

   Energies (kJ/mol)
           Bond          Angle    Proper Dih. Ryckaert-Bell.          LJ-14
    1.41055e+03    3.73699e+03    2.45632e+02    1.83706e+03    2.67689e+03
     Coulomb-14        LJ (SR)  Disper. corr.   Coulomb (SR)   Coul. recip.
    7.78133e+03    9.37956e+04   -4.53913e+03   -6.35313e+05    2.87759e+03
      Potential    Kinetic En.   Total Energy  Conserved En.    Temperature
   -5.25491e+05    8.55430e+04   -4.39948e+05   -4.39328e+05    2.99266e+02
 Pres. DC (bar) Pressure (bar)   Constr. rmsd
   -2.23485e+02   -3.45877e+00    2.80968e-06

           Step           Time
         145000      290.00000

   Energies (kJ/mol)
           Bond          Angle    Proper Dih. Ryckaert-Bell.          LJ-14
    1.47269e+03    3.67608e+03    2.48665e+02    1.80412e+03    2.62568e+03
     Coulomb-14        LJ (SR)  Disper. corr.   Coulomb (SR)   Coul. recip.
    7.81824e+03    9.34602e+04   -4.53992e+03   -6.34338e+05    3.06225e+03
      Potential    Kinetic En.   Total Energy  Conserved En.    Temperature
   -5.24710e+05    8.55799e+04   -4.39130e+05   -4.39354e+05    2.99395e+02
 Pres. DC (bar) Pressure (bar)   Constr. rmsd
   -2.23563e+02   -2.46556e+02    2.82975e-06

           Step           Time
         150000      300.00000

   Energies (kJ/mol)
           Bond          Angle    Proper Dih. Ryckaert-Bell.          LJ-14
    1.42934e+03    3.56353e+03    2.77228e+02    1.88664e+03    2.71377e+03
     Coulomb-14        LJ (SR)  Disper. corr.   Coulomb (SR)   Coul. recip.
    7.88631e+03    9.31907e+04   -4.54008e+03   -6.34865e+05    3.02965e+03
      Potential    Kinetic En.   Total Energy  Conserved En.    Temperature
   -5.25428e+05    8.49368e+04   -4.40491e+05   -4.39355e+05    2.97145e+02
 Pres. DC (bar) Pressure (bar)   Constr. rmsd
   -2.23579e+02   -1.45150e+02    3.12244e-06

           Step           Time
         155000      310.00000

   Energies (kJ/mol)
           Bond          Angle    Proper Dih. Ryckaert-Bell.          LJ-14
    1.50004e+03    3.63486e+03    2.33493e+02    1.89423e+03    2.71704e+03
     Coulomb-14        LJ (SR)  Disper. corr.   Coulomb (SR)   Coul. recip.
    7.73655e+03    9.43296e+04   -4.55560e+03   -6.34636e+05    3.01469e+03
      Potential    Kinetic En.   Total Energy  Conserved En.    Temperature
   -5.24131e+05    8.58907e+04   -4.38241e+05   -4.39331e+05    3.00482e+02
 Pres. DC (bar) Pressure (bar)   Constr. rmsd
   -2.25108e+02    2.94790e+02    3.14967e-06

           Step           Time
         160000      320.00000

   Energies (kJ/mol)
           Bond          Angle    Proper Dih. Ryckaert-Bell.          LJ-14
    1.49624e+03    3.84587e+03    2.31262e+02    1.78748e+03    2.55248e+03
     Coulomb-14        LJ (SR)  Disper. corr.   Coulomb (SR)   Coul. recip.
    7.79060e+03    9.33841e+04   -4.54700e+03   -6.32585e+05    2.93523e+03
      Potential    Kinetic En.   Total Energy  Conserved En.    Temperature
   -5.23109e+05    8.58681e+04   -4.37241e+05   -4.39328e+05    3.00403e+02
 Pres. DC (bar) Pressure (bar)   Constr. rmsd
   -2.24260e+02   -5.89248e+01    2.96813e-06

           Step           Time
         165000      330.00000

   Energies (kJ/mol)
           Bond          Angle    Proper Dih. Ryckaert-Bell.          LJ-14
    1.47134e+03    3.50198e+03    2.47314e+02    1.81243e+03    2.72691e+03
     Coulomb-14        LJ (SR)  Disper. corr.   Coulomb (SR)   Coul. recip.
    7.88784e+03    9.38734e+04   -4.53519e+03   -6.35491e+05    2.92947e+03
      Potential    Kinetic En.   Total Energy  Conserved En.    Temperature
   -5.25575e+05    8.51146e+04   -4.40461e+05   -4.39340e+05    2.97767e+02
 Pres. DC (bar) Pressure (bar)   Constr. rmsd
   -2.23098e+02   -1.93584e+01    3.08288e-06

           Step           Time
         170000      340.00000

   Energies (kJ/mol)
           Bond          Angle    Proper Dih. Ryckaert-Bell.          LJ-14
    1.54313e+03    3.84246e+03    2.31689e+02    1.84188e+03    2.69470e+03
     Coulomb-14        LJ (SR)  Disper. corr.   Coulomb (SR)   Coul. recip.
    7.92272e+03    9.35787e+04   -4.57017e+03   -6.33939e+05    2.99354e+03
      Potential    Kinetic En.   Total Energy  Conserved En.    Temperature
   -5.23860e+05    8.49238e+04   -4.38937e+05   -4.39319e+05    2.97100e+02
 Pres. DC (bar) Pressure (bar)   Constr. rmsd
   -2.26549e+02    1.29814e+02    3.03142e-06

           Step           Time
         175000      350.00000

   Energies (kJ/mol)
           Bond          Angle    Proper Dih. Ryckaert-Bell.          LJ-14
    1.44895e+03    3.64551e+03    2.68601e+02    1.83434e+03    2.61730e+03
     Coulomb-14        LJ (SR)  Disper. corr.   Coulomb (SR)   Coul. recip.
    7.79973e+03    9.37472e+04   -4.57719e+03   -6.35101e+05    2.93636e+03
      Potential    Kinetic En.   Total Energy  Conserved En.    Temperature
   -5.25380e+05    8.52150e+04   -4.40165e+05   -4.39332e+05    2.98118e+02
 Pres. DC (bar) Pressure (bar)   Constr. rmsd
   -2.27245e+02    5.99231e+01    2.86995e-06

           Step           Time
         180000      360.00000

   Energies (kJ/mol)
           Bond          Angle    Proper Dih. Ryckaert-Bell.          LJ-14
    1.58637e+03    3.77312e+03    2.70144e+02    1.88972e+03    2.68628e+03
     Coulomb-14        LJ (SR)  Disper. corr.   Coulomb (SR)   Coul. recip.
    7.95530e+03    9.25872e+04   -4.54412e+03   -6.33281e+05    2.92729e+03
      Potential    Kinetic En.   Total Energy  Conserved En.    Temperature
   -5.24150e+05    8.61403e+04   -4.38010e+05   -4.39329e+05    3.01355e+02
 Pres. DC (bar) Pressure (bar)   Constr. rmsd
   -2.23976e+02   -2.11750e+02    2.60832e-06

           Step           Time
         185000      370.00000

   Energies (kJ/mol)
           Bond          Angle    Proper Dih. Ryckaert-Bell.          LJ-14
    1.41261e+03    3.80431e+03    2.40788e+02    1.91154e+03    2.74044e+03
     Coulomb-14        LJ (SR)  Disper. corr.   Coulomb (SR)   Coul. recip.
    7.90268e+03    9.41904e+04   -4.55967e+03   -6.35754e+05    2.91401e+03
      Potential    Kinetic En.   Total Energy  Conserved En.    Temperature
   -5.25197e+05    8.54444e+04   -4.39752e+05   -4.39330e+05    2.98921e+02
 Pres. DC (bar) Pressure (bar)   Constr. rmsd
   -2.25511e+02    3.73347e+01    2.69669e-06

           Step           Time
         190000      380.00000

   Energies (kJ/mol)
           Bond          Angle    Proper Dih. Ryckaert-Bell.          LJ-14
    1.46206e+03    3.84371e+03    2.63949e+02    1.80410e+03    2.61663e+03
     Coulomb-14        LJ (SR)  Disper. corr.   Coulomb (SR)   Coul. recip.
    7.81272e+03    9.21813e+04   -4.55697e+03   -6.31962e+05    2.91655e+03
      Potential    Kinetic En.   Total Energy  Conserved En.    Temperature
   -5.23618e+05    8.50458e+04   -4.38572e+05   -4.39332e+05    2.97526e+02
 Pres. DC (bar) Pressure (bar)   Constr. rmsd
   -2.25244e+02   -1.87295e+02    2.96437e-06

           Step           Time
         195000      390.00000

   Energies (kJ/mol)
           Bond          Angle    Proper Dih. Ryckaert-Bell.          LJ-14
    1.46560e+03    3.55436e+03    2.35655e+02    1.83079e+03    2.64581e+03
     Coulomb-14        LJ (SR)  Disper. corr.   Coulomb (SR)   Coul. recip.
    7.91564e+03    9.31413e+04   -4.57193e+03   -6.34555e+05    2.88556e+03
      Potential    Kinetic En.   Total Energy  Conserved En.    Temperature
   -5.25452e+05    8.56043e+04   -4.39848e+05   -4.39340e+05    2.99480e+02
 Pres. DC (bar) Pressure (bar)   Constr. rmsd
   -2.26723e+02   -4.00052e+01    2.80822e-06

           Step           Time
         200000      400.00000

   Energies (kJ/mol)
           Bond          Angle    Proper Dih. Ryckaert-Bell.          LJ-14
    1.53606e+03    3.90357e+03    2.43142e+02    1.81899e+03    2.66796e+03
     Coulomb-14        LJ (SR)  Disper. corr.   Coulomb (SR)   Coul. recip.
    7.92008e+03    9.41379e+04   -4.54476e+03   -6.35782e+05    2.83452e+03
      Potential    Kinetic En.   Total Energy  Conserved En.    Temperature
   -5.25265e+05    8.58923e+04   -4.39372e+05   -4.39331e+05    3.00488e+02
 Pres. DC (bar) Pressure (bar)   Constr. rmsd
   -2.24040e+02    1.30195e+01    2.98850e-06

           Step           Time
         205000      410.00000

   Energies (kJ/mol)
           Bond          Angle    Proper Dih. Ryckaert-Bell.          LJ-14
    1.40128e+03    3.75495e+03    2.60091e+02    1.83134e+03    2.68607e+03
     Coulomb-14        LJ (SR)  Disper. corr.   Coulomb (SR)   Coul. recip.
    7.77882e+03    9.51478e+04   -4.55334e+03   -6.36722e+05    2.98081e+03
      Potential    Kinetic En.   Total Energy  Conserved En.    Temperature
   -5.25434e+05    8.58395e+04   -4.39595e+05   -4.39331e+05    3.00303e+02
 Pres. DC (bar) Pressure (bar)   Constr. rmsd
   -2.24885e+02    2.70585e+02    3.06881e-06

           Step           Time
         210000      420.00000

   Energies (kJ/mol)
           Bond          Angle    Proper Dih. Ryckaert-Bell.          LJ-14
    1.46061e+03    3.75861e+03    2.12629e+02    1.80215e+03    2.68819e+03
     Coulomb-14        LJ (SR)  Disper. corr.   Coulomb (SR)   Coul. recip.
    7.85151e+03    9.45138e+04   -4.55237e+03   -6.36231e+05    2.99589e+03
      Potential    Kinetic En.   Total Energy  Conserved En.    Temperature
   -5.25500e+05    8.48413e+04   -4.40659e+05   -4.39323e+05    2.96811e+02
 Pres. DC (bar) Pressure (bar)   Constr. rmsd
   -2.24790e+02    5.40221e+01    2.97269e-06

           Step           Time
         215000      430.00000

   Energies (kJ/mol)
           Bond          Angle    Proper Dih. Ryckaert-Bell.          LJ-14
    1.44455e+03    3.79518e+03    2.35816e+02    1.78237e+03    2.67695e+03
     Coulomb-14        LJ (SR)  Disper. corr.   Coulomb (SR)   Coul. recip.
    7.79287e+03    9.30861e+04   -4.56077e+03   -6.33033e+05    2.90166e+03
      Potential    Kinetic En.   Total Energy  Conserved En.    Temperature
   -5.23878e+05    8.52056e+04   -4.38672e+05   -4.39352e+05    2.98086e+02
 Pres. DC (bar) Pressure (bar)   Constr. rmsd
   -2.25619e+02    4.24901e+01    3.01813e-06

           Step           Time
         220000      440.00000

   Energies (kJ/mol)
           Bond          Angle    Proper Dih. Ryckaert-Bell.          LJ-14
    1.50947e+03    3.74193e+03    2.53318e+02    1.88534e+03    2.54040e+03
     Coulomb-14        LJ (SR)  Disper. corr.   Coulomb (SR)   Coul. recip.
    7.73576e+03    9.30617e+04   -4.56064e+03   -6.34809e+05    2.92935e+03
      Potential    Kinetic En.   Total Energy  Conserved En.    Temperature
   -5.25712e+05    8.62975e+04   -4.39415e+05   -4.39355e+05    3.01905e+02
 Pres. DC (bar) Pressure (bar)   Constr. rmsd
   -2.25606e+02   -2.48250e+02    3.52295e-06

           Step           Time
         225000      450.00000

   Energies (kJ/mol)
           Bond          Angle    Proper Dih. Ryckaert-Bell.          LJ-14
    1.50398e+03    3.82355e+03    2.46927e+02    1.82591e+03    2.57850e+03
     Coulomb-14        LJ (SR)  Disper. corr.   Coulomb (SR)   Coul. recip.
    7.71588e+03    9.33815e+04   -4.53494e+03   -6.33800e+05    2.96619e+03
      Potential    Kinetic En.   Total Energy  Conserved En.    Temperature
   -5.24293e+05    8.59495e+04   -4.38343e+05   -4.39357e+05    3.00688e+02
 Pres. DC (bar) Pressure (bar)   Constr. rmsd
   -2.23074e+02   -7.72381e+01    3.14288e-06

Writing checkpoint, step 225800 at Tue Jan 21 18:13:39 2025


           Step           Time
         230000      460.00000

   Energies (kJ/mol)
           Bond          Angle    Proper Dih. Ryckaert-Bell.          LJ-14
    1.53201e+03    3.65343e+03    2.77662e+02    1.84457e+03    2.60412e+03
     Coulomb-14        LJ (SR)  Disper. corr.   Coulomb (SR)   Coul. recip.
    7.75496e+03    9.41340e+04   -4.55477e+03   -6.35985e+05    2.87850e+03
      Potential    Kinetic En.   Total Energy  Conserved En.    Temperature
   -5.25860e+05    8.65384e+04   -4.39322e+05   -4.39379e+05    3.02748e+02
 Pres. DC (bar) Pressure (bar)   Constr. rmsd
   -2.25026e+02   -1.14739e+02    3.23089e-06

           Step           Time
         235000      470.00000

   Energies (kJ/mol)
           Bond          Angle    Proper Dih. Ryckaert-Bell.          LJ-14
    1.49717e+03    3.72220e+03    2.68479e+02    1.83251e+03    2.67731e+03
     Coulomb-14        LJ (SR)  Disper. corr.   Coulomb (SR)   Coul. recip.
    7.77685e+03    9.36133e+04   -4.55653e+03   -6.35041e+05    2.93717e+03
      Potential    Kinetic En.   Total Energy  Conserved En.    Temperature
   -5.25272e+05    8.63425e+04   -4.38930e+05   -4.39359e+05    3.02063e+02
 Pres. DC (bar) Pressure (bar)   Constr. rmsd
   -2.25201e+02    2.16247e+01    3.33989e-06

           Step           Time
         240000      480.00000

   Energies (kJ/mol)
           Bond          Angle    Proper Dih. Ryckaert-Bell.          LJ-14
    1.58408e+03    3.73868e+03    2.55354e+02    1.85881e+03    2.54856e+03
     Coulomb-14        LJ (SR)  Disper. corr.   Coulomb (SR)   Coul. recip.
    7.74982e+03    9.43334e+04   -4.56128e+03   -6.35418e+05    2.88858e+03
      Potential    Kinetic En.   Total Energy  Conserved En.    Temperature
   -5.25022e+05    8.57379e+04   -4.39284e+05   -4.39349e+05    2.99948e+02
 Pres. DC (bar) Pressure (bar)   Constr. rmsd
   -2.25670e+02    7.56568e+01    3.36437e-06

           Step           Time
         245000      490.00000

   Energies (kJ/mol)
           Bond          Angle    Proper Dih. Ryckaert-Bell.          LJ-14
    1.41038e+03    3.75314e+03    2.68212e+02    1.85761e+03    2.72035e+03
     Coulomb-14        LJ (SR)  Disper. corr.   Coulomb (SR)   Coul. recip.
    7.91986e+03    9.45541e+04   -4.54571e+03   -6.36455e+05    3.03508e+03
      Potential    Kinetic En.   Total Energy  Conserved En.    Temperature
   -5.25482e+05    8.52160e+04   -4.40266e+05   -4.39338e+05    2.98122e+02
 Pres. DC (bar) Pressure (bar)   Constr. rmsd
   -2.24134e+02    4.08716e+01    2.88141e-06

           Step           Time
         250000      500.00000

   Energies (kJ/mol)
           Bond          Angle    Proper Dih. Ryckaert-Bell.          LJ-14
    1.48951e+03    3.83515e+03    2.66306e+02    1.88990e+03    2.69731e+03
     Coulomb-14        LJ (SR)  Disper. corr.   Coulomb (SR)   Coul. recip.
    7.88305e+03    9.32137e+04   -4.57405e+03   -6.34236e+05    2.85924e+03
      Potential    Kinetic En.   Total Energy  Conserved En.    Temperature
   -5.24676e+05    8.62932e+04   -4.38383e+05   -4.39349e+05    3.01890e+02
 Pres. DC (bar) Pressure (bar)   Constr. rmsd
   -2.26933e+02    7.31747e+01    2.80140e-06

           Step           Time
         255000      510.00000

   Energies (kJ/mol)
           Bond          Angle    Proper Dih. Ryckaert-Bell.          LJ-14
    1.45251e+03    3.85926e+03    2.60517e+02    1.88355e+03    2.64861e+03
     Coulomb-14        LJ (SR)  Disper. corr.   Coulomb (SR)   Coul. recip.
    7.78139e+03    9.38806e+04   -4.55469e+03   -6.35104e+05    2.94413e+03
      Potential    Kinetic En.   Total Energy  Conserved En.    Temperature
   -5.24949e+05    8.53498e+04   -4.39599e+05   -4.39351e+05    2.98590e+02
 Pres. DC (bar) Pressure (bar)   Constr. rmsd
   -2.25019e+02    2.65123e+01    3.13265e-06

           Step           Time
         260000      520.00000

   Energies (kJ/mol)
           Bond          Angle    Proper Dih. Ryckaert-Bell.          LJ-14
    1.49821e+03    3.88605e+03    2.39938e+02    1.75139e+03    2.63512e+03
     Coulomb-14        LJ (SR)  Disper. corr.   Coulomb (SR)   Coul. recip.
    7.78701e+03    9.38288e+04   -4.57047e+03   -6.34182e+05    2.83989e+03
      Potential    Kinetic En.   Total Energy  Conserved En.    Temperature
   -5.24286e+05    8.51656e+04   -4.39121e+05   -4.39350e+05    2.97946e+02
 Pres. DC (bar) Pressure (bar)   Constr. rmsd
   -2.26578e+02    7.76076e+01    3.46887e-06

           Step           Time
         265000      530.00000

   Energies (kJ/mol)
           Bond          Angle    Proper Dih. Ryckaert-Bell.          LJ-14
    1.50980e+03    3.84284e+03    2.46182e+02    1.80647e+03    2.62130e+03
     Coulomb-14        LJ (SR)  Disper. corr.   Coulomb (SR)   Coul. recip.
    7.81877e+03    9.33907e+04   -4.55967e+03   -6.34420e+05    2.91424e+03
      Potential    Kinetic En.   Total Energy  Conserved En.    Temperature
   -5.24830e+05    8.60219e+04   -4.38808e+05   -4.39365e+05    3.00941e+02
 Pres. DC (bar) Pressure (bar)   Constr. rmsd
   -2.25510e+02   -9.06025e+01    2.64543e-06

           Step           Time
         270000      540.00000

   Energies (kJ/mol)
           Bond          Angle    Proper Dih. Ryckaert-Bell.          LJ-14
    1.48182e+03    3.61207e+03    2.60857e+02    1.80336e+03    2.64309e+03
     Coulomb-14        LJ (SR)  Disper. corr.   Coulomb (SR)   Coul. recip.
    7.68535e+03    9.37147e+04   -4.56685e+03   -6.35156e+05    2.94589e+03
      Potential    Kinetic En.   Total Energy  Conserved En.    Temperature
   -5.25576e+05    8.50557e+04   -4.40520e+05   -4.39367e+05    2.97561e+02
 Pres. DC (bar) Pressure (bar)   Constr. rmsd
   -2.26220e+02   -5.87406e+01    3.61459e-06

           Step           Time
         275000      550.00000

   Energies (kJ/mol)
           Bond          Angle    Proper Dih. Ryckaert-Bell.          LJ-14
    1.52942e+03    3.70750e+03    2.26781e+02    1.86729e+03    2.56078e+03
     Coulomb-14        LJ (SR)  Disper. corr.   Coulomb (SR)   Coul. recip.
    7.76202e+03    9.39772e+04   -4.55129e+03   -6.35907e+05    2.88136e+03
      Potential    Kinetic En.   Total Energy  Conserved En.    Temperature
   -5.25946e+05    8.59383e+04   -4.40008e+05   -4.39397e+05    3.00649e+02
 Pres. DC (bar) Pressure (bar)   Constr. rmsd
   -2.24684e+02   -1.65074e+02    2.78938e-06

           Step           Time
         280000      560.00000

   Energies (kJ/mol)
           Bond          Angle    Proper Dih. Ryckaert-Bell.          LJ-14
    1.42241e+03    3.65831e+03    2.56839e+02    1.79954e+03    2.65761e+03
     Coulomb-14        LJ (SR)  Disper. corr.   Coulomb (SR)   Coul. recip.
    7.81741e+03    9.41170e+04   -4.59845e+03   -6.35178e+05    2.92964e+03
      Potential    Kinetic En.   Total Energy  Conserved En.    Temperature
   -5.25117e+05    8.53497e+04   -4.39768e+05   -4.39388e+05    2.98589e+02
 Pres. DC (bar) Pressure (bar)   Constr. rmsd
   -2.29358e+02    2.21074e+02    2.85332e-06

           Step           Time
         285000      570.00000

   Energies (kJ/mol)
           Bond          Angle    Proper Dih. Ryckaert-Bell.          LJ-14
    1.40288e+03    3.64686e+03    2.71872e+02    1.88326e+03    2.64832e+03
     Coulomb-14        LJ (SR)  Disper. corr.   Coulomb (SR)   Coul. recip.
    7.80016e+03    9.23431e+04   -4.54440e+03   -6.32857e+05    2.92014e+03
      Potential    Kinetic En.   Total Energy  Conserved En.    Temperature
   -5.24485e+05    8.56497e+04   -4.38835e+05   -4.39376e+05    2.99639e+02
 Pres. DC (bar) Pressure (bar)   Constr. rmsd
   -2.24004e+02   -2.04479e+02    3.06196e-06

           Step           Time
         290000      580.00000

   Energies (kJ/mol)
           Bond          Angle    Proper Dih. Ryckaert-Bell.          LJ-14
    1.53219e+03    3.78373e+03    2.66183e+02    1.80374e+03    2.63885e+03
     Coulomb-14        LJ (SR)  Disper. corr.   Coulomb (SR)   Coul. recip.
    7.69144e+03    9.30473e+04   -4.54171e+03   -6.34486e+05    2.90887e+03
      Potential    Kinetic En.   Total Energy  Conserved En.    Temperature
   -5.25356e+05    8.51755e+04   -4.40180e+05   -4.39325e+05    2.97980e+02
 Pres. DC (bar) Pressure (bar)   Constr. rmsd
   -2.23740e+02   -2.55028e+02    2.84885e-06

           Step           Time
         295000      590.00000

   Energies (kJ/mol)
           Bond          Angle    Proper Dih. Ryckaert-Bell.          LJ-14
    1.47307e+03    3.72072e+03    2.43532e+02    1.87993e+03    2.62978e+03
     Coulomb-14        LJ (SR)  Disper. corr.   Coulomb (SR)   Coul. recip.
    7.77921e+03    9.41595e+04   -4.57199e+03   -6.35969e+05    2.98616e+03
      Potential    Kinetic En.   Total Energy  Conserved En.    Temperature
   -5.25669e+05    8.54795e+04   -4.40189e+05   -4.39322e+05    2.99044e+02
 Pres. DC (bar) Pressure (bar)   Constr. rmsd
   -2.26729e+02    1.25765e+02    2.56482e-06

           Step           Time
         300000      600.00000

   Energies (kJ/mol)
           Bond          Angle    Proper Dih. Ryckaert-Bell.          LJ-14
    1.43675e+03    3.58518e+03    2.61118e+02    1.79220e+03    2.66747e+03
     Coulomb-14        LJ (SR)  Disper. corr.   Coulomb (SR)   Coul. recip.
    7.80871e+03    9.36682e+04   -4.56541e+03   -6.34671e+05    2.91081e+03
      Potential    Kinetic En.   Total Energy  Conserved En.    Temperature
   -5.25106e+05    8.56591e+04   -4.39447e+05   -4.39355e+05    2.99672e+02
 Pres. DC (bar) Pressure (bar)   Constr. rmsd
   -2.26078e+02    1.09871e+01    2.71221e-06

           Step           Time
         305000      610.00000

   Energies (kJ/mol)
           Bond          Angle    Proper Dih. Ryckaert-Bell.          LJ-14
    1.53472e+03    3.72215e+03    2.51307e+02    1.77350e+03    2.60454e+03
     Coulomb-14        LJ (SR)  Disper. corr.   Coulomb (SR)   Coul. recip.
    7.81868e+03    9.33320e+04   -4.55379e+03   -6.34580e+05    2.95878e+03
      Potential    Kinetic En.   Total Energy  Conserved En.    Temperature
   -5.25139e+05    8.52687e+04   -4.39870e+05   -4.39348e+05    2.98306e+02
 Pres. DC (bar) Pressure (bar)   Constr. rmsd
   -2.24930e+02   -1.93016e+02    2.85178e-06

           Step           Time
         310000      620.00000

   Energies (kJ/mol)
           Bond          Angle    Proper Dih. Ryckaert-Bell.          LJ-14
    1.51819e+03    3.93529e+03    2.65191e+02    1.89202e+03    2.58432e+03
     Coulomb-14        LJ (SR)  Disper. corr.   Coulomb (SR)   Coul. recip.
    7.71842e+03    9.33387e+04   -4.56585e+03   -6.33831e+05    2.89553e+03
      Potential    Kinetic En.   Total Energy  Conserved En.    Temperature
   -5.24249e+05    8.54199e+04   -4.38829e+05   -4.39364e+05    2.98835e+02
 Pres. DC (bar) Pressure (bar)   Constr. rmsd
   -2.26121e+02   -4.84235e+01    2.76148e-06

           Step           Time
         315000      630.00000

   Energies (kJ/mol)
           Bond          Angle    Proper Dih. Ryckaert-Bell.          LJ-14
    1.51983e+03    3.70334e+03    2.32522e+02    1.88413e+03    2.58665e+03
     Coulomb-14        LJ (SR)  Disper. corr.   Coulomb (SR)   Coul. recip.
    7.77186e+03    9.26892e+04   -4.56388e+03   -6.33431e+05    2.94743e+03
      Potential    Kinetic En.   Total Energy  Conserved En.    Temperature
   -5.24660e+05    8.57004e+04   -4.38959e+05   -4.39366e+05    2.99816e+02
 Pres. DC (bar) Pressure (bar)   Constr. rmsd
   -2.25926e+02   -2.37414e+02    2.67267e-06

           Step           Time
         320000      640.00000

   Energies (kJ/mol)
           Bond          Angle    Proper Dih. Ryckaert-Bell.          LJ-14
    1.52372e+03    3.80521e+03    2.40394e+02    1.75015e+03    2.60315e+03
     Coulomb-14        LJ (SR)  Disper. corr.   Coulomb (SR)   Coul. recip.
    7.65641e+03    9.43630e+04   -4.57295e+03   -6.35362e+05    2.88275e+03
      Potential    Kinetic En.   Total Energy  Conserved En.    Temperature
   -5.25110e+05    8.51366e+04   -4.39974e+05   -4.39339e+05    2.97844e+02
 Pres. DC (bar) Pressure (bar)   Constr. rmsd
   -2.26824e+02    1.78843e+02    2.52515e-06

           Step           Time
         325000      650.00000

   Energies (kJ/mol)
           Bond          Angle    Proper Dih. Ryckaert-Bell.          LJ-14
    1.51327e+03    3.75801e+03    2.79931e+02    1.76849e+03    2.68123e+03
     Coulomb-14        LJ (SR)  Disper. corr.   Coulomb (SR)   Coul. recip.
    7.75909e+03    9.46716e+04   -4.54632e+03   -6.35203e+05    2.93206e+03
      Potential    Kinetic En.   Total Energy  Conserved En.    Temperature
   -5.24386e+05    8.68148e+04   -4.37571e+05   -4.39371e+05    3.03715e+02
 Pres. DC (bar) Pressure (bar)   Constr. rmsd
   -2.24193e+02    9.87383e+01    3.20328e-06

           Step           Time
         330000      660.00000

   Energies (kJ/mol)
           Bond          Angle    Proper Dih. Ryckaert-Bell.          LJ-14
    1.55261e+03    3.77655e+03    2.51727e+02    1.77853e+03    2.64293e+03
     Coulomb-14        LJ (SR)  Disper. corr.   Coulomb (SR)   Coul. recip.
    7.79918e+03    9.33769e+04   -4.56331e+03   -6.33706e+05    2.95719e+03
      Potential    Kinetic En.   Total Energy  Conserved En.    Temperature
   -5.24133e+05    8.46042e+04   -4.39529e+05   -4.39335e+05    2.95982e+02
 Pres. DC (bar) Pressure (bar)   Constr. rmsd
   -2.25870e+02    4.84685e+00    2.79673e-06

           Step           Time
         335000      670.00000

   Energies (kJ/mol)
           Bond          Angle    Proper Dih. Ryckaert-Bell.          LJ-14
    1.29709e+03    3.69939e+03    3.07430e+02    1.77770e+03    2.61386e+03
     Coulomb-14        LJ (SR)  Disper. corr.   Coulomb (SR)   Coul. recip.
    7.80263e+03    9.30291e+04   -4.54839e+03   -6.35077e+05    2.87855e+03
      Potential    Kinetic En.   Total Energy  Conserved En.    Temperature
   -5.26219e+05    8.47887e+04   -4.41431e+05   -4.39344e+05    2.96627e+02
 Pres. DC (bar) Pressure (bar)   Constr. rmsd
   -2.24398e+02   -1.79225e+02    2.77301e-06

           Step           Time
         340000      680.00000

   Energies (kJ/mol)
           Bond          Angle    Proper Dih. Ryckaert-Bell.          LJ-14
    1.48657e+03    3.55914e+03    2.40297e+02    1.84837e+03    2.69120e+03
     Coulomb-14        LJ (SR)  Disper. corr.   Coulomb (SR)   Coul. recip.
    7.82870e+03    9.43528e+04   -4.55790e+03   -6.35666e+05    2.98425e+03
      Potential    Kinetic En.   Total Energy  Conserved En.    Temperature
   -5.25232e+05    8.59936e+04   -4.39239e+05   -4.39346e+05    3.00842e+02
 Pres. DC (bar) Pressure (bar)   Constr. rmsd
   -2.25336e+02    7.07082e+01    3.06503e-06

           Step           Time
         345000      690.00000

   Energies (kJ/mol)
           Bond          Angle    Proper Dih. Ryckaert-Bell.          LJ-14
    1.39062e+03    3.76321e+03    2.77737e+02    1.73221e+03    2.63350e+03
     Coulomb-14        LJ (SR)  Disper. corr.   Coulomb (SR)   Coul. recip.
    7.59944e+03    9.31022e+04   -4.55611e+03   -6.33620e+05    2.87816e+03
      Potential    Kinetic En.   Total Energy  Conserved En.    Temperature
   -5.24799e+05    8.54890e+04   -4.39310e+05   -4.39342e+05    2.99077e+02
 Pres. DC (bar) Pressure (bar)   Constr. rmsd
   -2.25159e+02   -4.86019e+01    2.98363e-06

           Step           Time
         350000      700.00000

   Energies (kJ/mol)
           Bond          Angle    Proper Dih. Ryckaert-Bell.          LJ-14
    1.40920e+03    3.68576e+03    2.64653e+02    1.82441e+03    2.68955e+03
     Coulomb-14        LJ (SR)  Disper. corr.   Coulomb (SR)   Coul. recip.
    7.79534e+03    9.34613e+04   -4.54400e+03   -6.34704e+05    2.90658e+03
      Potential    Kinetic En.   Total Energy  Conserved En.    Temperature
   -5.25211e+05    8.57365e+04   -4.39474e+05   -4.39360e+05    2.99943e+02
 Pres. DC (bar) Pressure (bar)   Constr. rmsd
   -2.23965e+02   -9.10255e+01    2.65748e-06

           Step           Time
         355000      710.00000

   Energies (kJ/mol)
           Bond          Angle    Proper Dih. Ryckaert-Bell.          LJ-14
    1.42473e+03    3.70654e+03    2.16548e+02    1.65887e+03    2.74459e+03
     Coulomb-14        LJ (SR)  Disper. corr.   Coulomb (SR)   Coul. recip.
    7.73542e+03    9.34010e+04   -4.54201e+03   -6.34126e+05    2.91252e+03
      Potential    Kinetic En.   Total Energy  Conserved En.    Temperature
   -5.24868e+05    8.64139e+04   -4.38454e+05   -4.39375e+05    3.02312e+02
 Pres. DC (bar) Pressure (bar)   Constr. rmsd
   -2.23769e+02    2.91120e+01    3.09588e-06

           Step           Time
         360000      720.00000

   Energies (kJ/mol)
           Bond          Angle    Proper Dih. Ryckaert-Bell.          LJ-14
    1.44600e+03    3.67066e+03    2.37658e+02    1.78882e+03    2.67243e+03
     Coulomb-14        LJ (SR)  Disper. corr.   Coulomb (SR)   Coul. recip.
    7.75295e+03    9.25734e+04   -4.56532e+03   -6.32729e+05    2.93406e+03
      Potential    Kinetic En.   Total Energy  Conserved En.    Temperature
   -5.24218e+05    8.53621e+04   -4.38856e+05   -4.39374e+05    2.98633e+02
 Pres. DC (bar) Pressure (bar)   Constr. rmsd
   -2.26069e+02   -8.99864e+00    3.09642e-06

           Step           Time
         365000      730.00000

   Energies (kJ/mol)
           Bond          Angle    Proper Dih. Ryckaert-Bell.          LJ-14
    1.35346e+03    3.72524e+03    2.66379e+02    1.72314e+03    2.62490e+03
     Coulomb-14        LJ (SR)  Disper. corr.   Coulomb (SR)   Coul. recip.
    7.73246e+03    9.33095e+04   -4.57122e+03   -6.34311e+05    2.93875e+03
      Potential    Kinetic En.   Total Energy  Conserved En.    Temperature
   -5.25209e+05    8.50706e+04   -4.40138e+05   -4.39386e+05    2.97613e+02
 Pres. DC (bar) Pressure (bar)   Constr. rmsd
   -2.26653e+02   -8.53104e-01    2.87089e-06

           Step           Time
         370000      740.00000

   Energies (kJ/mol)
           Bond          Angle    Proper Dih. Ryckaert-Bell.          LJ-14
    1.47844e+03    3.82113e+03    2.68037e+02    1.72068e+03    2.60913e+03
     Coulomb-14        LJ (SR)  Disper. corr.   Coulomb (SR)   Coul. recip.
    7.75448e+03    9.35500e+04   -4.55103e+03   -6.34676e+05    2.95947e+03
      Potential    Kinetic En.   Total Energy  Conserved En.    Temperature
   -5.25065e+05    8.52781e+04   -4.39787e+05   -4.39390e+05    2.98339e+02
 Pres. DC (bar) Pressure (bar)   Constr. rmsd
   -2.24658e+02   -9.08562e+01    2.64179e-06

           Step           Time
         375000      750.00000

   Energies (kJ/mol)
           Bond          Angle    Proper Dih. Ryckaert-Bell.          LJ-14
    1.50096e+03    3.70937e+03    2.35721e+02    1.82117e+03    2.59425e+03
     Coulomb-14        LJ (SR)  Disper. corr.   Coulomb (SR)   Coul. recip.
    7.78563e+03    9.39600e+04   -4.54690e+03   -6.35500e+05    2.90834e+03
      Potential    Kinetic En.   Total Energy  Conserved En.    Temperature
   -5.25531e+05    8.53342e+04   -4.40197e+05   -4.39379e+05    2.98535e+02
 Pres. DC (bar) Pressure (bar)   Constr. rmsd
   -2.24250e+02   -5.50799e+01    2.74126e-06

           Step           Time
         380000      760.00000

   Energies (kJ/mol)
           Bond          Angle    Proper Dih. Ryckaert-Bell.          LJ-14
    1.53275e+03    3.70179e+03    2.52783e+02    1.68620e+03    2.61252e+03
     Coulomb-14        LJ (SR)  Disper. corr.   Coulomb (SR)   Coul. recip.
    7.73493e+03    9.40126e+04   -4.56556e+03   -6.34706e+05    3.02365e+03
      Potential    Kinetic En.   Total Energy  Conserved En.    Temperature
   -5.24714e+05    8.58726e+04   -4.38842e+05   -4.39395e+05    3.00419e+02
 Pres. DC (bar) Pressure (bar)   Constr. rmsd
   -2.26093e+02    6.65651e+01    2.79623e-06

           Step           Time
         385000      770.00000

   Energies (kJ/mol)
           Bond          Angle    Proper Dih. Ryckaert-Bell.          LJ-14
    1.50367e+03    3.83546e+03    2.39151e+02    1.82389e+03    2.60087e+03
     Coulomb-14        LJ (SR)  Disper. corr.   Coulomb (SR)   Coul. recip.
    7.75904e+03    9.37315e+04   -4.59441e+03   -6.34454e+05    2.83020e+03
      Potential    Kinetic En.   Total Energy  Conserved En.    Temperature
   -5.24724e+05    8.58900e+04   -4.38834e+05   -4.39405e+05    3.00480e+02
 Pres. DC (bar) Pressure (bar)   Constr. rmsd
   -2.28956e+02    1.67880e+01    2.66125e-06

           Step           Time
         390000      780.00000

   Energies (kJ/mol)
           Bond          Angle    Proper Dih. Ryckaert-Bell.          LJ-14
    1.50034e+03    3.62746e+03    2.51200e+02    1.87226e+03    2.64891e+03
     Coulomb-14        LJ (SR)  Disper. corr.   Coulomb (SR)   Coul. recip.
    7.81580e+03    9.42527e+04   -4.55300e+03   -6.35671e+05    2.94830e+03
      Potential    Kinetic En.   Total Energy  Conserved En.    Temperature
   -5.25307e+05    8.53695e+04   -4.39938e+05   -4.39396e+05    2.98659e+02
 Pres. DC (bar) Pressure (bar)   Constr. rmsd
   -2.24852e+02    7.75368e+01    2.79329e-06

           Step           Time
         395000      790.00000

   Energies (kJ/mol)
           Bond          Angle    Proper Dih. Ryckaert-Bell.          LJ-14
    1.44012e+03    3.70629e+03    2.10277e+02    1.70677e+03    2.66940e+03
     Coulomb-14        LJ (SR)  Disper. corr.   Coulomb (SR)   Coul. recip.
    7.76988e+03    9.45775e+04   -4.55329e+03   -6.35727e+05    2.90978e+03
      Potential    Kinetic En.   Total Energy  Conserved En.    Temperature
   -5.25290e+05    8.62734e+04   -4.39017e+05   -4.39419e+05    3.01821e+02
 Pres. DC (bar) Pressure (bar)   Constr. rmsd
   -2.24880e+02    1.42170e+02    2.81699e-06

           Step           Time
         400000      800.00000

   Energies (kJ/mol)
           Bond          Angle    Proper Dih. Ryckaert-Bell.          LJ-14
    1.45118e+03    3.79422e+03    2.66942e+02    1.69384e+03    2.65101e+03
     Coulomb-14        LJ (SR)  Disper. corr.   Coulomb (SR)   Coul. recip.
    7.74917e+03    9.24158e+04   -4.55566e+03   -6.32978e+05    2.96834e+03
      Potential    Kinetic En.   Total Energy  Conserved En.    Temperature
   -5.24543e+05    8.55647e+04   -4.38978e+05   -4.39423e+05    2.99342e+02
 Pres. DC (bar) Pressure (bar)   Constr. rmsd
   -2.25115e+02   -2.17299e+02    3.21156e-06

           Step           Time
         405000      810.00000

   Energies (kJ/mol)
           Bond          Angle    Proper Dih. Ryckaert-Bell.          LJ-14
    1.47106e+03    3.85230e+03    2.54769e+02    1.78983e+03    2.66818e+03
     Coulomb-14        LJ (SR)  Disper. corr.   Coulomb (SR)   Coul. recip.
    7.69251e+03    9.49069e+04   -4.56488e+03   -6.36164e+05    2.98647e+03
      Potential    Kinetic En.   Total Energy  Conserved En.    Temperature
   -5.25107e+05    8.62584e+04   -4.38848e+05   -4.39413e+05    3.01768e+02
 Pres. DC (bar) Pressure (bar)   Constr. rmsd
   -2.26025e+02    1.41835e+02    2.72181e-06

           Step           Time
         410000      820.00000

   Energies (kJ/mol)
           Bond          Angle    Proper Dih. Ryckaert-Bell.          LJ-14
    1.41084e+03    3.71520e+03    2.51556e+02    1.70507e+03    2.70065e+03
     Coulomb-14        LJ (SR)  Disper. corr.   Coulomb (SR)   Coul. recip.
    7.77182e+03    9.44680e+04   -4.57176e+03   -6.37197e+05    2.83897e+03
      Potential    Kinetic En.   Total Energy  Conserved En.    Temperature
   -5.26907e+05    8.60783e+04   -4.40829e+05   -4.39426e+05    3.01139e+02
 Pres. DC (bar) Pressure (bar)   Constr. rmsd
   -2.26707e+02    1.17259e+02    3.24476e-06

           Step           Time
         415000      830.00000

   Energies (kJ/mol)
           Bond          Angle    Proper Dih. Ryckaert-Bell.          LJ-14
    1.47747e+03    3.58253e+03    2.32431e+02    1.62057e+03    2.71572e+03
     Coulomb-14        LJ (SR)  Disper. corr.   Coulomb (SR)   Coul. recip.
    7.77616e+03    9.50346e+04   -4.56598e+03   -6.36109e+05    2.90179e+03
      Potential    Kinetic En.   Total Energy  Conserved En.    Temperature
   -5.25334e+05    8.54597e+04   -4.39874e+05   -4.39434e+05    2.98974e+02
 Pres. DC (bar) Pressure (bar)   Constr. rmsd
   -2.26134e+02    4.26641e+02    2.87782e-06

           Step           Time
         420000      840.00000

   Energies (kJ/mol)
           Bond          Angle    Proper Dih. Ryckaert-Bell.          LJ-14
    1.53506e+03    3.86368e+03    2.47709e+02    1.76284e+03    2.68768e+03
     Coulomb-14        LJ (SR)  Disper. corr.   Coulomb (SR)   Coul. recip.
    7.76411e+03    9.43949e+04   -4.54464e+03   -6.36276e+05    2.86566e+03
      Potential    Kinetic En.   Total Energy  Conserved En.    Temperature
   -5.25699e+05    8.59010e+04   -4.39798e+05   -4.39436e+05    3.00518e+02
 Pres. DC (bar) Pressure (bar)   Constr. rmsd
   -2.24028e+02    4.10698e+01    2.93305e-06

           Step           Time
         425000      850.00000

   Energies (kJ/mol)
           Bond          Angle    Proper Dih. Ryckaert-Bell.          LJ-14
    1.48292e+03    3.66946e+03    2.95582e+02    1.72837e+03    2.67943e+03
     Coulomb-14        LJ (SR)  Disper. corr.   Coulomb (SR)   Coul. recip.
    7.62427e+03    9.52760e+04   -4.57185e+03   -6.36693e+05    2.99276e+03
      Potential    Kinetic En.   Total Energy  Conserved En.    Temperature
   -5.25516e+05    8.60253e+04   -4.39491e+05   -4.39452e+05    3.00953e+02
 Pres. DC (bar) Pressure (bar)   Constr. rmsd
   -2.26716e+02    3.12542e+02    2.68734e-06

           Step           Time
         430000      860.00000

   Energies (kJ/mol)
           Bond          Angle    Proper Dih. Ryckaert-Bell.          LJ-14
    1.42470e+03    3.78905e+03    2.85173e+02    1.79515e+03    2.66919e+03
     Coulomb-14        LJ (SR)  Disper. corr.   Coulomb (SR)   Coul. recip.
    7.77289e+03    9.45406e+04   -4.57712e+03   -6.35038e+05    2.92763e+03
      Potential    Kinetic En.   Total Energy  Conserved En.    Temperature
   -5.24411e+05    8.50778e+04   -4.39333e+05   -4.39457e+05    2.97638e+02
 Pres. DC (bar) Pressure (bar)   Constr. rmsd
   -2.27238e+02    2.80827e+02    3.12716e-06

           Step           Time
         435000      870.00000

   Energies (kJ/mol)
           Bond          Angle    Proper Dih. Ryckaert-Bell.          LJ-14
    1.47745e+03    3.72867e+03    2.69103e+02    1.79034e+03    2.66496e+03
     Coulomb-14        LJ (SR)  Disper. corr.   Coulomb (SR)   Coul. recip.
    7.72650e+03    9.36231e+04   -4.57089e+03   -6.34608e+05    2.95614e+03
      Potential    Kinetic En.   Total Energy  Conserved En.    Temperature
   -5.24943e+05    8.63212e+04   -4.38622e+05   -4.39468e+05    3.01988e+02
 Pres. DC (bar) Pressure (bar)   Constr. rmsd
   -2.26620e+02    2.49385e+01    3.12809e-06

           Step           Time
         440000      880.00000

   Energies (kJ/mol)
           Bond          Angle    Proper Dih. Ryckaert-Bell.          LJ-14
    1.49743e+03    3.60391e+03    2.26798e+02    1.61577e+03    2.69319e+03
     Coulomb-14        LJ (SR)  Disper. corr.   Coulomb (SR)   Coul. recip.
    7.65051e+03    9.28439e+04   -4.55371e+03   -6.33773e+05    3.01753e+03
      Potential    Kinetic En.   Total Energy  Conserved En.    Temperature
   -5.25177e+05    8.53135e+04   -4.39864e+05   -4.39475e+05    2.98463e+02
 Pres. DC (bar) Pressure (bar)   Constr. rmsd
   -2.24922e+02   -2.06554e+02    3.04936e-06

           Step           Time
         445000      890.00000

   Energies (kJ/mol)
           Bond          Angle    Proper Dih. Ryckaert-Bell.          LJ-14
    1.39967e+03    3.97773e+03    2.41579e+02    1.66623e+03    2.68645e+03
     Coulomb-14        LJ (SR)  Disper. corr.   Coulomb (SR)   Coul. recip.
    7.78697e+03    9.40171e+04   -4.57082e+03   -6.34966e+05    2.88381e+03
      Potential    Kinetic En.   Total Energy  Conserved En.    Temperature
   -5.24877e+05    8.60521e+04   -4.38825e+05   -4.39480e+05    3.01047e+02
 Pres. DC (bar) Pressure (bar)   Constr. rmsd
   -2.26613e+02    1.60509e+02    2.61585e-06

           Step           Time
         450000      900.00000

   Energies (kJ/mol)
           Bond          Angle    Proper Dih. Ryckaert-Bell.          LJ-14
    1.44852e+03    3.64423e+03    2.35637e+02    1.69326e+03    2.55228e+03
     Coulomb-14        LJ (SR)  Disper. corr.   Coulomb (SR)   Coul. recip.
    7.53502e+03    9.31515e+04   -4.54352e+03   -6.34539e+05    2.94369e+03
      Potential    Kinetic En.   Total Energy  Conserved En.    Temperature
   -5.25878e+05    8.51625e+04   -4.40716e+05   -4.39507e+05    2.97935e+02
 Pres. DC (bar) Pressure (bar)   Constr. rmsd
   -2.23918e+02   -1.47177e+02    2.67324e-06

Writing checkpoint, step 450900 at Tue Jan 21 18:28:39 2025


           Step           Time
         455000      910.00000

   Energies (kJ/mol)
           Bond          Angle    Proper Dih. Ryckaert-Bell.          LJ-14
    1.37864e+03    3.72354e+03    2.08546e+02    1.69102e+03    2.72815e+03
     Coulomb-14        LJ (SR)  Disper. corr.   Coulomb (SR)   Coul. recip.
    7.71044e+03    9.35311e+04   -4.53803e+03   -6.35775e+05    2.88915e+03
      Potential    Kinetic En.   Total Energy  Conserved En.    Temperature
   -5.26452e+05    8.58038e+04   -4.40648e+05   -4.39512e+05    3.00178e+02
 Pres. DC (bar) Pressure (bar)   Constr. rmsd
   -2.23378e+02   -2.01115e+02    2.98987e-06

           Step           Time
         460000      920.00000

   Energies (kJ/mol)
           Bond          Angle    Proper Dih. Ryckaert-Bell.          LJ-14
    1.42984e+03    3.63179e+03    2.58471e+02    1.64564e+03    2.69374e+03
     Coulomb-14        LJ (SR)  Disper. corr.   Coulomb (SR)   Coul. recip.
    7.71389e+03    9.45287e+04   -4.56546e+03   -6.35258e+05    2.87907e+03
      Potential    Kinetic En.   Total Energy  Conserved En.    Temperature
   -5.25043e+05    8.55337e+04   -4.39509e+05   -4.39503e+05    2.99233e+02
 Pres. DC (bar) Pressure (bar)   Constr. rmsd
   -2.26083e+02    2.27164e+02    2.89732e-06

           Step           Time
         465000      930.00000

   Energies (kJ/mol)
           Bond          Angle    Proper Dih. Ryckaert-Bell.          LJ-14
    1.37254e+03    3.57861e+03    2.26303e+02    1.72597e+03    2.71373e+03
     Coulomb-14        LJ (SR)  Disper. corr.   Coulomb (SR)   Coul. recip.
    7.76022e+03    9.29218e+04   -4.55516e+03   -6.34324e+05    2.91292e+03
      Potential    Kinetic En.   Total Energy  Conserved En.    Temperature
   -5.25667e+05    8.55616e+04   -4.40106e+05   -4.39501e+05    2.99331e+02
 Pres. DC (bar) Pressure (bar)   Constr. rmsd
   -2.25066e+02   -7.17621e+01    2.94514e-06

           Step           Time
         470000      940.00000

   Energies (kJ/mol)
           Bond          Angle    Proper Dih. Ryckaert-Bell.          LJ-14
    1.53939e+03    3.76205e+03    2.84575e+02    1.69470e+03    2.62485e+03
     Coulomb-14        LJ (SR)  Disper. corr.   Coulomb (SR)   Coul. recip.
    7.66158e+03    9.39722e+04   -4.56763e+03   -6.34863e+05    2.88498e+03
      Potential    Kinetic En.   Total Energy  Conserved En.    Temperature
   -5.25007e+05    8.51291e+04   -4.39878e+05   -4.39497e+05    2.97818e+02
 Pres. DC (bar) Pressure (bar)   Constr. rmsd
   -2.26297e+02   -1.06011e+01    2.93100e-06

           Step           Time
         475000      950.00000

   Energies (kJ/mol)
           Bond          Angle    Proper Dih. Ryckaert-Bell.          LJ-14
    1.45119e+03    3.72131e+03    2.52995e+02    1.71937e+03    2.69014e+03
     Coulomb-14        LJ (SR)  Disper. corr.   Coulomb (SR)   Coul. recip.
    7.69238e+03    9.48890e+04   -4.56301e+03   -6.37304e+05    2.86501e+03
      Potential    Kinetic En.   Total Energy  Conserved En.    Temperature
   -5.26586e+05    8.59879e+04   -4.40598e+05   -4.39497e+05    3.00822e+02
 Pres. DC (bar) Pressure (bar)   Constr. rmsd
   -2.25840e+02    9.43795e+01    2.96703e-06

           Step           Time
         480000      960.00000

   Energies (kJ/mol)
           Bond          Angle    Proper Dih. Ryckaert-Bell.          LJ-14
    1.45607e+03    3.54043e+03    2.53798e+02    1.72233e+03    2.69924e+03
     Coulomb-14        LJ (SR)  Disper. corr.   Coulomb (SR)   Coul. recip.
    7.68540e+03    9.41600e+04   -4.55867e+03   -6.34967e+05    2.95156e+03
      Potential    Kinetic En.   Total Energy  Conserved En.    Temperature
   -5.25057e+05    8.50904e+04   -4.39967e+05   -4.39506e+05    2.97682e+02
 Pres. DC (bar) Pressure (bar)   Constr. rmsd
   -2.25412e+02    4.86488e+01    2.86950e-06

           Step           Time
         485000      970.00000

   Energies (kJ/mol)
           Bond          Angle    Proper Dih. Ryckaert-Bell.          LJ-14
    1.36073e+03    3.77158e+03    2.86421e+02    1.78911e+03    2.64202e+03
     Coulomb-14        LJ (SR)  Disper. corr.   Coulomb (SR)   Coul. recip.
    7.71205e+03    9.24419e+04   -4.54686e+03   -6.33076e+05    2.94363e+03
      Potential    Kinetic En.   Total Energy  Conserved En.    Temperature
   -5.24675e+05    8.64831e+04   -4.38192e+05   -4.39528e+05    3.02555e+02
 Pres. DC (bar) Pressure (bar)   Constr. rmsd
   -2.24247e+02   -2.23528e+02    2.90323e-06

           Step           Time
         490000      980.00000

   Energies (kJ/mol)
           Bond          Angle    Proper Dih. Ryckaert-Bell.          LJ-14
    1.52388e+03    3.82946e+03    2.66461e+02    1.71501e+03    2.56670e+03
     Coulomb-14        LJ (SR)  Disper. corr.   Coulomb (SR)   Coul. recip.
    7.77261e+03    9.35712e+04   -4.54465e+03   -6.33683e+05    2.90183e+03
      Potential    Kinetic En.   Total Energy  Conserved En.    Temperature
   -5.24081e+05    8.57642e+04   -4.38317e+05   -4.39496e+05    3.00040e+02
 Pres. DC (bar) Pressure (bar)   Constr. rmsd
   -2.24029e+02   -6.09539e+01    2.56842e-06

           Step           Time
         495000      990.00000

   Energies (kJ/mol)
           Bond          Angle    Proper Dih. Ryckaert-Bell.          LJ-14
    1.44383e+03    3.68136e+03    2.39978e+02    1.75198e+03    2.65417e+03
     Coulomb-14        LJ (SR)  Disper. corr.   Coulomb (SR)   Coul. recip.
    7.68559e+03    9.30599e+04   -4.53963e+03   -6.33456e+05    2.91226e+03
      Potential    Kinetic En.   Total Energy  Conserved En.    Temperature
   -5.24566e+05    8.51206e+04   -4.39446e+05   -4.39519e+05    2.97788e+02
 Pres. DC (bar) Pressure (bar)   Constr. rmsd
   -2.23535e+02   -1.14246e+02    2.83765e-06

           Step           Time
         500000     1000.00000

Writing checkpoint, step 500000 at Tue Jan 21 18:31:58 2025


   Energies (kJ/mol)
           Bond          Angle    Proper Dih. Ryckaert-Bell.          LJ-14
    1.52587e+03    3.76964e+03    2.92452e+02    1.72095e+03    2.64196e+03
     Coulomb-14        LJ (SR)  Disper. corr.   Coulomb (SR)   Coul. recip.
    7.69670e+03    9.33894e+04   -4.54777e+03   -6.34135e+05    2.93322e+03
      Potential    Kinetic En.   Total Energy  Conserved En.    Temperature
   -5.24712e+05    8.58985e+04   -4.38814e+05   -4.39531e+05    3.00509e+02
 Pres. DC (bar) Pressure (bar)   Constr. rmsd
   -2.24337e+02   -9.82493e+01    3.07205e-06


	<======  ###############  ==>
	<====  A V E R A G E S  ====>
	<==  ###############  ======>

	Statistics over 500001 steps using 5001 frames

   Energies (kJ/mol)
           Bond          Angle    Proper Dih. Ryckaert-Bell.          LJ-14
    1.47100e+03    3.75354e+03    2.49807e+02    1.79457e+03    2.65628e+03
     Coulomb-14        LJ (SR)  Disper. corr.   Coulomb (SR)   Coul. recip.
    7.77192e+03    9.36604e+04   -4.55818e+03   -6.34705e+05    2.92881e+03
      Potential    Kinetic En.   Total Energy  Conserved En.    Temperature
   -5.24977e+05    8.57421e+04   -4.39235e+05   -4.39372e+05    2.99962e+02
 Pres. DC (bar) Pressure (bar)   Constr. rmsd
   -2.25365e+02    4.25483e-01    0.00000e+00

          Box-X          Box-Y          Box-Z
    6.95384e+00    6.95384e+00    6.95384e+00

   Total Virial (kJ/mol)
    2.85820e+04    2.40683e+01    2.15916e+01
    2.42047e+01    2.86039e+04   -2.30035e+01
    2.15111e+01   -2.31716e+01    2.85481e+04

   Pressure (bar)
    5.30286e-01   -2.64661e+00   -1.60364e+00
   -2.66005e+00   -1.69039e+00    1.05446e+00
   -1.59562e+00    1.07110e+00    2.43655e+00

      T-Protein  T-non-Protein
    3.00068e+02    2.99954e+02


	M E G A - F L O P S   A C C O U N T I N G

 NB=Group-cutoff nonbonded kernels    NxN=N-by-N cluster Verlet kernels
 RF=Reaction-Field  VdW=Van der Waals  QSTab=quadratic-spline table
 W3=SPC/TIP3p  W4=TIP4p (single or pairs)
 V&F=Potential and force  V=Potential only  F=Force only

 Computing:                               M-Number         M-Flops  % Flops
-----------------------------------------------------------------------------
 Pair Search distance check           16226.962032      146042.658     0.0
 NxN Ewald Elec. + LJ [F]          16548199.208640  1092181147.770    98.1
 NxN Ewald Elec. + LJ [V&F]          167186.946880    17889003.316     1.6
 1,4 nonbonded interactions            2553.005106      229770.460     0.0
 Shift-X                                169.413876        1016.483     0.0
 Bonds                                  512.501025       30237.560     0.0
 Angles                                1773.503547      297948.596     0.0
 Propers                                213.000426       48777.098     0.0
 RB-Dihedrals                          1975.003950      487825.976     0.0
 Virial                                1696.083921       30529.511     0.0
 Stop-CM                                169.413876        1694.139     0.0
 Calc-Ekin                             3387.667752       91467.029     0.0
 Lincs                                  479.500959       28770.058     0.0
 Lincs-Mat                             2388.004776        9552.019     0.0
 Constraint-V                         16913.033826      135304.271     0.0
 Constraint-Vir                        1643.382867       39441.189     0.0
 Settle                                5318.010636     1717717.435     0.2
-----------------------------------------------------------------------------
 Total                                              1113366245.567   100.0
-----------------------------------------------------------------------------


     R E A L   C Y C L E   A N D   T I M E   A C C O U N T I N G

On 1 MPI rank, each using 8 OpenMP threads

 Computing:          Num   Num      Call    Wall time         Giga-Cycles
                     Ranks Threads  Count      (s)         total sum    %
-----------------------------------------------------------------------------
 Neighbor search        1    8       5001      30.916        569.827   1.5
 Launch GPU ops.        1    8     500001     239.040       4405.843  12.0
 Force                  1    8     500001      97.867       1803.820   4.9
 Wait PME GPU gather    1    8     500001     138.463       2552.063   6.9
 Reduce GPU PME F       1    8     500001      28.829        531.362   1.4
 Wait GPU NB local                            147.814       2724.424   7.4
 NB X/F buffer ops.     1    8     995001      71.361       1315.288   3.6
 Write traj.            1    8        103       0.614         11.313   0.0
 Update                 1    8     500001      53.726        990.237   2.7
 Constraints            1    8     500001      77.610       1430.452   3.9
 Rest                                        1112.760      20509.725  55.7
-----------------------------------------------------------------------------
 Total                                       1999.000      36844.354 100.0
-----------------------------------------------------------------------------

               Core t (s)   Wall t (s)        (%)
       Time:    15992.000     1999.000      800.0
                         33:19
                 (ns/day)    (hour/ns)
Performance:       43.222        0.555
Finished mdrun on rank 0 Tue Jan 21 18:31:58 2025

